Erfan created PID: 12566 
PID 12566 created child for Store1 PID:15159
PID 12566 created child for Store2 PID:15160
PID 15159 created child for Apparel PID: 15161
PID 12566 created child for Store3 PID:15163
PID 15159 created child for Beauty PID: 15162
PID 15160 created child for Apparel PID: 15164
PID 15161 created thread for  TID: 15167
PID 15159 created child for Digital PID: 15165
PID 15162 created thread for  TID: 15170
PID 15164 created thread for  TID: 15173
PID 15161 created thread for  TID: 15174
PID 15162 created thread for  TID: 15177
PID 15161 created thread for  TID: 15179
PID 15162 created thread for  TID: 15184
PID 15165 created thread for  TID: 15182
PID 15161 created thread for  TID: 15186
PID 15160 created child for Home PID: 15176
PID 15161 created thread for  TID: 15191
PID 15159 created child for Toys PID: 15187
PID 15161 created thread for  TID: 15195
PID 15159 created child for Sports PID: 15181
PID 15160 created child for Beauty PID: 15166
PID 15162 created thread for  TID: 15188
PID 15160 created child for Sports PID: 15189
PID 15176 created thread for  TID: 15196
PID 15160 created child for Food PID: 15172
PID 15162 created thread for  TID: 15199
PID 15163 created child for Food PID: 15194
PID 15159 created child for Home PID: 15171
PID 15187 created thread for  TID: 15197
PID 15161 created thread for  TID: 15198
PID 15160 created child for Digital PID: 15169
PID 15176 created thread for  TID: 15201
PID 15165 created thread for  TID: 15192
PID 15181 created thread for  TID: 15200
PID 15159 created child for Food PID: 15168
PID 15166 created thread for  TID: 15202
PID 15161 created thread for  TID: 15204
PID 15172 created thread for  TID: 15203
PID 15176 created thread for  TID: 15208
PID 15165 created thread for  TID: 15209
PID 15163 created child for Market PID: 15211
PID 15172 created thread for  TID: 15215
PID 15165 created thread for  TID: 15220
PID 15163 created child for Home PID: 15207
PID 15163 created child for Sports PID: 15212
PID 15165 created thread for  TID: 15223
PID 15161 created thread for  TID: 15213
PID 15189 created thread for  TID: 15221
PID 15159 created child for Market PID: 15175
PID 15164 created thread for  TID: 15180
PID 15168 created thread for  TID: 15216
PID 15207 created thread for  TID: 15226
PID 15169 created thread for  TID: 15210
PID 15194 created thread for  TID: 15205
PID 15172 created thread for  TID: 15224
PID 15211 created thread for  TID: 15225
PID 15169 created thread for  TID: 15232
PID 15171 created thread for  TID: 15206
PID 15194 created thread for  TID: 15234
PID 15163 created child for Beauty PID: 15185
PID 15187 created thread for  TID: 15222
PID 15172 created thread for  TID: 15235
PID 15168 created thread for  TID: 15231
PID 15189 created thread for  TID: 15229
PID 15169 created thread for  TID: 15237
PID 15172 created thread for  TID: 15242
PID 15171 created thread for  TID: 15239
PID 15212 created thread for  TID: 15236
PID 15189 created thread for  TID: 15244
PID 15169 created thread for  TID: 15245
PID 15172 created thread for  TID: 15247
PID 15194 created thread for  TID: 15240
PID 15211 created thread for  TID: 15238
PID 15171 created thread for  TID: 15246
PID 15169 created thread for  TID: 15251
PID 15163 created child for Apparel PID: 15178
PID 15185 created thread for  TID: 15248
PID 15194 created thread for  TID: 15252
PID 15187 created thread for  TID: 15253
PID 15169 created thread for  TID: 15257
PID 15168 created thread for  TID: 15243
PID 15189 created thread for  TID: 15249
PID 15212 created thread for  TID: 15250
PID 15194 created thread for  TID: 15258
PID 15171 created thread for  TID: 15256
PID 15169 created thread for  TID: 15261
PID 15211 created thread for  TID: 15255
PID 15185 created thread for  TID: 15260
PID 15194 created thread for  TID: 15265
PID 15207 created thread for  TID: 15241
PID 15168 created thread for  TID: 15259
PID 15187 created thread for  TID: 15263
PID 15212 created thread for  TID: 15264
PID 15169 created thread for  TID: 15269
PID 15178 created thread for  TID: 15267
PID 15185 created thread for  TID: 15270
PID 15189 created thread for  TID: 15262
PID 15211 created thread for  TID: 15268
PID 15194 created thread for  TID: 15271
PID 15172 created thread for  TID: 15254
PID 15171 created thread for  TID: 15266
PID 15169 created thread for  TID: 15273
PID 15168 created thread for  TID: 15272
PID 15212 created thread for  TID: 15279
PID 15194 created thread for  TID: 15277
PID 15178 created thread for  TID: 15278
PID 15175 created thread for  TID: 15233
PID 15185 created thread for  TID: 15275
PID 15211 created thread for  TID: 15274
PID 15172 created thread for  TID: 15280
PID 15169 created thread for  TID: 15282
PID 15189 created thread for  TID: 15276
PID 15207 created thread for  TID: 15281
PID 15185 created thread for  TID: 15289
PID 15168 created thread for  TID: 15284
PID 15175 created thread for  TID: 15292
PID 15172 created thread for  TID: 15291
PID 15212 created thread for  TID: 15285
PID 15189 created thread for  TID: 15294
PID 15211 created thread for  TID: 15290
PID 15171 created thread for  TID: 15286
PID 15194 created thread for  TID: 15287
PID 15178 created thread for  TID: 15288
PID 15185 created thread for  TID: 15296
PID 15168 created thread for  TID: 15297
PID 15169 created thread for  TID: 15293
PID 15175 created thread for  TID: 15299
PID 15212 created thread for  TID: 15300
PID 15163 created child for Digital PID: 15190
PID 15194 created thread for  TID: 15306
PID 15207 created thread for  TID: 15295
PID 15185 created thread for  TID: 15304
PID 15211 created thread for  TID: 15302
PID 15189 created thread for  TID: 15301
PID 15212 created thread for  TID: 15310
PID 15194 created thread for  TID: 15311
PID 15171 created thread for  TID: 15305
PID 15189 created thread for  TID: 15316
PID 15178 created thread for  TID: 15303
PID 15190 created thread for  TID: 15314
PID 15185 created thread for  TID: 15315
PID 15171 created thread for  TID: 15319
PID 15212 created thread for  TID: 15317
PID 15160 created child for Toys PID: 15193
PID 15172 created thread for  TID: 15298
PID 15190 created thread for  TID: 15322
PID 15185 created thread for  TID: 15323
PID 15207 created thread for  TID: 15312
PID 15175 created thread for  TID: 15308
PID 15168 created thread for  TID: 15307
PID 15169 created thread for  TID: 15309
PID 15189 created thread for  TID: 15320
PID 15194 created thread for  TID: 15318
PID 15160 created child for Market PID: 15183
PID 15178 created thread for  TID: 15321
PID 15211 created thread for  TID: 15313
PID 15168 created thread for  TID: 15333
PID 15189 created thread for  TID: 15334
PID 15169 created thread for  TID: 15332
PID 15212 created thread for  TID: 15325
PID 15194 created thread for  TID: 15335
PID 15172 created thread for  TID: 15326
PID 15185 created thread for  TID: 15327
PID 15189 created thread for  TID: 15339
PID 15171 created thread for  TID: 15324
PID 15212 created thread for  TID: 15342
PID 15207 created thread for  TID: 15329
PID 15172 created thread for  TID: 15345
PID 15181 created thread for  TID: 15218
PID 15194 created thread for  TID: 15343
PID 15169 created thread for  TID: 15341
PID 15175 created thread for  TID: 15330
PID 15178 created thread for  TID: 15336
PID 15175 created thread for  TID: 15352
PID 15211 created thread for  TID: 15337
PID 15193 created thread for  TID: 15331
PID 15178 created thread for  TID: 15353
PID 15181 created thread for  TID: 15350
PID 15168 created thread for  TID: 15338
PID 15183 created thread for  TID: 15340
PID 15171 created thread for  TID: 15347
PID 15211 created thread for  TID: 15357
PID 15169 created thread for  TID: 15351
PID 15189 created thread for  TID: 15346
PID 15212 created thread for  TID: 15348
PID 15172 created thread for  TID: 15349
PID 15169 created thread for  TID: 15364
PID 15175 created thread for  TID: 15356
PID 15211 created thread for  TID: 15363
PID 15194 created thread for  TID: 15354
PID 15181 created thread for  TID: 15360
PID 15171 created thread for  TID: 15362
PID 15185 created thread for  TID: 15344
PID 15193 created thread for  TID: 15359
PID 15211 created thread for  TID: 15370
PID 15181 created thread for  TID: 15372
PID 15168 created thread for  TID: 15361
PID 15207 created thread for  TID: 15355
PID 15187 created thread for  TID: 15283
PID 15193 created thread for  TID: 15376
PID 15175 created thread for  TID: 15369
PID 15212 created thread for  TID: 15366
PID 15185 created thread for  TID: 15375
PID 15171 created thread for  TID: 15374
PID 15183 created thread for  TID: 15368
PID 15165 created thread for  TID: 15227
PID 15161 created thread for  TID: 15228
PID 15211 created thread for  TID: 15377
PID 15172 created thread for  TID: 15367
PID 15207 created thread for  TID: 15381
PID 15171 created thread for  TID: 15385
PID 15187 created thread for  TID: 15383
PID 15168 created thread for  TID: 15378
PID 15181 created thread for  TID: 15379
PID 15175 created thread for  TID: 15382
PID 15193 created thread for  TID: 15380
PID 15172 created thread for  TID: 15391
PID 15212 created thread for  TID: 15384
PID 15187 created thread for  TID: 15393
PID 15161 created thread for  TID: 15390
PID 15181 created thread for  TID: 15398
PID 15171 created thread for  TID: 15392
PID 15185 created thread for  TID: 15388
PID 15168 created thread for  TID: 15395
PID 15211 created thread for  TID: 15389
PID 15175 created thread for  TID: 15396
PID 15183 created thread for  TID: 15387
PID 15212 created thread for  TID: 15399
PID 15207 created thread for  TID: 15394
PID 15168 created thread for  TID: 15405
PID 15193 created thread for  TID: 15397
PID 15171 created thread for  TID: 15404
PID 15172 created thread for  TID: 15406
PID 15165 created thread for  TID: 15386
PID 15181 created thread for  TID: 15402
PID 15164 created thread for  TID: 15230
PID 15187 created thread for  TID: 15400
PID 15175 created thread for  TID: 15408
PID 15212 created thread for  TID: 15409
PID 15207 created thread for  TID: 15410
PID 15161 created thread for  TID: 15401
PID 15193 created thread for  TID: 15416
PID 15183 created thread for  TID: 15411
PID 15172 created thread for  TID: 15413
PID 15168 created thread for  TID: 15412
PID 15207 created thread for  TID: 15422
PID 15187 created thread for  TID: 15420
PID 15164 created thread for  TID: 15414
PID 15190 created thread for  TID: 15328
PID 15181 created thread for  TID: 15418
PID 15175 created thread for  TID: 15419
PID 15212 created thread for  TID: 15421
PID 15171 created thread for  TID: 15415
PID 15183 created thread for  TID: 15426
PID 15181 created thread for  TID: 15432
PID 15164 created thread for  TID: 15429
PID 15161 created thread for  TID: 15423
PID 15207 created thread for  TID: 15428
PID 15187 created thread for  TID: 15430
PID 15183 created thread for  TID: 15437
PID 15212 created thread for  TID: 15434
PID 15175 created thread for  TID: 15433
PID 15172 created thread for  TID: 15425
PID 15168 created thread for  TID: 15427
PID 15162 created thread for  TID: 15435
PID 15166 created thread for  TID: 15214
PID 15172 created thread for  TID: 15442
PID 15212 created thread for  TID: 15444
PID 15190 created thread for  TID: 15431
PID 15187 created thread for  TID: 15446
PID 15175 created thread for  TID: 15443
PID 15163 created child for Toys PID: 15217
PID 15171 created thread for  TID: 15436
PID 15207 created thread for  TID: 15440
PID 15168 created thread for  TID: 15447
PID 15166 created thread for  TID: 15448
PID 15183 created thread for  TID: 15445
PID 15161 created thread for  TID: 15441
PID 15175 created thread for  TID: 15453
PID 15187 created thread for  TID: 15456
PID 15171 created thread for  TID: 15454
PID 15162 created thread for  TID: 15449
PID 15166 created thread for  TID: 15458
PID 15172 created thread for  TID: 15450
PID 15168 created thread for  TID: 15457
PID 15162 created thread for  TID: 15464
PID 15175 created thread for  TID: 15466
PID 15183 created thread for  TID: 15459
PID 15212 created thread for  TID: 15451
PID 15217 created thread for  TID: 15460
PID 15190 created thread for  TID: 15452
PID 15171 created thread for  TID: 15463
PID 15187 created thread for  TID: 15462
PID 15190 created thread for  TID: 15472
PID 15175 created thread for  TID: 15473
PID 15166 created thread for  TID: 15467
PID 15172 created thread for  TID: 15465
PID 15168 created thread for  TID: 15468
PID 15217 created thread for  TID: 15474
PID 15161 created thread for  TID: 15461
PID 15212 created thread for  TID: 15471
PID 15178 created thread for  TID: 15358
PID 15175 created thread for  TID: 15477
PID 15162 created thread for  TID: 15469
PID 15187 created thread for  TID: 15476
PID 15189 created thread for  TID: 15365
PID 15172 created thread for  TID: 15480
PID 15190 created thread for  TID: 15478
PID 15178 created thread for  TID: 15485
PID 15183 created thread for  TID: 15470
PID 15162 created thread for  TID: 15486
PID 15185 created thread for  TID: 15403
PID 15175 created thread for  TID: 15487
PID 15171 created thread for  TID: 15475
PID 15187 created thread for  TID: 15488
PID 15172 created thread for  TID: 15492
PID 15166 created thread for  TID: 15479
PID 15183 created thread for  TID: 15493
PID 15168 created thread for  TID: 15481
PID 15211 created thread for  TID: 15407
PID 15175 created thread for  TID: 15495
PID 15193 created thread for  TID: 15424
PID 15189 created thread for  TID: 15491
PID 15171 created thread for  TID: 15496
PID 15178 created thread for  TID: 15489
PID 15166 created thread for  TID: 15499
PID 15168 created thread for  TID: 15502
PID 15164 created thread for  TID: 15438
PID 15162 created thread for  TID: 15494
PID 15212 created thread for  TID: 15484
PID 15190 created thread for  TID: 15490
PID 15168 created thread for  TID: 15509
PID 15175 created thread for  TID: 15506
PID 15172 created thread for  TID: 15498
PID 15189 created thread for  TID: 15505
PID 15166 created thread for  TID: 15508
PID 15190 created thread for  TID: 15514
PID 15178 created thread for  TID: 15507
PID 15183 created thread for  TID: 15501
PID 15211 created thread for  TID: 15503
PID 15185 created thread for  TID: 15500
PID 15168 created thread for  TID: 15517
PID 15189 created thread for  TID: 15518
PID 15183 created thread for  TID: 15521
PID 15162 created thread for  TID: 15513
PID 15178 created thread for  TID: 15520
PID 15172 created thread for  TID: 15516
PID 15168 created thread for  TID: 15525
PID 15193 created thread for  TID: 15504
PID 15211 created thread for  TID: 15523
PID 15185 created thread for  TID: 15524
PID 15166 created thread for  TID: 15522
PID 15162 created thread for  TID: 15529
PID 15168 created thread for  TID: 15531
PID 15193 created thread for  TID: 15532
PID 15212 created thread for  TID: 15512
PID 15172 created thread for  TID: 15530
PID 15165 created thread for  TID: 15417
PID 15185 created thread for  TID: 15535
PID 15175 created thread for  TID: 15515
PID 15211 created thread for  TID: 15533
PID 15166 created thread for  TID: 15534
PID 15193 created thread for  TID: 15538
PID 15162 created thread for  TID: 15536
PID 15183 created thread for  TID: 15526
PID 15189 created thread for  TID: 15527
PID 15166 created thread for  TID: 15544
PID 15212 created thread for  TID: 15539
PID 15185 created thread for  TID: 15542
PID 15178 created thread for  TID: 15528
PID 15172 created thread for  TID: 15540
PID 15168 created thread for  TID: 15537
PID 15162 created thread for  TID: 15547
PID 15183 created thread for  TID: 15548
PID 15189 created thread for  TID: 15549
PID 15165 created thread for  TID: 15541
PID 15178 created thread for  TID: 15552
PID 15193 created thread for  TID: 15546
PID 15162 created thread for  TID: 15555
PID 15175 created thread for  TID: 15543
PID 15172 created thread for  TID: 15554
PID 15189 created thread for  TID: 15558
PID 15178 created thread for  TID: 15559
PID 15193 created thread for  TID: 15560
PID 15168 created thread for  TID: 15556
PID 15166 created thread for  TID: 15550
PID 15172 created thread for  TID: 15561
PID 15165 created thread for  TID: 15564
PID 15189 created thread for  TID: 15566
PID 15193 created thread for  TID: 15567
PID 15183 created thread for  TID: 15557
PID 15175 created thread for  TID: 15562
PID 15185 created thread for  TID: 15553
PID 15189 created thread for  TID: 15572
PID 15211 created thread for  TID: 15545
PID 15178 created thread for  TID: 15565
PID 15183 created thread for  TID: 15574
PID 15193 created thread for  TID: 15573
PID 15175 created thread for  TID: 15575
PID 15189 created thread for  TID: 15578
PID 15185 created thread for  TID: 15576
PID 15168 created thread for  TID: 15568
PID 15211 created thread for  TID: 15577
PID 15172 created thread for  TID: 15570
PID 15178 created thread for  TID: 15580
PID 15189 created thread for  TID: 15583
PID 15175 created thread for  TID: 15584
PID 15183 created thread for  TID: 15579
PID 15165 created thread for  TID: 15571
PID 15168 created thread for  TID: 15585
PID 15172 created thread for  TID: 15587
PID 15211 created thread for  TID: 15586
PID 15178 created thread for  TID: 15588
PID 15187 created thread for  TID: 15497
PID 15193 created thread for  TID: 15581
PID 15166 created thread for  TID: 15569
PID 15189 created thread for  TID: 15589
PID 15165 created thread for  TID: 15592
PID 15185 created thread for  TID: 15582
PID 15183 created thread for  TID: 15591
PID 15181 created thread for  TID: 15439
PID 15172 created thread for  TID: 15593
PID 15165 created thread for  TID: 15599
PID 15193 created thread for  TID: 15595
PID 15161 created thread for  TID: 15483
PID 15187 created thread for  TID: 15596
PID 15166 created thread for  TID: 15597
PID 15175 created thread for  TID: 15590
PID 15189 created thread for  TID: 15598
PID 15161 created thread for  TID: 15606
PID 15176 created thread for  TID: 15219
PID 15172 created thread for  TID: 15603
PID 15166 created thread for  TID: 15609
PID 15193 created thread for  TID: 15605
PID 15176 created thread for  TID: 15613
PID 15211 created thread for  TID: 15612
PID 15183 created thread for  TID: 15600
PID 15166 created thread for  TID: 15616
PID 15185 created thread for  TID: 15601
PID 15165 created thread for  TID: 15604
PID 15175 created thread for  TID: 15610
PID 15176 created thread for  TID: 15617
PID 15193 created thread for  TID: 15618
PID 15185 created thread for  TID: 15621
PID 15172 created thread for  TID: 15615
PID 15175 created thread for  TID: 15622
PID 15187 created thread for  TID: 15607
PID 15166 created thread for  TID: 15620
PID 15161 created thread for  TID: 15614
PID 15211 created thread for  TID: 15619
PID 15171 created thread for  TID: 15511
PID 15183 created thread for  TID: 15625
PID 15185 created thread for  TID: 15624
PID 15207 created thread for  TID: 15455
PID 15172 created thread for  TID: 15628
PID 15178 created thread for  TID: 15608
PID 15164 created thread for  TID: 15510
PID 15207 created thread for  TID: 15636
PID 15185 created thread for  TID: 15634
PID 15194 created thread for  TID: 15371
PID 15172 created thread for  TID: 15635
PID 15189 created thread for  TID: 15611
PID 15190 created thread for  TID: 15519
PID 15193 created thread for  TID: 15623
PID 15169 created thread for  TID: 15373
PID 15171 created thread for  TID: 15637
PID 15212 created thread for  TID: 15551
PID 15183 created thread for  TID: 15633
PID 15166 created thread for  TID: 15630
PID 15217 created thread for  TID: 15482
PID 15211 created thread for  TID: 15631
PID 15185 created thread for  TID: 15638
PID 15165 created thread for  TID: 15626
PID 15194 created thread for  TID: 15644
PID 15171 created thread for  TID: 15649
PID 15161 created thread for  TID: 15632
PID 15183 created thread for  TID: 15646
PID 15175 created thread for  TID: 15627
PID 15169 created thread for  TID: 15643
PID 15189 created thread for  TID: 15641
PID 15161 created thread for  TID: 15657
PID 15183 created thread for  TID: 15656
PID 15194 created thread for  TID: 15654
PID 15178 created thread for  TID: 15658
PID 15183 created thread for  TID: 15665
PID 15161 created thread for  TID: 15663
PID 15193 created thread for  TID: 15642
PID 15189 created thread for  TID: 15664
PID 15172 created thread for  TID: 15640
PID 15178 created thread for  TID: 15667
PID 15189 created thread for  TID: 15670
PID 15176 created thread for  TID: 15645
PID 15212 created thread for  TID: 15647
PID 15194 created thread for  TID: 15666
PID 15162 created thread for  TID: 15563
PID 15171 created thread for  TID: 15655
PID 15211 created thread for  TID: 15651
PID 15172 created thread for  TID: 15675
PID 15165 created thread for  TID: 15653
PID 15194 created thread for  TID: 15676
PID 15169 created thread for  TID: 15661
PID 15190 created thread for  TID: 15662
PID 15212 created thread for  TID: 15674
PID 15194 created thread for  TID: 15681
PID 15193 created thread for  TID: 15671
PID 15189 created thread for  TID: 15673
PID 15162 created thread for  TID: 15683
PID 15194 created thread for  TID: 15686
PID 15178 created thread for  TID: 15679
PID 15169 created thread for  TID: 15682
PID 15176 created thread for  TID: 15672
PID 15212 created thread for  TID: 15684
PID 15165 created thread for  TID: 15680
PID 15194 created thread for  TID: 15689
PID 15172 created thread for  TID: 15692
PID 15183 created thread for  TID: 15668
PID 15185 created thread for  TID: 15652
PID 15161 created thread for  TID: 15669
PID 15194 created thread for  TID: 15695
PID 15189 created thread for  TID: 15687
PID 15178 created thread for  TID: 15688
PID 15193 created thread for  TID: 15685
PID 15212 created thread for  TID: 15693
PID 15172 created thread for  TID: 15696
PID 15185 created thread for  TID: 15697
PID 15194 created thread for  TID: 15700
PID 15178 created thread for  TID: 15702
PID 15169 created thread for  TID: 15690
PID 15165 created thread for  TID: 15694
PID 15189 created thread for  TID: 15701
PID 15212 created thread for  TID: 15704
PID 15194 created thread for  TID: 15708
PID 15171 created thread for  TID: 15677
PID 15178 created thread for  TID: 15709
PID 15176 created thread for  TID: 15691
PID 15185 created thread for  TID: 15706
PID 15194 created thread for  TID: 15713
PID 15193 created thread for  TID: 15703
PID 15169 created thread for  TID: 15710
PID 15176 created thread for  TID: 15718
PID 15171 created thread for  TID: 15715
PID 15161 created thread for  TID: 15699
PID 15169 created thread for  TID: 15722
PID 15165 created thread for  TID: 15711
PID 15178 created thread for  TID: 15716
PID 15194 created thread for  TID: 15719
PID 15172 created thread for  TID: 15720
PID 15171 created thread for  TID: 15723
PID 15169 created thread for  TID: 15726
PID 15193 created thread for  TID: 15721
PID 15212 created thread for  TID: 15712
PID 15176 created thread for  TID: 15724
PID 15161 created thread for  TID: 15725
PID 15172 created thread for  TID: 15730
PID 15169 created thread for  TID: 15732
PID 15178 created thread for  TID: 15727
PID 15165 created thread for  TID: 15729
PID 15193 created thread for  TID: 15733
PID 15172 created thread for  TID: 15737
PID 15194 created thread for  TID: 15728
PID 15212 created thread for  TID: 15734
PID 15176 created thread for  TID: 15735
PID 15161 created thread for  TID: 15736
PID 15178 created thread for  TID: 15739
PID 15172 created thread for  TID: 15741
PID 15193 created thread for  TID: 15742
PID 15194 created thread for  TID: 15743
PID 15178 created thread for  TID: 15746
PID 15165 created thread for  TID: 15740
PID 15172 created thread for  TID: 15747
PID 15193 created thread for  TID: 15749
PID 15176 created thread for  TID: 15745
PID 15178 created thread for  TID: 15751
PID 15183 created thread for  TID: 15698
PID 15194 created thread for  TID: 15750
PID 15161 created thread for  TID: 15748
PID 15193 created thread for  TID: 15754
PID 15212 created thread for  TID: 15744
PID 15211 created thread for  TID: 15678
PID 15176 created thread for  TID: 15755
PID 15171 created thread for  TID: 15731
PID 15212 created thread for  TID: 15759
PID 15193 created thread for  TID: 15760
PID 15161 created thread for  TID: 15758
PID 15183 created thread for  TID: 15757
PID 15185 created thread for  TID: 15717
PID 15171 created thread for  TID: 15763
PID 15176 created thread for  TID: 15761
PID 15211 created thread for  TID: 15762
PID 15212 created thread for  TID: 15764
PID 15171 created thread for  TID: 15768
PID 15161 created thread for  TID: 15767
PID 15172 created thread for  TID: 15753
PID 15171 created thread for  TID: 15771
PID 15211 created thread for  TID: 15770
PID 15176 created thread for  TID: 15769
PID 15212 created thread for  TID: 15772
PID 15171 created thread for  TID: 15776
PID 15178 created thread for  TID: 15756
PID 15194 created thread for  TID: 15773
PID 15212 created thread for  TID: 15778
PID 15176 created thread for  TID: 15777
PID 15172 created thread for  TID: 15775
PID 15211 created thread for  TID: 15779
PID 15171 created thread for  TID: 15780
PID 15161 created thread for  TID: 15774
PID 15176 created thread for  TID: 15784
PID 15171 created thread for  TID: 15786
PID 15178 created thread for  TID: 15781
PID 15212 created thread for  TID: 15783
PID 15194 created thread for  TID: 15782
PID 15176 created thread for  TID: 15789
PID 15172 created thread for  TID: 15785
PID 15171 created thread for  TID: 15790
PID 15211 created thread for  TID: 15787
PID 15194 created thread for  TID: 15793
PID 15161 created thread for  TID: 15788
PID 15176 created thread for  TID: 15795
PID 15187 created thread for  TID: 15629
PID 15171 created thread for  TID: 15796
PID 15172 created thread for  TID: 15794
PID 15212 created thread for  TID: 15792
PID 15193 created thread for  TID: 15765
PID 15181 created thread for  TID: 15602
PID 15207 created thread for  TID: 15639
PID 15168 created thread for  TID: 15594
PID 15161 created thread for  TID: 15798
PID 15178 created thread for  TID: 15791
PID 15183 created thread for  TID: 15766
PID 15185 created thread for  TID: 15801
PID 15171 created thread for  TID: 15804
PID 15212 created thread for  TID: 15803
PID 15211 created thread for  TID: 15797
PID 15176 created thread for  TID: 15800
PID 15193 created thread for  TID: 15805
PID 15168 created thread for  TID: 15809
PID 15194 created thread for  TID: 15799
PID 15172 created thread for  TID: 15802
PID 15185 created thread for  TID: 15811
PID 15181 created thread for  TID: 15806
PID 15161 created thread for  TID: 15807
PID 15212 created thread for  TID: 15812
PID 15168 created thread for  TID: 15816
PID 15185 created thread for  TID: 15819
PID 15194 created thread for  TID: 15818
PID 15211 created thread for  TID: 15815
PID 15193 created thread for  TID: 15817
PID 15172 created thread for  TID: 15822
PID 15183 created thread for  TID: 15810
PID 15181 created thread for  TID: 15820
PID 15185 created thread for  TID: 15825
PID 15176 created thread for  TID: 15814
PID 15212 created thread for  TID: 15824
PID 15161 created thread for  TID: 15821
PID 15172 created thread for  TID: 15828
PID 15181 created thread for  TID: 15830
PID 15211 created thread for  TID: 15827
PID 15176 created thread for  TID: 15832
PID 15212 created thread for  TID: 15831
PID 15194 created thread for  TID: 15826
PID 15193 created thread for  TID: 15836
PID 15168 created thread for  TID: 15823
PID 15181 created thread for  TID: 15838
PID 15176 created thread for  TID: 15839
PID 15183 created thread for  TID: 15829
PID 15211 created thread for  TID: 15837
PID 15161 created thread for  TID: 15834
PID 15193 created thread for  TID: 15842
PID 15181 created thread for  TID: 15845
PID 15176 created thread for  TID: 15844
PID 15212 created thread for  TID: 15840
PID 15194 created thread for  TID: 15841
PID 15172 created thread for  TID: 15833
PID 15168 created thread for  TID: 15843
PID 15185 created thread for  TID: 15835
PID 15193 created thread for  TID: 15850
PID 15211 created thread for  TID: 15847
PID 15212 created thread for  TID: 15852
PID 15181 created thread for  TID: 15849
PID 15176 created thread for  TID: 15854
PID 15194 created thread for  TID: 15851
PID 15161 created thread for  TID: 15848
PID 15168 created thread for  TID: 15856
PID 15172 created thread for  TID: 15853
PID 15211 created thread for  TID: 15857
PID 15194 created thread for  TID: 15864
PID 15187 created thread for  TID: 15859
PID 15185 created thread for  TID: 15855
PID 15183 created thread for  TID: 15846
PID 15176 created thread for  TID: 15863
PID 15181 created thread for  TID: 15861
PID 15211 created thread for  TID: 15867
PID 15212 created thread for  TID: 15858
PID 15172 created thread for  TID: 15868
PID 15194 created thread for  TID: 15869
PID 15193 created thread for  TID: 15860
PID 15176 created thread for  TID: 15873
PID 15168 created thread for  TID: 15866
PID 15161 created thread for  TID: 15865
PID 15166 created thread for  TID: 15648
PID 15172 created thread for  TID: 15877
PID 15176 created thread for  TID: 15880
PID 15212 created thread for  TID: 15874
PID 15187 created thread for  TID: 15876
PID 15183 created thread for  TID: 15870
PID 15181 created thread for  TID: 15872
PID 15194 created thread for  TID: 15878
PID 15211 created thread for  TID: 15875
PID 15185 created thread for  TID: 15871
PID 15176 created thread for  TID: 15884
PID 15193 created thread for  TID: 15879
PID 15161 created thread for  TID: 15881
PID 15211 created thread for  TID: 15889
PID 15194 created thread for  TID: 15887
PID 15166 created thread for  TID: 15883
PID 15176 created thread for  TID: 15891
PID 15181 created thread for  TID: 15888
PID 15168 created thread for  TID: 15882
PID 15176 created thread for  TID: 15898
PID 15172 created thread for  TID: 15886
PID 15193 created thread for  TID: 15893
PID 15161 created thread for  TID: 15895
PID 15187 created thread for  TID: 15890
PID 15211 created thread for  TID: 15894
PID 15185 created thread for  TID: 15892
PID 15217 created thread for  TID: 15650
PID 15212 created thread for  TID: 15885
PID 15181 created thread for  TID: 15900
PID 15193 created thread for  TID: 15904
PID 15211 created thread for  TID: 15907
PID 15212 created thread for  TID: 15909
PID 15168 created thread for  TID: 15901
PID 15187 created thread for  TID: 15906
PID 15181 created thread for  TID: 15911
PID 15183 created thread for  TID: 15899
PID 15176 created thread for  TID: 15902
PID 15161 created thread for  TID: 15905
PID 15181 created thread for  TID: 15915
PID 15172 created thread for  TID: 15903
PID 15168 created thread for  TID: 15916
PID 15211 created thread for  TID: 15913
PID 15185 created thread for  TID: 15908
PID 15212 created thread for  TID: 15914
PID 15176 created thread for  TID: 15919
PID 15181 created thread for  TID: 15921
PID 15183 created thread for  TID: 15917
PID 15217 created thread for  TID: 15910
PID 15161 created thread for  TID: 15920
PID 15168 created thread for  TID: 15926
PID 15181 created thread for  TID: 15928
PID 15176 created thread for  TID: 15927
PID 15187 created thread for  TID: 15918
PID 15193 created thread for  TID: 15912
PID 15212 created thread for  TID: 15925
PID 15172 created thread for  TID: 15922
PID 15168 created thread for  TID: 15931
PID 15190 created thread for  TID: 15705
PID 15193 created thread for  TID: 15936
PID 15185 created thread for  TID: 15924
PID 15181 created thread for  TID: 15932
PID 15211 created thread for  TID: 15923
PID 15187 created thread for  TID: 15934
PID 15183 created thread for  TID: 15929
PID 15169 created thread for  TID: 15738
PID 15193 created thread for  TID: 15941
PID 15190 created thread for  TID: 15940
PID 15176 created thread for  TID: 15933
PID 15217 created thread for  TID: 15930
PID 15183 created thread for  TID: 15946
PID 15185 created thread for  TID: 15942
PID 15169 created thread for  TID: 15948
PID 15181 created thread for  TID: 15943
PID 15217 created thread for  TID: 15951
PID 15161 created thread for  TID: 15935
PID 15172 created thread for  TID: 15938
PID 15193 created thread for  TID: 15947
PID 15169 created thread for  TID: 15955
PID 15181 created thread for  TID: 15954
PID 15165 created thread for  TID: 15752
PID 15183 created thread for  TID: 15952
PID 15161 created thread for  TID: 15957
PID 15185 created thread for  TID: 15953
PID 15168 created thread for  TID: 15939
PID 15169 created thread for  TID: 15961
PID 15193 created thread for  TID: 15959
PID 15207 created thread for  TID: 15862
PID 15212 created thread for  TID: 15937
PID 15176 created thread for  TID: 15949
PID 15181 created thread for  TID: 15960
PID 15169 created thread for  TID: 15966
PID 15190 created thread for  TID: 15950
PID 15183 created thread for  TID: 15963
PID 15217 created thread for  TID: 15956
PID 15172 created thread for  TID: 15958
PID 15193 created thread for  TID: 15968
PID 15183 created thread for  TID: 15973
PID 15212 created thread for  TID: 15969
PID 15169 created thread for  TID: 15971
PID 15172 created thread for  TID: 15977
PID 15165 created thread for  TID: 15962
PID 15207 created thread for  TID: 15975
PID 15161 created thread for  TID: 15965
PID 15169 created thread for  TID: 15981
PID 15190 created thread for  TID: 15976
PID 15172 created thread for  TID: 15982
PID 15185 created thread for  TID: 15964
PID 15169 created thread for  TID: 15984
PID 15193 created thread for  TID: 15978
PID 15172 created thread for  TID: 15985
PID 15168 created thread for  TID: 15967
PID 15193 created thread for  TID: 15989
PID 15181 created thread for  TID: 15972
PID 15172 created thread for  TID: 15990
PID 15161 created thread for  TID: 15986
PID 15176 created thread for  TID: 15970
PID 15169 created thread for  TID: 15987
PID 15165 created thread for  TID: 15983
PID 15207 created thread for  TID: 15994
PID 15190 created thread for  TID: 15991
PID 15168 created thread for  TID: 15992
PID 15183 created thread for  TID: 15979
PID 15207 created thread for  TID: 16001
PID 15217 created thread for  TID: 15974
PID 15181 created thread for  TID: 15995
PID 15190 created thread for  TID: 16002
PID 15193 created thread for  TID: 15993
PID 15161 created thread for  TID: 15997
PID 15165 created thread for  TID: 16000
PID 15207 created thread for  TID: 16006
PID 15183 created thread for  TID: 16004
PID 15190 created thread for  TID: 16007
PID 15169 created thread for  TID: 15999
PID 15176 created thread for  TID: 15998
PID 15212 created thread for  TID: 15980
PID 15217 created thread for  TID: 16005
PID 15168 created thread for  TID: 16003
PID 15190 created thread for  TID: 16012
PID 15181 created thread for  TID: 16009
PID 15176 created thread for  TID: 16015
PID 15207 created thread for  TID: 16011
PID 15172 created thread for  TID: 15996
PID 15181 created thread for  TID: 16019
PID 15169 created thread for  TID: 16014
PID 15183 created thread for  TID: 16013
PID 15212 created thread for  TID: 16018
PID 15165 created thread for  TID: 16010
PID 15161 created thread for  TID: 16020
PID 15172 created thread for  TID: 16023
PID 15207 created thread for  TID: 16021
PID 15217 created thread for  TID: 16016
PID 15193 created thread for  TID: 16008
PID 15165 created thread for  TID: 16028
PID 15168 created thread for  TID: 16017
PID 15169 created thread for  TID: 16024
PID 15176 created thread for  TID: 16022
PID 15190 created thread for  TID: 16027
PID 15193 created thread for  TID: 16034
PID 15212 created thread for  TID: 16029
PID 15181 created thread for  TID: 16025
PID 15161 created thread for  TID: 16031
PID 15168 created thread for  TID: 16036
PID 15207 created thread for  TID: 16032
PID 15172 created thread for  TID: 16030
PID 15183 created thread for  TID: 16026
PID 15190 created thread for  TID: 16040
PID 15217 created thread for  TID: 16033
PID 15212 created thread for  TID: 16041
PID 15207 created thread for  TID: 16045
PID 15165 created thread for  TID: 16035
PID 15193 created thread for  TID: 16038
PID 15169 created thread for  TID: 16039
PID 15176 created thread for  TID: 16037
PID 15212 created thread for  TID: 16051
PID 15190 created thread for  TID: 16048
PID 15181 created thread for  TID: 16042
PID 15172 created thread for  TID: 16046
PID 15183 created thread for  TID: 16047
PID 15217 created thread for  TID: 16049
PID 15207 created thread for  TID: 16050
PID 15168 created thread for  TID: 16043
PID 15165 created thread for  TID: 16052
PID 15190 created thread for  TID: 16056
PID 15169 created thread for  TID: 16054
PID 15176 created thread for  TID: 16055
PID 15183 created thread for  TID: 16061
PID 15193 created thread for  TID: 16053
PID 15161 created thread for  TID: 16044
PID 15169 created thread for  TID: 16066
PID 15217 created thread for  TID: 16060
PID 15168 created thread for  TID: 16063
PID 15212 created thread for  TID: 16058
PID 15172 created thread for  TID: 16059
PID 15181 created thread for  TID: 16057
PID 15207 created thread for  TID: 16062
PID 15168 created thread for  TID: 16072
PID 15176 created thread for  TID: 16067
PID 15161 created thread for  TID: 16070
PID 15217 created thread for  TID: 16073
PID 15193 created thread for  TID: 16069
PID 15165 created thread for  TID: 16064
PID 15212 created thread for  TID: 16074
PID 15190 created thread for  TID: 16065
PID 15172 created thread for  TID: 16075
PID 15181 created thread for  TID: 16077
PID 15183 created thread for  TID: 16068
PID 15165 created thread for  TID: 16083
PID 15169 created thread for  TID: 16071
PID 15207 created thread for  TID: 16076
PID 15161 created thread for  TID: 16081
PID 15176 created thread for  TID: 16078
PID 15190 created thread for  TID: 16085
PID 15181 created thread for  TID: 16089
PID 15217 created thread for  TID: 16080
PID 15212 created thread for  TID: 16082
PID 15193 created thread for  TID: 16079
PID 15165 created thread for  TID: 16091
PID 15207 created thread for  TID: 16090
PID 15169 created thread for  TID: 16088
PID 15176 created thread for  TID: 16092
PID 15183 created thread for  TID: 16087
PID 15172 created thread for  TID: 16086
PID 15171 created thread for  TID: 15813
PID 15217 created thread for  TID: 16096
PID 15161 created thread for  TID: 16093
PID 15165 created thread for  TID: 16099
PID 15168 created thread for  TID: 16084
PID 15193 created thread for  TID: 16098
PID 15190 created thread for  TID: 16094
PID 15169 created thread for  TID: 16104
PID 15181 created thread for  TID: 16095
PID 15212 created thread for  TID: 16097
PID 15175 created thread for  TID: 15659
PID 15172 created thread for  TID: 16103
PID 15190 created thread for  TID: 16110
PID 15183 created thread for  TID: 16102
PID 15217 created thread for  TID: 16106
PID 15165 created thread for  TID: 16107
PID 15193 created thread for  TID: 16108
PID 15181 created thread for  TID: 16111
PID 15171 created thread for  TID: 16105
PID 15207 created thread for  TID: 16100
PID 15168 created thread for  TID: 16109
PID 15172 created thread for  TID: 16115
PID 15176 created thread for  TID: 16101
PID 15193 created thread for  TID: 16120
PID 15161 created thread for  TID: 16112
PID 15212 created thread for  TID: 16113
PID 15217 created thread for  TID: 16119
PID 15168 created thread for  TID: 16127
PID 15181 created thread for  TID: 16121
PID 15183 created thread for  TID: 16117
PID 15175 created thread for  TID: 16118
PID 15171 created thread for  TID: 16122
PID 15176 created thread for  TID: 16124
PID 15190 created thread for  TID: 16116
PID 15207 created thread for  TID: 16126
PID 15165 created thread for  TID: 16123
PID 15168 created thread for  TID: 16132
PID 15212 created thread for  TID: 16129
PID 15172 created thread for  TID: 16125
PID 15171 created thread for  TID: 16134
PID 15207 created thread for  TID: 16138
PID 15183 created thread for  TID: 16136
PID 15161 created thread for  TID: 16130
PID 15217 created thread for  TID: 16131
PID 15193 created thread for  TID: 16128
PID 15172 created thread for  TID: 16143
PID 15168 created thread for  TID: 16141
PID 15183 created thread for  TID: 16145
PID 15175 created thread for  TID: 16135
PID 15217 created thread for  TID: 16147
PID 15162 created thread for  TID: 15707
PID 15171 created thread for  TID: 16144
PID 15172 created thread for  TID: 16148
PID 15207 created thread for  TID: 16146
PID 15178 created thread for  TID: 15808
PID 15212 created thread for  TID: 16140
PID 15164 created thread for  TID: 15660
PID 15183 created thread for  TID: 16152
PID 15165 created thread for  TID: 16142
PID 15162 created thread for  TID: 16154
PID 15168 created thread for  TID: 16150
PID 15172 created thread for  TID: 16157
PID 15175 created thread for  TID: 16155
PID 15161 created thread for  TID: 16149
PID 15190 created thread for  TID: 16139
PID 15189 created thread for  TID: 15714
PID 15217 created thread for  TID: 16153
PID 15193 created thread for  TID: 16151
PID 15178 created thread for  TID: 16159
PID 15185 created thread for  TID: 15988
PID 15172 created thread for  TID: 16166
PID 15207 created thread for  TID: 16158
PID 15162 created thread for  TID: 16163
PID 15175 created thread for  TID: 16167
PID 15212 created thread for  TID: 16160
PID 15190 created thread for  TID: 16169
PID 15164 created thread for  TID: 16164
PID 15161 created thread for  TID: 16168
PID 15181 created thread for  TID: 16133
PID 15207 created thread for  TID: 16176
PID 15189 created thread for  TID: 16170
PID 15165 created thread for  TID: 16162
PID 15171 created thread for  TID: 16156
PID 15181 created thread for  TID: 16180
PID 15164 created thread for  TID: 16182
PID 15193 created thread for  TID: 16172
PID 15212 created thread for  TID: 16178
PID 15161 created thread for  TID: 16181
PID 15162 created thread for  TID: 16174
PID 15217 created thread for  TID: 16171
PID 15171 created thread for  TID: 16187
PID 15189 created thread for  TID: 16188
PID 15165 created thread for  TID: 16186
PID 15183 created thread for  TID: 16161
PID 15162 created thread for  TID: 16192
PID 15172 created thread for  TID: 16184
PID 15164 created thread for  TID: 16189
PID 15190 created thread for  TID: 16177
PID 15165 created thread for  TID: 16197
PID 15193 created thread for  TID: 16190
PID 15181 created thread for  TID: 16185
PID 15207 created thread for  TID: 16183
PID 15185 created thread for  TID: 16175
PID 15175 created thread for  TID: 16179
PID 15171 created thread for  TID: 16196
PID 15162 created thread for  TID: 16198
PID 15217 created thread for  TID: 16194
PID 15178 created thread for  TID: 16173
PID 15164 created thread for  TID: 16200
PID 15190 created thread for  TID: 16202
PID 15165 created thread for  TID: 16203
PID 15212 created thread for  TID: 16191
PID 15171 created thread for  TID: 16208
PID 15181 created thread for  TID: 16204
PID 15161 created thread for  TID: 16193
PID 15172 created thread for  TID: 16201
PID 15164 created thread for  TID: 16213
PID 15193 created thread for  TID: 16209
PID 15183 created thread for  TID: 16199
PID 15189 created thread for  TID: 16195
PID 15165 created thread for  TID: 16215
PID 15217 created thread for  TID: 16211
PID 15181 created thread for  TID: 16219
PID 15161 created thread for  TID: 16218
PID 15185 created thread for  TID: 16207
PID 15212 created thread for  TID: 16216
PID 15172 created thread for  TID: 16220
PID 15217 created thread for  TID: 16227
PID 15178 created thread for  TID: 16212
PID 15175 created thread for  TID: 16206
PID 15183 created thread for  TID: 16223
PID 15171 created thread for  TID: 16217
PID 15194 created thread for  TID: 15897
PID 15164 created thread for  TID: 16221
PID 15189 created thread for  TID: 16224
PID 15207 created thread for  TID: 16205
PID 15162 created thread for  TID: 16210
PID 15181 created thread for  TID: 16226
PID 15166 created thread for  TID: 15896
PID 15161 created thread for  TID: 16229
PID 15183 created thread for  TID: 16235
PID 15194 created thread for  TID: 16237
PID 15171 created thread for  TID: 16236
PID 15178 created thread for  TID: 16233
PID 15185 created thread for  TID: 16231
PID 15212 created thread for  TID: 16228
PID 15166 created thread for  TID: 16245
PID 15211 created thread for  TID: 15944
PID 15181 created thread for  TID: 16242
PID 15207 created thread for  TID: 16238
PID 15172 created thread for  TID: 16230
PID 15187 created thread for  TID: 15945
PID 15175 created thread for  TID: 16234
PID 15189 created thread for  TID: 16241
PID 15178 created thread for  TID: 16248
PID 15217 created thread for  TID: 16232
PID 15183 created thread for  TID: 16244
PID 15185 created thread for  TID: 16249
PID 15164 created thread for  TID: 16239
PID 15175 created thread for  TID: 16256
PID 15194 created thread for  TID: 16246
PID 15166 created thread for  TID: 16252
PID 15169 created thread for  TID: 16114
PID 15162 created thread for  TID: 16240
PID 15181 created thread for  TID: 16257
PID 15171 created thread for  TID: 16247
PID 15172 created thread for  TID: 16254
PID 15183 created thread for  TID: 16260
PID 15189 created thread for  TID: 16258
PID 15169 created thread for  TID: 16267
PID 15176 created thread for  TID: 16137
PID 15211 created thread for  TID: 16251
PID 15185 created thread for  TID: 16263
PID 15207 created thread for  TID: 16253
PID 15171 created thread for  TID: 16271
PID 15172 created thread for  TID: 16270
PID 15194 created thread for  TID: 16265
PID 15190 created thread for  TID: 16214
PID 15189 created thread for  TID: 16273
PID 15217 created thread for  TID: 16261
PID 15207 created thread for  TID: 16278
PID 15168 created thread for  TID: 16165
PID 15164 created thread for  TID: 16262
PID 15185 created thread for  TID: 16277
PID 15175 created thread for  TID: 16264
PID 15161 created thread for  TID: 16243
PID 15193 created thread for  TID: 16222
PID 15169 created thread for  TID: 16275
PID 15183 created thread for  TID: 16272
PID 15162 created thread for  TID: 16268
PID 15193 created thread for  TID: 16290
PID 15187 created thread for  TID: 16255
PID 15217 created thread for  TID: 16285
PID 15175 created thread for  TID: 16288
PID 15171 created thread for  TID: 16279
PID 15176 created thread for  TID: 16274
PID 15185 created thread for  TID: 16287
PID 15183 created thread for  TID: 16291
PID 15165 created thread for  TID: 16225
PID 15168 created thread for  TID: 16298
PID 15212 created thread for  TID: 16250
PID 15211 created thread for  TID: 16276
PID 15178 created thread for  TID: 16259
PID 15176 created thread for  TID: 16303
PID 15185 created thread for  TID: 16302
PID 15161 created thread for  TID: 16289
PID 15172 created thread for  TID: 16280
PID 15187 created thread for  TID: 16294
PID 15193 created thread for  TID: 16295
PID 15211 created thread for  TID: 16305
PID 15190 created thread for  TID: 16282
PID 15178 created thread for  TID: 16304
PID 15194 created thread for  TID: 16281
PID 15161 created thread for  TID: 16309
PID 15169 created thread for  TID: 16292
PID 15187 created thread for  TID: 16310
PID 15164 created thread for  TID: 16286
PID 15212 created thread for  TID: 16306
PID 15172 created thread for  TID: 16312
PID 15207 created thread for  TID: 16284
PID 15175 created thread for  TID: 16296
PID 15211 created thread for  TID: 16314
PID 15187 created thread for  TID: 16319
PID 15185 created thread for  TID: 16308
PID 15176 created thread for  TID: 16307
PID 15211 created thread for  TID: 16325
PID 15217 created thread for  TID: 16297
PID 15194 created thread for  TID: 16317
PID 15207 created thread for  TID: 16324
PID 15190 created thread for  TID: 16316
PID 15175 created thread for  TID: 16323
PID 15171 created thread for  TID: 16299
PID 15176 created thread for  TID: 16329
PID 15172 created thread for  TID: 16322
PID 15212 created thread for  TID: 16320
PID 15187 created thread for  TID: 16327
PID 15164 created thread for  TID: 16321
PID 15176 created thread for  TID: 16336
PID 15169 created thread for  TID: 16326
PID 15166 created thread for  TID: 16266
PID 15217 created thread for  TID: 16330
PID 15168 created thread for  TID: 16313
PID 15175 created thread for  TID: 16333
PID 15212 created thread for  TID: 16339
PID 15189 created thread for  TID: 16283
PID 15207 created thread for  TID: 16338
PID 15194 created thread for  TID: 16331
PID 15172 created thread for  TID: 16337
PID 15187 created thread for  TID: 16341
PID 15169 created thread for  TID: 16342
PID 15190 created thread for  TID: 16334
PID 15161 created thread for  TID: 16318
PID 15181 created thread for  TID: 16269
PID 15168 created thread for  TID: 16344
PID 15164 created thread for  TID: 16340
PID 15166 created thread for  TID: 16343
PID 15207 created thread for  TID: 16350
PID 15189 created thread for  TID: 16349
PID 15217 created thread for  TID: 16347
PID 15185 created thread for  TID: 16328
PID 15161 created thread for  TID: 16357
PID 15166 created thread for  TID: 16359
PID 15164 created thread for  TID: 16358
PID 15212 created thread for  TID: 16346
PID 15169 created thread for  TID: 16354
PID 15176 created thread for  TID: 16345
PID 15217 created thread for  TID: 16362
PID 15194 created thread for  TID: 16351
PID 15171 created thread for  TID: 16335
PID 15181 created thread for  TID: 16356
PID 15187 created thread for  TID: 16353
PID 15168 created thread for  TID: 16361
PID 15189 created thread for  TID: 16360
PID 15162 created thread for  TID: 16293
PID 15172 created thread for  TID: 16352
PID 15164 created thread for  TID: 16367
PID 15176 created thread for  TID: 16369
PID 15161 created thread for  TID: 16365
PID 15190 created thread for  TID: 16355
PID 15194 created thread for  TID: 16371
PID 15181 created thread for  TID: 16373
PID 15166 created thread for  TID: 16366
PID 15217 created thread for  TID: 16370
PID 15187 created thread for  TID: 16374
PID 15207 created thread for  TID: 16363
PID 15171 created thread for  TID: 16372
PID 15176 created thread for  TID: 16381
PID 15212 created thread for  TID: 16368
PID 15189 created thread for  TID: 16375
PID 15162 created thread for  TID: 16380
PID 15172 created thread for  TID: 16378
PID 15194 created thread for  TID: 16382
PID 15185 created thread for  TID: 16364
PID 15181 created thread for  TID: 16384
PID 15176 created thread for  TID: 16392
PID 15168 created thread for  TID: 16377
PID 15189 created thread for  TID: 16393
PID 15187 created thread for  TID: 16387
PID 15161 created thread for  TID: 16385
PID 15172 created thread for  TID: 16395
PID 15164 created thread for  TID: 16379
PID 15217 created thread for  TID: 16386
PID 15168 created thread for  TID: 16399
PID 15171 created thread for  TID: 16388
PID 15187 created thread for  TID: 16402
PID 15162 created thread for  TID: 16394
PID 15189 created thread for  TID: 16401
PID 15212 created thread for  TID: 16391
PID 15207 created thread for  TID: 16389
PID 15194 created thread for  TID: 16396
PID 15176 created thread for  TID: 16400
PID 15164 created thread for  TID: 16404
PID 15183 created thread for  TID: 16300
PID 15166 created thread for  TID: 16390
PID 15162 created thread for  TID: 16408
PID 15171 created thread for  TID: 16406
PID 15207 created thread for  TID: 16411
PID 15185 created thread for  TID: 16397
PID 15168 created thread for  TID: 16407
PID 15189 created thread for  TID: 16409
PID 15183 created thread for  TID: 16415
PID 15187 created thread for  TID: 16405
PID 15181 created thread for  TID: 16398
PID 15165 created thread for  TID: 16301
PID 15185 created thread for  TID: 16420
PID 15189 created thread for  TID: 16422
PID 15217 created thread for  TID: 16412
PID 15212 created thread for  TID: 16410
PID 15176 created thread for  TID: 16413
PID 15185 created thread for  TID: 16425
PID 15161 created thread for  TID: 16403
PID 15162 created thread for  TID: 16418
PID 15164 created thread for  TID: 16414
PID 15207 created thread for  TID: 16419
PID 15166 created thread for  TID: 16416
PID 15193 created thread for  TID: 16311
PID 15181 created thread for  TID: 16424
PID 15171 created thread for  TID: 16417
PID 15168 created thread for  TID: 16421
PID 15161 created thread for  TID: 16434
PID 15178 created thread for  TID: 16315
PID 15217 created thread for  TID: 16429
PID 15187 created thread for  TID: 16426
PID 15211 created thread for  TID: 16332
PID 15175 created thread for  TID: 16348
PID 15181 created thread for  TID: 16440
PID 15168 created thread for  TID: 16443
PID 15165 created thread for  TID: 16430
PID 15189 created thread for  TID: 16427
PID 15171 created thread for  TID: 16441
PID 15185 created thread for  TID: 16433
PID 15194 created thread for  TID: 16428
PID 15212 created thread for  TID: 16432
PID 15211 created thread for  TID: 16451
PID 15181 created thread for  TID: 16449
PID 15169 created thread for  TID: 16376
PID 15207 created thread for  TID: 16437
PID 15162 created thread for  TID: 16436
PID 15190 created thread for  TID: 16383
PID 15189 created thread for  TID: 16452
PID 15164 created thread for  TID: 16435
PID 15217 created thread for  TID: 16445
PID 15161 created thread for  TID: 16442
PID 15183 created thread for  TID: 16423
PID 15185 created thread for  TID: 16454
PID 15207 created thread for  TID: 16457
PID 15176 created thread for  TID: 16431
PID 15193 created thread for  TID: 16438
PID 15162 created thread for  TID: 16458
PID 15194 created thread for  TID: 16455
PID 15185 created thread for  TID: 16466
PID 15166 created thread for  TID: 16439
PID 15168 created thread for  TID: 16448
PID 15178 created thread for  TID: 16444
PID 15207 created thread for  TID: 16467
PID 15193 created thread for  TID: 16470
PID 15175 created thread for  TID: 16447
PID 15187 created thread for  TID: 16446
PID 15194 created thread for  TID: 16472
PID 15176 created thread for  TID: 16468
PID 15165 created thread for  TID: 16450
PID 15161 created thread for  TID: 16463
PID 15185 created thread for  TID: 16473
PID 15166 created thread for  TID: 16474
PID 15169 created thread for  TID: 16469
PID 15181 created thread for  TID: 16456
PID 15161 created thread for  TID: 16482
PID 15189 created thread for  TID: 16460
PID 15207 created thread for  TID: 16476
PID 15165 created thread for  TID: 16484
PID 15217 created thread for  TID: 16464
PID 15164 created thread for  TID: 16459
PID 15175 created thread for  TID: 16478
PID 15187 created thread for  TID: 16480
PID 15207 created thread for  TID: 16490
PID 15166 created thread for  TID: 16485
PID 15171 created thread for  TID: 16453
PID 15185 created thread for  TID: 16483
PID 15190 created thread for  TID: 16461
PID 15194 created thread for  TID: 16479
PID 15189 created thread for  TID: 16492
PID 15178 created thread for  TID: 16486
PID 15211 created thread for  TID: 16462
PID 15193 created thread for  TID: 16477
PID 15181 created thread for  TID: 16487
PID 15176 created thread for  TID: 16481
PID 15166 created thread for  TID: 16499
PID 15187 created thread for  TID: 16496
PID 15169 created thread for  TID: 16488
PID 15190 created thread for  TID: 16501
PID 15193 created thread for  TID: 16506
PID 15175 created thread for  TID: 16495
PID 15189 created thread for  TID: 16502
PID 15185 created thread for  TID: 16498
PID 15161 created thread for  TID: 16489
PID 15165 created thread for  TID: 16491
PID 15194 created thread for  TID: 16503
PID 15176 created thread for  TID: 16508
PID 15166 created thread for  TID: 16515
PID 15193 created thread for  TID: 16513
PID 15164 created thread for  TID: 16494
PID 15171 created thread for  TID: 16500
PID 15175 created thread for  TID: 16511
PID 15183 created thread for  TID: 16465
PID 15181 created thread for  TID: 16507
PID 15169 created thread for  TID: 16510
PID 15161 created thread for  TID: 16517
PID 15217 created thread for  TID: 16493
PID 15194 created thread for  TID: 16519
PID 15185 created thread for  TID: 16516
PID 15187 created thread for  TID: 16514
PID 15165 created thread for  TID: 16518
PID 15189 created thread for  TID: 16512
PID 15181 created thread for  TID: 16529
PID 15194 created thread for  TID: 16531
PID 15193 created thread for  TID: 16521
PID 15190 created thread for  TID: 16509
PID 15161 created thread for  TID: 16528
PID 15175 created thread for  TID: 16523
PID 15176 created thread for  TID: 16520
PID 15189 created thread for  TID: 16535
PID 15183 created thread for  TID: 16526
PID 15193 created thread for  TID: 16538
PID 15190 created thread for  TID: 16539
PID 15194 created thread for  TID: 16537
PID 15166 created thread for  TID: 16525
PID 15175 created thread for  TID: 16541
PID 15164 created thread for  TID: 16522
PID 15181 created thread for  TID: 16536
PID 15193 created thread for  TID: 16542
PID 15165 created thread for  TID: 16534
PID 15161 created thread for  TID: 16540
PID 15187 created thread for  TID: 16533
PID 15217 created thread for  TID: 16530
PID 15193 created thread for  TID: 16552
PID 15171 created thread for  TID: 16524
PID 15183 created thread for  TID: 16544
PID 15185 created thread for  TID: 16532
PID 15166 created thread for  TID: 16547
PID 15176 created thread for  TID: 16543
PID 15175 created thread for  TID: 16549
PID 15190 created thread for  TID: 16545
PID 15161 created thread for  TID: 16557
PID 15165 created thread for  TID: 16556
PID 15187 created thread for  TID: 16553
PID 15189 created thread for  TID: 16546
PID 15181 created thread for  TID: 16551
PID 15190 created thread for  TID: 16564
PID 15217 created thread for  TID: 16554
PID 15166 created thread for  TID: 16561
PID 15183 created thread for  TID: 16560
PID 15187 created thread for  TID: 16566
PID 15194 created thread for  TID: 16548
PID 15171 created thread for  TID: 16555
PID 15189 created thread for  TID: 16567
PID 15190 created thread for  TID: 16570
PID 15193 created thread for  TID: 16558
PID 15187 created thread for  TID: 16574
PID 15183 created thread for  TID: 16572
PID 15165 created thread for  TID: 16565
PID 15175 created thread for  TID: 16563
PID 15189 created thread for  TID: 16578
PID 15164 created thread for  TID: 16550
PID 15161 created thread for  TID: 16568
PID 15183 created thread for  TID: 16580
PID 15217 created thread for  TID: 16571
PID 15185 created thread for  TID: 16559
PID 15181 created thread for  TID: 16569
PID 15176 created thread for  TID: 16562
PID 15161 created thread for  TID: 16585
PID 15187 created thread for  TID: 16579
PID 15166 created thread for  TID: 16573
PID 15183 created thread for  TID: 16586
PID 15162 created thread for  TID: 16471
PID 15175 created thread for  TID: 16583
PID 15164 created thread for  TID: 16588
PID 15217 created thread for  TID: 16587
PID 15194 created thread for  TID: 16575
PID 15166 created thread for  TID: 16593
PID 15193 created thread for  TID: 16582
PID 15181 created thread for  TID: 16589
PID 15162 created thread for  TID: 16596
PID 15161 created thread for  TID: 16594
PID 15187 created thread for  TID: 16592
PID 15175 created thread for  TID: 16595
PID 15171 created thread for  TID: 16576
PID 15183 created thread for  TID: 16597
PID 15181 created thread for  TID: 16603
PID 15162 created thread for  TID: 16604
PID 15190 created thread for  TID: 16577
PID 15217 created thread for  TID: 16599
PID 15165 created thread for  TID: 16581
PID 15171 created thread for  TID: 16608
PID 15187 created thread for  TID: 16605
PID 15175 created thread for  TID: 16606
PID 15189 created thread for  TID: 16584
PID 15183 created thread for  TID: 16607
PID 15193 created thread for  TID: 16601
PID 15181 created thread for  TID: 16610
PID 15162 created thread for  TID: 16609
PID 15176 created thread for  TID: 16591
PID 15217 created thread for  TID: 16611
PID 15166 created thread for  TID: 16602
PID 15183 created thread for  TID: 16619
PID 15189 created thread for  TID: 16617
PID 15194 created thread for  TID: 16600
PID 15190 created thread for  TID: 16612
PID 15193 created thread for  TID: 16618
PID 15162 created thread for  TID: 16621
PID 15181 created thread for  TID: 16620
PID 15175 created thread for  TID: 16616
PID 15189 created thread for  TID: 16625
PID 15165 created thread for  TID: 16614
PID 15162 created thread for  TID: 16629
PID 15190 created thread for  TID: 16627
PID 15181 created thread for  TID: 16630
PID 15194 created thread for  TID: 16626
PID 15189 created thread for  TID: 16632
PID 15171 created thread for  TID: 16613
PID 15162 created thread for  TID: 16633
PID 15181 created thread for  TID: 16635
PID 15217 created thread for  TID: 16622
PID 15187 created thread for  TID: 16615
PID 15175 created thread for  TID: 16631
PID 15185 created thread for  TID: 16590
PID 15181 created thread for  TID: 16640
PID 15162 created thread for  TID: 16639
PID 15171 created thread for  TID: 16638
PID 15165 created thread for  TID: 16642
PID 15217 created thread for  TID: 16641
PID 15168 created thread for  TID: 16475
PID 15190 created thread for  TID: 16634
PID 15176 created thread for  TID: 16623
PID 15181 created thread for  TID: 16645
PID 15171 created thread for  TID: 16647
PID 15166 created thread for  TID: 16628
PID 15175 created thread for  TID: 16644
PID 15183 created thread for  TID: 16624
PID 15181 created thread for  TID: 16653
PID 15189 created thread for  TID: 16637
PID 15165 created thread for  TID: 16648
PID 15207 created thread for  TID: 16497
PID 15217 created thread for  TID: 16650
PID 15194 created thread for  TID: 16636
PID 15175 created thread for  TID: 16657
PID 15176 created thread for  TID: 16652
PID 15189 created thread for  TID: 16659
PID 15165 created thread for  TID: 16660
PID 15162 created thread for  TID: 16649
PID 15181 created thread for  TID: 16662
PID 15185 created thread for  TID: 16646
PID 15168 created thread for  TID: 16651
PID 15217 created thread for  TID: 16661
PID 15183 created thread for  TID: 16658
PID 15189 created thread for  TID: 16667
PID 15190 created thread for  TID: 16654
PID 15194 created thread for  TID: 16664
PID 15187 created thread for  TID: 16643
PID 15181 created thread for  TID: 16668
PID 15217 created thread for  TID: 16673
PID 15171 created thread for  TID: 16655
PID 15185 created thread for  TID: 16671
PID 15183 created thread for  TID: 16674
PID 15176 created thread for  TID: 16666
PID 15187 created thread for  TID: 16677
PID 15194 created thread for  TID: 16679
PID 15175 created thread for  TID: 16665
PID 15165 created thread for  TID: 16670
PID 15181 created thread for  TID: 16680
PID 15207 created thread for  TID: 16663
PID 15178 created thread for  TID: 16504
PID 15168 created thread for  TID: 16672
PID 15189 created thread for  TID: 16675
PID 15162 created thread for  TID: 16669
PID 15165 created thread for  TID: 16688
PID 15176 created thread for  TID: 16684
PID 15194 created thread for  TID: 16685
PID 15190 created thread for  TID: 16676
PID 15185 created thread for  TID: 16682
PID 15175 created thread for  TID: 16687
PID 15171 created thread for  TID: 16681
PID 15165 created thread for  TID: 16695
PID 15183 created thread for  TID: 16683
PID 15207 created thread for  TID: 16689
PID 15187 created thread for  TID: 16686
PID 15217 created thread for  TID: 16678
PID 15194 created thread for  TID: 16697
PID 15185 created thread for  TID: 16698
PID 15190 created thread for  TID: 16699
PID 15189 created thread for  TID: 16693
PID 15183 created thread for  TID: 16703
PID 15181 created thread for  TID: 16690
PID 15217 created thread for  TID: 16705
PID 15175 created thread for  TID: 16700
PID 15187 created thread for  TID: 16704
PID 15194 created thread for  TID: 16707
PID 15165 created thread for  TID: 16702
PID 15211 created thread for  TID: 16505
PID 15207 created thread for  TID: 16706
PID 15183 created thread for  TID: 16710
PID 15217 created thread for  TID: 16711
PID 15189 created thread for  TID: 16708
PID 15175 created thread for  TID: 16712
PID 15178 created thread for  TID: 16694
PID 15183 created thread for  TID: 16717
PID 15217 created thread for  TID: 16719
PID 15171 created thread for  TID: 16701
PID 15207 created thread for  TID: 16718
PID 15162 created thread for  TID: 16692
PID 15165 created thread for  TID: 16715
PID 15189 created thread for  TID: 16720
PID 15176 created thread for  TID: 16696
PID 15183 created thread for  TID: 16722
PID 15165 created thread for  TID: 16728
PID 15175 created thread for  TID: 16721
PID 15187 created thread for  TID: 16713
PID 15162 created thread for  TID: 16727
PID 15190 created thread for  TID: 16709
PID 15165 created thread for  TID: 16732
PID 15178 created thread for  TID: 16726
PID 15207 created thread for  TID: 16725
PID 15162 created thread for  TID: 16735
PID 15190 created thread for  TID: 16736
PID 15189 created thread for  TID: 16729
PID 15175 created thread for  TID: 16734
PID 15187 created thread for  TID: 16733
PID 15171 created thread for  TID: 16723
PID 15211 created thread for  TID: 16716
PID 15165 created thread for  TID: 16737
PID 15190 created thread for  TID: 16742
PID 15178 created thread for  TID: 16738
PID 15175 created thread for  TID: 16743
PID 15217 created thread for  TID: 16724
PID 15194 created thread for  TID: 16714
PID 15189 created thread for  TID: 16741
PID 15190 created thread for  TID: 16747
PID 15183 created thread for  TID: 16731
PID 15207 created thread for  TID: 16739
PID 15176 created thread for  TID: 16730
PID 15162 created thread for  TID: 16740
PID 15187 created thread for  TID: 16744
PID 15165 created thread for  TID: 16748
PID 15175 created thread for  TID: 16749
PID 15211 created thread for  TID: 16746
PID 15194 created thread for  TID: 16751
PID 15183 created thread for  TID: 16754
PID 15207 created thread for  TID: 16753
PID 15162 created thread for  TID: 16756
PID 15194 created thread for  TID: 16762
PID 15211 created thread for  TID: 16761
PID 15175 created thread for  TID: 16760
PID 15183 created thread for  TID: 16763
PID 15194 created thread for  TID: 16766
PID 15211 created thread for  TID: 16767
PID 15207 created thread for  TID: 16764
PID 15162 created thread for  TID: 16765
PID 15189 created thread for  TID: 16752
PID 15178 created thread for  TID: 16750
PID 15194 created thread for  TID: 16770
PID 15211 created thread for  TID: 16771
PID 15175 created thread for  TID: 16768
PID 15183 created thread for  TID: 16769
PID 15187 created thread for  TID: 16758
PID 15178 created thread for  TID: 16775
PID 15194 created thread for  TID: 16776
PID 15211 created thread for  TID: 16777
PID 15183 created thread for  TID: 16779
PID 15207 created thread for  TID: 16772
PID 15165 created thread for  TID: 16759
PID 15211 created thread for  TID: 16781
PID 15194 created thread for  TID: 16782
PID 15162 created thread for  TID: 16773
PID 15211 created thread for  TID: 16787
PID 15175 created thread for  TID: 16778
PID 15183 created thread for  TID: 16784
PID 15189 created thread for  TID: 16774
PID 15176 created thread for  TID: 16757
PID 15194 created thread for  TID: 16788
PID 15211 created thread for  TID: 16790
PID 15187 created thread for  TID: 16780
PID 15207 created thread for  TID: 16785
PID 15165 created thread for  TID: 16786
PID 15194 created thread for  TID: 16794
PID 15162 created thread for  TID: 16789
PID 15211 created thread for  TID: 16796
PID 15175 created thread for  TID: 16792
PID 15176 created thread for  TID: 16795
PID 15162 created thread for  TID: 16799
PID 15189 created thread for  TID: 16793
PID 15171 created thread for  TID: 16745
PID 15211 created thread for  TID: 16802
PID 15187 created thread for  TID: 16797
PID 15207 created thread for  TID: 16798
PID 15194 created thread for  TID: 16801
PID 15165 created thread for  TID: 16800
PID 15162 created thread for  TID: 16806
PID 15187 created thread for  TID: 16809
PID 15175 created thread for  TID: 16803
PID 15194 created thread for  TID: 16811
PID 15169 created thread for  TID: 16527
PID 15189 created thread for  TID: 16805
PID 15211 created thread for  TID: 16807
PID 15207 created thread for  TID: 16810
PID 15169 created thread for  TID: 16815
PID 15194 created thread for  TID: 16816
PID 15165 created thread for  TID: 16812
PID 15171 created thread for  TID: 16808
PID 15175 created thread for  TID: 16814
PID 15211 created thread for  TID: 16819
PID 15189 created thread for  TID: 16817
PID 15169 created thread for  TID: 16822
PID 15187 created thread for  TID: 16813
PID 15207 created thread for  TID: 16818
PID 15194 created thread for  TID: 16821
PID 15165 created thread for  TID: 16820
PID 15211 created thread for  TID: 16825
PID 15187 created thread for  TID: 16828
PID 15175 created thread for  TID: 16823
PID 15194 created thread for  TID: 16830
PID 15169 created thread for  TID: 16827
PID 15189 created thread for  TID: 16826
PID 15187 created thread for  TID: 16833
PID 15207 created thread for  TID: 16829
PID 15211 created thread for  TID: 16831
PID 15169 created thread for  TID: 16835
PID 15171 created thread for  TID: 16837
PID 15194 created thread for  TID: 16836
PID 15175 created thread for  TID: 16834
PID 15211 created thread for  TID: 16840
PID 15187 created thread for  TID: 16838
PID 15194 created thread for  TID: 16842
PID 15207 created thread for  TID: 16839
PID 15169 created thread for  TID: 16841
PID 15162 created thread for  TID: 16824
PID 15187 created thread for  TID: 16846
PID 15194 created thread for  TID: 16847
PID 15175 created thread for  TID: 16843
PID 15211 created thread for  TID: 16845
PID 15190 created thread for  TID: 16755
PID 15171 created thread for  TID: 16844
PID 15169 created thread for  TID: 16848
PID 15211 created thread for  TID: 16855
PID 15207 created thread for  TID: 16849
PID 15165 created thread for  TID: 16832
PID 15183 created thread for  TID: 16791
PID 15187 created thread for  TID: 16852
PID 15175 created thread for  TID: 16854
PID 15194 created thread for  TID: 16853
PID 15211 created thread for  TID: 16858
PID 15165 created thread for  TID: 16861
PID 15211 created thread for  TID: 16864
PID 15171 created thread for  TID: 16857
PID 15207 created thread for  TID: 16859
PID 15190 created thread for  TID: 16856
PID 15162 created thread for  TID: 16850
PID 15169 created thread for  TID: 16860
PID 15175 created thread for  TID: 16865
PID 15187 created thread for  TID: 16863
PID 15194 created thread for  TID: 16866
PID 15165 created thread for  TID: 16867
PID 15176 created thread for  TID: 16804
PID 15211 created thread for  TID: 16868
PID 15171 created thread for  TID: 16869
PID 15165 created thread for  TID: 16877
PID 15190 created thread for  TID: 16871
PID 15207 created thread for  TID: 16870
PID 15169 created thread for  TID: 16873
PID 15217 created thread for  TID: 16851
PID 15187 created thread for  TID: 16874
PID 15165 created thread for  TID: 16881
PID 15175 created thread for  TID: 16875
PID 15194 created thread for  TID: 16876
PID 15171 created thread for  TID: 16880
PID 15176 created thread for  TID: 16879
PID 15207 created thread for  TID: 16882
PID 15211 created thread for  TID: 16878
PID 15165 created thread for  TID: 16887
PID 15187 created thread for  TID: 16885
PID 15175 created thread for  TID: 16888
PID 15176 created thread for  TID: 16890
PID 15171 created thread for  TID: 16889
PID 15207 created thread for  TID: 16891
PID 15165 created thread for  TID: 16892
PID 15175 created thread for  TID: 16894
PID 15176 created thread for  TID: 16895
PID 15183 created thread for  TID: 16862
PID 15207 created thread for  TID: 16897
PID 15166 created thread for  TID: 16656
PID 15165 created thread for  TID: 16898
PID 15187 created thread for  TID: 16893
PID 15175 created thread for  TID: 16899
PID 15162 created thread for  TID: 16872
PID 15164 created thread for  TID: 16598
PID 15169 created thread for  TID: 16886
PID 15171 created thread for  TID: 16896
PID 15207 created thread for  TID: 16902
PID 15217 created thread for  TID: 16883
PID 15187 created thread for  TID: 16905
PID 15183 created thread for  TID: 16901
PID 15166 created thread for  TID: 16904
PID 15211 created thread for  TID: 16903
PID 15162 created thread for  TID: 16907
PID 15175 created thread for  TID: 16906
PID 15171 created thread for  TID: 16910
PID 15169 created thread for  TID: 16908
PID 15217 created thread for  TID: 16911
PID 15207 created thread for  TID: 16914
PID 15183 created thread for  TID: 16913
PID 15169 created thread for  TID: 16919
PID 15176 created thread for  TID: 16900
PID 15175 created thread for  TID: 16918
PID 15169 created thread for  TID: 16922
PID 15162 created thread for  TID: 16917
PID 15187 created thread for  TID: 16912
PID 15169 created thread for  TID: 16926
PID 15217 created thread for  TID: 16920
PID 15211 created thread for  TID: 16916
PID 15169 created thread for  TID: 16929
PID 15164 created thread for  TID: 16909
PID 15183 created thread for  TID: 16923
PID 15187 created thread for  TID: 16927
PID 15169 created thread for  TID: 16933
PID 15176 created thread for  TID: 16924
PID 15162 created thread for  TID: 16928
PID 15187 created thread for  TID: 16934
PID 15207 created thread for  TID: 16921
PID 15211 created thread for  TID: 16931
PID 15217 created thread for  TID: 16930
PID 15187 created thread for  TID: 16937
PID 15175 created thread for  TID: 16925
PID 15183 created thread for  TID: 16935
PID 15169 created thread for  TID: 16936
PID 15187 created thread for  TID: 16942
PID 15207 created thread for  TID: 16939
PID 15162 created thread for  TID: 16938
PID 15211 created thread for  TID: 16940
PID 15217 created thread for  TID: 16941
PID 15187 created thread for  TID: 16945
PID 15169 created thread for  TID: 16944
PID 15175 created thread for  TID: 16943
PID 15190 created thread for  TID: 16884
PID 15211 created thread for  TID: 16947
PID 15187 created thread for  TID: 16948
PID 15207 created thread for  TID: 16946
PID 15166 created thread for  TID: 16915
PID 15169 created thread for  TID: 16949
PID 15175 created thread for  TID: 16950
PID 15211 created thread for  TID: 16952
PID 15190 created thread for  TID: 16951
PID 15207 created thread for  TID: 16953
PID 15164 created thread for  TID: 16932
PID 15169 created thread for  TID: 16955
PID 15166 created thread for  TID: 16954
PID 15175 created thread for  TID: 16956
PID 15207 created thread for  TID: 16959
PID 15211 created thread for  TID: 16957
PID 15190 created thread for  TID: 16958
PID 15175 created thread for  TID: 16963
PID 15169 created thread for  TID: 16961
PID 15175 created thread for  TID: 16966
PID 15166 created thread for  TID: 16962
PID 15211 created thread for  TID: 16964
PID 15164 created thread for  TID: 16960
PID 15175 created thread for  TID: 16968
PID 15169 created thread for  TID: 16967
PID 15190 created thread for  TID: 16965
PID 15166 created thread for  TID: 16970
PID 15175 created thread for  TID: 16972
PID 15211 created thread for  TID: 16969
PID 15190 created thread for  TID: 16975
PID 15166 created thread for  TID: 16977
PID 15162 created thread for  TID: 16974
PID 15169 created thread for  TID: 16973
PID 15190 created thread for  TID: 16979
PID 15166 created thread for  TID: 16980
PID 15211 created thread for  TID: 16978
PID 15217 created thread for  TID: 16976
PID 15164 created thread for  TID: 16971
PID 15190 created thread for  TID: 16983
PID 15166 created thread for  TID: 16984
PID 15162 created thread for  TID: 16982
PID 15178 created thread for  TID: 16783
PID 15168 created thread for  TID: 16691
PID 15169 created thread for  TID: 16981
PID 15190 created thread for  TID: 16987
PID 15166 created thread for  TID: 16988
PID 15178 created thread for  TID: 16991
PID 15168 created thread for  TID: 16992
PID 15190 created thread for  TID: 16993
PID 15166 created thread for  TID: 16995
PID 15178 created thread for  TID: 16994
PID 15190 created thread for  TID: 16996
PID 15168 created thread for  TID: 16997
PID 15178 created thread for  TID: 16998
PID 15166 created thread for  TID: 16999
PID 15190 created thread for  TID: 17000
PID 15168 created thread for  TID: 17001
PID 15178 created thread for  TID: 17002
PID 15166 created thread for  TID: 17003
PID 15190 created thread for  TID: 17004
PID 15178 created thread for  TID: 17005
PID 15168 created thread for  TID: 17006
PID 15166 created thread for  TID: 17007
PID 15190 created thread for  TID: 17008
PID 15178 created thread for  TID: 17009
PID 15211 created thread for  TID: 16985
PID 15168 created thread for  TID: 17010
PID 15166 created thread for  TID: 17011
PID 15190 created thread for  TID: 17012
PID 15178 created thread for  TID: 17013
PID 15211 created thread for  TID: 17014
PID 15168 created thread for  TID: 17015
PID 15190 created thread for  TID: 17017
PID 15166 created thread for  TID: 17016
PID 15178 created thread for  TID: 17018
PID 15162 created thread for  TID: 16989
PID 15190 created thread for  TID: 17019
PID 15168 created thread for  TID: 17020
PID 15166 created thread for  TID: 17021
PID 15178 created thread for  TID: 17022
PID 15217 created thread for  TID: 16986
PID 15190 created thread for  TID: 17024
PID 15166 created thread for  TID: 17025
PID 15178 created thread for  TID: 17027
PID 15168 created thread for  TID: 17026
PID 15162 created thread for  TID: 17023
PID 15190 created thread for  TID: 17029
PID 15178 created thread for  TID: 17030
PID 15168 created thread for  TID: 17032
PID 15166 created thread for  TID: 17031
PID 15190 created thread for  TID: 17033
PID 15164 created thread for  TID: 16990
PID 15178 created thread for  TID: 17036
PID 15162 created thread for  TID: 17034
PID 15168 created thread for  TID: 17037
PID 15166 created thread for  TID: 17038
PID 15178 created thread for  TID: 17039
PID 15162 created thread for  TID: 17040
PID 15211 created thread for  TID: 17028
PID 15168 created thread for  TID: 17042
PID 15166 created thread for  TID: 17043
PID 15178 created thread for  TID: 17044
PID 15162 created thread for  TID: 17045
PID 15211 created thread for  TID: 17046
PID 15168 created thread for  TID: 17047
PID 15178 created thread for  TID: 17048
PID 15164 created thread for  TID: 17041
PID 15162 created thread for  TID: 17050
PID 15211 created thread for  TID: 17051
PID 15168 created thread for  TID: 17052
PID 15178 created thread for  TID: 17053
PID 15217 created thread for  TID: 17035
PID 15166 created thread for  TID: 17049
PID 15211 created thread for  TID: 17056
PID 15162 created thread for  TID: 17055
PID 15168 created thread for  TID: 17057
PID 15178 created thread for  TID: 17058
PID 15217 created thread for  TID: 17059
PID 15168 created thread for  TID: 17063
PID 15164 created thread for  TID: 17054
PID 15211 created thread for  TID: 17061
PID 15162 created thread for  TID: 17062
PID 15178 created thread for  TID: 17064
PID 15217 created thread for  TID: 17065
PID 15178 created thread for  TID: 17068
PID 15166 created thread for  TID: 17060
PID 15211 created thread for  TID: 17070
PID 15168 created thread for  TID: 17067
PID 15162 created thread for  TID: 17069
PID 15164 created thread for  TID: 17066
PID 15168 created thread for  TID: 17072
PID 15168 created thread for  TID: 17074
PID 15166 created thread for  TID: 17071
PID 15164 created thread for  TID: 17073
PID 15168 created thread for  TID: 17075
PID 15178 created thread for  TID: 17077
PID 15166 created thread for  TID: 17076
PID 15178 created thread for  TID: 17079
PID 15168 created thread for  TID: 17080
PID 15217 created thread for  TID: 17081
PID 15178 created thread for  TID: 17083
PID 15164 created thread for  TID: 17078
PID 15168 created thread for  TID: 17084
PID 15217 created thread for  TID: 17085
PID 15166 created thread for  TID: 17082
PID 15178 created thread for  TID: 17086
PID 15164 created thread for  TID: 17087
PID 15217 created thread for  TID: 17088
PID 15166 created thread for  TID: 17089
PID 15178 created thread for  TID: 17090
PID 15164 created thread for  TID: 17091
PID 15217 created thread for  TID: 17092
PID 15166 created thread for  TID: 17093
PID 15178 created thread for  TID: 17094
PID 15178 created thread for  TID: 17095
PID 15217 created thread for  TID: 17096
PID 15166 created thread for  TID: 17097
PID 15164 created thread for  TID: 17098
PID 15166 created thread for  TID: 17100
PID 15217 created thread for  TID: 17101
PID 15164 created thread for  TID: 17102
PID 15166 created thread for  TID: 17103
PID 15178 created thread for  TID: 17099
PID 15217 created thread for  TID: 17104
PID 15164 created thread for  TID: 17105
PID 15178 created thread for  TID: 17107
PID 15217 created thread for  TID: 17106
PID 15164 created thread for  TID: 17108
PID 15217 created thread for  TID: 17109
PID 15164 created thread for  TID: 17110
PID 15217 created thread for  TID: 17111
PID 15217 created thread for  TID: 17112
PID 15164 created thread for  TID: 17113
PID 15217 created thread for  TID: 17114
PID 15164 created thread for  TID: 17115
PID 15164 created thread for  TID: 17116
PID 15164 created thread for  TID: 17117
PID 15164 created thread for  TID: 17118
PID 15164 created thread for  TID: 17119
PID 15164 created thread for  TID: 17120
PID 15164 created thread for  TID: 17121
PID 15164 created thread for  TID: 17122
PID 15164 created thread for  TID: 17123
PID 15164 created thread for  TID: 17124
PID 15164 created thread for  TID: 17125
PID 15164 created thread for  TID: 17126
PID 15164 created thread for  TID: 17127
PID 15164 created thread for  TID: 17128
PID 15164 created thread for  TID: 17129
PID 15164 created thread for  TID: 17130
PID 15164 created thread for  TID: 17131
PID 15164 created thread for  TID: 17132
PID 15164 created thread for  TID: 17133
PID 15164 created thread for  TID: 17134
PID 15164 created thread for  TID: 17135
PID 15164 created thread for  TID: 17136
PID 15164 created thread for  TID: 17137
PID 15164 created thread for  TID: 17138
PID 15164 created thread for  TID: 17139
PID 15164 created thread for  TID: 17140
PID 15164 created thread for  TID: 17141
PID 15164 created thread for  TID: 17142
PID 15164 created thread for  TID: 17143
PID 15164 created thread for  TID: 17144
