Erfan created PID: 12566 
PID 12566 created child for Store1 PID:17783
PID 12566 created child for Store2 PID:17785
PID 17783 created child for Apparel PID: 17784
PID 12566 created child for Store3 PID:17787
PID 17783 created child for Beauty PID: 17786
PID 17785 created child for Apparel PID: 17788
PID 17784 created thread for  TID: 17790
PID 17786 created thread for  TID: 17795
PID 17784 created thread for  TID: 17798
PID 17788 created thread for  TID: 17800
PID 17784 created thread for  TID: 17805
PID 17783 created child for Market PID: 17801
PID 17783 created child for Sports PID: 17806
PID 17783 created child for Toys PID: 17810
PID 17783 created child for Food PID: 17792
PID 17785 created child for Home PID: 17803
PID 17784 created thread for  TID: 17811
PID 17787 created child for Sports PID: 17817
PID 17785 created child for Sports PID: 17813
PID 17810 created thread for  TID: 17819
PID 17783 created child for Digital PID: 17789
PID 17787 created child for Toys PID: 17820
PID 17806 created thread for  TID: 17818
PID 17785 created child for Digital PID: 17794
PID 17787 created child for Digital PID: 17802
PID 17817 created thread for  TID: 17824
PID 17785 created child for Toys PID: 17816
PID 17801 created thread for  TID: 17815
PID 17783 created child for Home PID: 17796
PID 17785 created child for Beauty PID: 17791
PID 17806 created thread for  TID: 17830
PID 17787 created child for Market PID: 17814
PID 17792 created thread for  TID: 17822
PID 17786 created thread for  TID: 17804
PID 17810 created thread for  TID: 17825
PID 17784 created thread for  TID: 17821
PID 17789 created thread for  TID: 17828
PID 17788 created thread for  TID: 17809
PID 17813 created thread for  TID: 17826
PID 17792 created thread for  TID: 17839
PID 17794 created thread for  TID: 17831
PID 17802 created thread for  TID: 17832
PID 17786 created thread for  TID: 17840
PID 17787 created child for Food PID: 17807
PID 17803 created thread for  TID: 17823
PID 17806 created thread for  TID: 17836
PID 17792 created thread for  TID: 17845
PID 17810 created thread for  TID: 17841
PID 17820 created thread for  TID: 17829
PID 17791 created thread for  TID: 17838
PID 17803 created thread for  TID: 17850
PID 17789 created thread for  TID: 17843
PID 17794 created thread for  TID: 17848
PID 17820 created thread for  TID: 17854
PID 17784 created thread for  TID: 17842
PID 17792 created thread for  TID: 17852
PID 17788 created thread for  TID: 17844
PID 17813 created thread for  TID: 17846
PID 17803 created thread for  TID: 17855
PID 17788 created thread for  TID: 17861
PID 17792 created thread for  TID: 17860
PID 17789 created thread for  TID: 17856
PID 17786 created thread for  TID: 17847
PID 17820 created thread for  TID: 17862
PID 17791 created thread for  TID: 17857
PID 17806 created thread for  TID: 17849
PID 17784 created thread for  TID: 17859
PID 17813 created thread for  TID: 17863
PID 17792 created thread for  TID: 17866
PID 17810 created thread for  TID: 17853
PID 17787 created child for Apparel PID: 17793
PID 17789 created thread for  TID: 17867
PID 17794 created thread for  TID: 17858
PID 17803 created thread for  TID: 17864
PID 17788 created thread for  TID: 17865
PID 17820 created thread for  TID: 17869
PID 17784 created thread for  TID: 17871
PID 17788 created thread for  TID: 17880
PID 17786 created thread for  TID: 17868
PID 17806 created thread for  TID: 17872
PID 17787 created child for Home PID: 17812
PID 17789 created thread for  TID: 17878
PID 17788 created thread for  TID: 17885
PID 17806 created thread for  TID: 17884
PID 17813 created thread for  TID: 17873
PID 17793 created thread for  TID: 17879
PID 17803 created thread for  TID: 17877
PID 17810 created thread for  TID: 17875
PID 17786 created thread for  TID: 17886
PID 17806 created thread for  TID: 17891
PID 17813 created thread for  TID: 17889
PID 17789 created thread for  TID: 17887
PID 17803 created thread for  TID: 17893
PID 17785 created child for Food PID: 17799
PID 17793 created thread for  TID: 17895
PID 17810 created thread for  TID: 17892
PID 17806 created thread for  TID: 17896
PID 17786 created thread for  TID: 17894
PID 17794 created thread for  TID: 17876
PID 17787 created child for Beauty PID: 17797
PID 17810 created thread for  TID: 17902
PID 17813 created thread for  TID: 17897
PID 17803 created thread for  TID: 17899
PID 17789 created thread for  TID: 17898
PID 17785 created child for Market PID: 17808
PID 17786 created thread for  TID: 17903
PID 17810 created thread for  TID: 17906
PID 17803 created thread for  TID: 17908
PID 17799 created thread for  TID: 17901
PID 17810 created thread for  TID: 17911
PID 17806 created thread for  TID: 17904
PID 17789 created thread for  TID: 17909
PID 17806 created thread for  TID: 17917
PID 17813 created thread for  TID: 17910
PID 17786 created thread for  TID: 17912
PID 17807 created thread for  TID: 17851
PID 17797 created thread for  TID: 17907
PID 17814 created thread for  TID: 17913
PID 17810 created thread for  TID: 17915
PID 17786 created thread for  TID: 17920
PID 17803 created thread for  TID: 17916
PID 17797 created thread for  TID: 17922
PID 17814 created thread for  TID: 17924
PID 17810 created thread for  TID: 17925
PID 17813 created thread for  TID: 17921
PID 17806 created thread for  TID: 17919
PID 17812 created thread for  TID: 17890
PID 17810 created thread for  TID: 17929
PID 17799 created thread for  TID: 17926
PID 17803 created thread for  TID: 17928
PID 17813 created thread for  TID: 17932
PID 17789 created thread for  TID: 17918
PID 17812 created thread for  TID: 17934
PID 17786 created thread for  TID: 17927
PID 17797 created thread for  TID: 17930
PID 17814 created thread for  TID: 17931
PID 17813 created thread for  TID: 17937
PID 17810 created thread for  TID: 17935
PID 17796 created thread for  TID: 17837
PID 17803 created thread for  TID: 17936
PID 17786 created thread for  TID: 17941
PID 17814 created thread for  TID: 17943
PID 17789 created thread for  TID: 17939
PID 17806 created thread for  TID: 17933
PID 17797 created thread for  TID: 17942
PID 17812 created thread for  TID: 17940
PID 17786 created thread for  TID: 17947
PID 17799 created thread for  TID: 17938
PID 17813 created thread for  TID: 17944
PID 17810 created thread for  TID: 17945
PID 17789 created thread for  TID: 17949
PID 17812 created thread for  TID: 17953
PID 17803 created thread for  TID: 17946
PID 17810 created thread for  TID: 17956
PID 17796 created thread for  TID: 17948
PID 17813 created thread for  TID: 17955
PID 17806 created thread for  TID: 17951
PID 17786 created thread for  TID: 17954
PID 17814 created thread for  TID: 17950
PID 17797 created thread for  TID: 17952
PID 17799 created thread for  TID: 17957
PID 17796 created thread for  TID: 17963
PID 17810 created thread for  TID: 17960
PID 17803 created thread for  TID: 17959
PID 17786 created thread for  TID: 17965
PID 17806 created thread for  TID: 17964
PID 17799 created thread for  TID: 17968
PID 17796 created thread for  TID: 17969
PID 17789 created thread for  TID: 17958
PID 17797 created thread for  TID: 17967
PID 17814 created thread for  TID: 17966
PID 17803 created thread for  TID: 17970
PID 17806 created thread for  TID: 17973
PID 17810 created thread for  TID: 17971
PID 17796 created thread for  TID: 17975
PID 17786 created thread for  TID: 17972
PID 17801 created thread for  TID: 17833
PID 17803 created thread for  TID: 17978
PID 17813 created thread for  TID: 17962
PID 17812 created thread for  TID: 17961
PID 17816 created thread for  TID: 17834
PID 17796 created thread for  TID: 17980
PID 17803 created thread for  TID: 17982
PID 17801 created thread for  TID: 17983
PID 17799 created thread for  TID: 17974
PID 17814 created thread for  TID: 17977
PID 17796 created thread for  TID: 17988
PID 17817 created thread for  TID: 17835
PID 17806 created thread for  TID: 17979
PID 17797 created thread for  TID: 17984
PID 17786 created thread for  TID: 17981
PID 17810 created thread for  TID: 17987
PID 17802 created thread for  TID: 17995
PID 17813 created thread for  TID: 17985
PID 17806 created thread for  TID: 17996
PID 17817 created thread for  TID: 17997
PID 17816 created thread for  TID: 17989
PID 17797 created thread for  TID: 17999
PID 17803 created thread for  TID: 17990
PID 17799 created thread for  TID: 17991
PID 17812 created thread for  TID: 17986
PID 17786 created thread for  TID: 17998
PID 17806 created thread for  TID: 18001
PID 17814 created thread for  TID: 17993
PID 17802 created thread for  TID: 18003
PID 17797 created thread for  TID: 18004
PID 17803 created thread for  TID: 18005
PID 17813 created thread for  TID: 18002
PID 17799 created thread for  TID: 18006
PID 17806 created thread for  TID: 18010
PID 17820 created thread for  TID: 17881
PID 17796 created thread for  TID: 17994
PID 17816 created thread for  TID: 18008
PID 17803 created thread for  TID: 18013
PID 17813 created thread for  TID: 18015
PID 17817 created thread for  TID: 18014
PID 17812 created thread for  TID: 18009
PID 17820 created thread for  TID: 18017
PID 17796 created thread for  TID: 18019
PID 17806 created thread for  TID: 18020
PID 17816 created thread for  TID: 18018
PID 17786 created thread for  TID: 18007
PID 17820 created thread for  TID: 18024
PID 17797 created thread for  TID: 18012
PID 17803 created thread for  TID: 18021
PID 17813 created thread for  TID: 18022
PID 17812 created thread for  TID: 18025
PID 17816 created thread for  TID: 18028
PID 17814 created thread for  TID: 18011
PID 17786 created thread for  TID: 18029
PID 17803 created thread for  TID: 18032
PID 17791 created thread for  TID: 17870
PID 17817 created thread for  TID: 18023
PID 17812 created thread for  TID: 18034
PID 17799 created thread for  TID: 18016
PID 17813 created thread for  TID: 18033
PID 17816 created thread for  TID: 18035
PID 17803 created thread for  TID: 18038
PID 17797 created thread for  TID: 18030
PID 17792 created thread for  TID: 17874
PID 17791 created thread for  TID: 18039
PID 17813 created thread for  TID: 18043
PID 17803 created thread for  TID: 18044
PID 17799 created thread for  TID: 18041
PID 17820 created thread for  TID: 18031
PID 17812 created thread for  TID: 18045
PID 17784 created thread for  TID: 17883
PID 17792 created thread for  TID: 18047
PID 17817 created thread for  TID: 18040
PID 17791 created thread for  TID: 18048
PID 17786 created thread for  TID: 18037
PID 17820 created thread for  TID: 18053
PID 17794 created thread for  TID: 17905
PID 17797 created thread for  TID: 18046
PID 17799 created thread for  TID: 18051
PID 17784 created thread for  TID: 18054
PID 17803 created thread for  TID: 18050
PID 17812 created thread for  TID: 18052
PID 17793 created thread for  TID: 17900
PID 17786 created thread for  TID: 18058
PID 17813 created thread for  TID: 18049
PID 17808 created thread for  TID: 17914
PID 17799 created thread for  TID: 18062
PID 17803 created thread for  TID: 18063
PID 17788 created thread for  TID: 17888
PID 17792 created thread for  TID: 18055
PID 17793 created thread for  TID: 18066
PID 17817 created thread for  TID: 18056
PID 17820 created thread for  TID: 18059
PID 17812 created thread for  TID: 18064
PID 17813 created thread for  TID: 18067
PID 17797 created thread for  TID: 18060
PID 17793 created thread for  TID: 18075
PID 17807 created thread for  TID: 17923
PID 17791 created thread for  TID: 18057
PID 17789 created thread for  TID: 17976
PID 17784 created thread for  TID: 18065
PID 17794 created thread for  TID: 18061
PID 17817 created thread for  TID: 18074
PID 17789 created thread for  TID: 18083
PID 17813 created thread for  TID: 18078
PID 17801 created thread for  TID: 17992
PID 17797 created thread for  TID: 18079
PID 17794 created thread for  TID: 18085
PID 17810 created thread for  TID: 18000
PID 17796 created thread for  TID: 18026
PID 17813 created thread for  TID: 18088
PID 17803 created thread for  TID: 18071
PID 17812 created thread for  TID: 18077
PID 17797 created thread for  TID: 18091
PID 17801 created thread for  TID: 18090
PID 17813 created thread for  TID: 18095
PID 17793 created thread for  TID: 18080
PID 17812 created thread for  TID: 18097
PID 17784 created thread for  TID: 18084
PID 17814 created thread for  TID: 18036
PID 17797 created thread for  TID: 18100
PID 17803 created thread for  TID: 18096
PID 17801 created thread for  TID: 18098
PID 17789 created thread for  TID: 18086
PID 17816 created thread for  TID: 18042
PID 17817 created thread for  TID: 18087
PID 17813 created thread for  TID: 18099
PID 17797 created thread for  TID: 18106
PID 17816 created thread for  TID: 18108
PID 17786 created thread for  TID: 18068
PID 17801 created thread for  TID: 18105
PID 17812 created thread for  TID: 18102
PID 17817 created thread for  TID: 18109
PID 17808 created thread for  TID: 18069
PID 17801 created thread for  TID: 18115
PID 17810 created thread for  TID: 18093
PID 17786 created thread for  TID: 18114
PID 17789 created thread for  TID: 18111
PID 17808 created thread for  TID: 18118
PID 17812 created thread for  TID: 18116
PID 17796 created thread for  TID: 18094
PID 17817 created thread for  TID: 18117
PID 17807 created thread for  TID: 18082
PID 17808 created thread for  TID: 18122
PID 17799 created thread for  TID: 18070
PID 17801 created thread for  TID: 18119
PID 17817 created thread for  TID: 18124
PID 17803 created thread for  TID: 18107
PID 17791 created thread for  TID: 18081
PID 17806 created thread for  TID: 18027
PID 17812 created thread for  TID: 18123
PID 17801 created thread for  TID: 18128
PID 17793 created thread for  TID: 18101
PID 17799 created thread for  TID: 18132
PID 17808 created thread for  TID: 18127
PID 17796 created thread for  TID: 18125
PID 17807 created thread for  TID: 18129
PID 17814 created thread for  TID: 18104
PID 17791 created thread for  TID: 18133
PID 17789 created thread for  TID: 18126
PID 17797 created thread for  TID: 18112
PID 17812 created thread for  TID: 18135
PID 17796 created thread for  TID: 18140
PID 17814 created thread for  TID: 18143
PID 17808 created thread for  TID: 18139
PID 17816 created thread for  TID: 18113
PID 17797 created thread for  TID: 18144
PID 17788 created thread for  TID: 18072
PID 17812 created thread for  TID: 18145
PID 17789 created thread for  TID: 18146
PID 17813 created thread for  TID: 18110
PID 17792 created thread for  TID: 18073
PID 17808 created thread for  TID: 18150
PID 17791 created thread for  TID: 18142
PID 17797 created thread for  TID: 18151
PID 17803 created thread for  TID: 18130
PID 17796 created thread for  TID: 18147
PID 17792 created thread for  TID: 18157
PID 17812 created thread for  TID: 18152
PID 17820 created thread for  TID: 18076
PID 17797 created thread for  TID: 18159
PID 17791 created thread for  TID: 18158
PID 17817 created thread for  TID: 18131
PID 17789 created thread for  TID: 18153
PID 17803 created thread for  TID: 18161
PID 17799 created thread for  TID: 18136
PID 17796 created thread for  TID: 18160
PID 17793 created thread for  TID: 18138
PID 17791 created thread for  TID: 18165
PID 17803 created thread for  TID: 18170
PID 17801 created thread for  TID: 18137
PID 17817 created thread for  TID: 18167
PID 17792 created thread for  TID: 18166
PID 17802 created thread for  TID: 18089
PID 17807 created thread for  TID: 18141
PID 17796 created thread for  TID: 18169
PID 17791 created thread for  TID: 18173
PID 17794 created thread for  TID: 18092
PID 17803 created thread for  TID: 18174
PID 17807 created thread for  TID: 18178
PID 17816 created thread for  TID: 18149
PID 17803 created thread for  TID: 18182
PID 17801 created thread for  TID: 18175
PID 17784 created thread for  TID: 18103
PID 17808 created thread for  TID: 18156
PID 17791 created thread for  TID: 18181
PID 17801 created thread for  TID: 18186
PID 17812 created thread for  TID: 18162
PID 17816 created thread for  TID: 18183
PID 17806 created thread for  TID: 18134
PID 17791 created thread for  TID: 18191
PID 17808 created thread for  TID: 18190
PID 17792 created thread for  TID: 18189
PID 17820 created thread for  TID: 18163
PID 17810 created thread for  TID: 18120
PID 17791 created thread for  TID: 18196
PID 17799 created thread for  TID: 18171
PID 17806 created thread for  TID: 18194
PID 17801 created thread for  TID: 18193
PID 17788 created thread for  TID: 18154
PID 17810 created thread for  TID: 18198
PID 17793 created thread for  TID: 18172
PID 17808 created thread for  TID: 18197
PID 17786 created thread for  TID: 18121
PID 17810 created thread for  TID: 18206
PID 17817 created thread for  TID: 18177
PID 17792 created thread for  TID: 18200
PID 17788 created thread for  TID: 18204
PID 17820 created thread for  TID: 18199
PID 17810 created thread for  TID: 18210
PID 17794 created thread for  TID: 18179
PID 17801 created thread for  TID: 18203
PID 17810 created thread for  TID: 18213
PID 17784 created thread for  TID: 18188
PID 17796 created thread for  TID: 18180
PID 17806 created thread for  TID: 18205
PID 17814 created thread for  TID: 18148
PID 17807 created thread for  TID: 18187
PID 17792 created thread for  TID: 18212
PID 17788 created thread for  TID: 18214
PID 17801 created thread for  TID: 18217
PID 17814 created thread for  TID: 18222
PID 17820 created thread for  TID: 18216
PID 17812 created thread for  TID: 18192
PID 17808 created thread for  TID: 18208
PID 17806 created thread for  TID: 18221
PID 17801 created thread for  TID: 18226
PID 17816 created thread for  TID: 18195
PID 17786 created thread for  TID: 18209
PID 17814 created thread for  TID: 18227
PID 17810 created thread for  TID: 18218
PID 17788 created thread for  TID: 18225
PID 17816 created thread for  TID: 18233
PID 17817 created thread for  TID: 18211
PID 17806 created thread for  TID: 18230
PID 17814 created thread for  TID: 18235
PID 17820 created thread for  TID: 18229
PID 17792 created thread for  TID: 18224
PID 17810 created thread for  TID: 18236
PID 17814 created thread for  TID: 18241
PID 17788 created thread for  TID: 18237
PID 17813 created thread for  TID: 18155
PID 17801 created thread for  TID: 18232
PID 17799 created thread for  TID: 18202
PID 17792 created thread for  TID: 18242
PID 17784 created thread for  TID: 18220
PID 17801 created thread for  TID: 18248
PID 17794 created thread for  TID: 18215
PID 17820 created thread for  TID: 18243
PID 17813 created thread for  TID: 18247
PID 17793 created thread for  TID: 18207
PID 17810 created thread for  TID: 18244
PID 17796 created thread for  TID: 18219
PID 17801 created thread for  TID: 18253
PID 17794 created thread for  TID: 18252
PID 17799 created thread for  TID: 18249
PID 17793 created thread for  TID: 18255
PID 17807 created thread for  TID: 18223
PID 17820 created thread for  TID: 18254
PID 17784 created thread for  TID: 18251
PID 17799 created thread for  TID: 18260
PID 17810 created thread for  TID: 18256
PID 17812 created thread for  TID: 18228
PID 17820 created thread for  TID: 18263
PID 17797 created thread for  TID: 18164
PID 17796 created thread for  TID: 18258
PID 17793 created thread for  TID: 18261
PID 17786 created thread for  TID: 18234
PID 17794 created thread for  TID: 18259
PID 17784 created thread for  TID: 18264
PID 17814 created thread for  TID: 18245
PID 17816 created thread for  TID: 18238
PID 17801 created thread for  TID: 18265
PID 17797 created thread for  TID: 18270
PID 17814 created thread for  TID: 18276
PID 17792 created thread for  TID: 18250
PID 17789 created thread for  TID: 18168
PID 17796 created thread for  TID: 18271
PID 17797 created thread for  TID: 18278
PID 17802 created thread for  TID: 18176
PID 17807 created thread for  TID: 18262
PID 17814 created thread for  TID: 18279
PID 17803 created thread for  TID: 18185
PID 17792 created thread for  TID: 18285
PID 17789 created thread for  TID: 18280
PID 17791 created thread for  TID: 18201
PID 17813 created thread for  TID: 18257
PID 17803 created thread for  TID: 18287
PID 17796 created thread for  TID: 18281
PID 17808 created thread for  TID: 18231
PID 17797 created thread for  TID: 18282
PID 17820 created thread for  TID: 18269
PID 17817 created thread for  TID: 18239
PID 17786 created thread for  TID: 18273
PID 17796 created thread for  TID: 18294
PID 17801 created thread for  TID: 18284
PID 17792 created thread for  TID: 18291
PID 17820 created thread for  TID: 18296
PID 17794 created thread for  TID: 18274
PID 17814 created thread for  TID: 18286
PID 17806 created thread for  TID: 18240
PID 17784 created thread for  TID: 18275
PID 17817 created thread for  TID: 18298
PID 17786 created thread for  TID: 18299
PID 17807 created thread for  TID: 18288
PID 17796 created thread for  TID: 18300
PID 17784 created thread for  TID: 18305
PID 17812 created thread for  TID: 18268
PID 17807 created thread for  TID: 18310
PID 17784 created thread for  TID: 18312
PID 17796 created thread for  TID: 18311
PID 17817 created thread for  TID: 18308
PID 17791 created thread for  TID: 18289
PID 17808 created thread for  TID: 18297
PID 17784 created thread for  TID: 18314
PID 17817 created thread for  TID: 18317
PID 17786 created thread for  TID: 18306
PID 17789 created thread for  TID: 18290
PID 17784 created thread for  TID: 18321
PID 17801 created thread for  TID: 18309
PID 17797 created thread for  TID: 18295
PID 17817 created thread for  TID: 18320
PID 17791 created thread for  TID: 18318
PID 17808 created thread for  TID: 18319
PID 17794 created thread for  TID: 18303
PID 17817 created thread for  TID: 18325
PID 17791 created thread for  TID: 18327
PID 17814 created thread for  TID: 18304
PID 17797 created thread for  TID: 18326
PID 17791 created thread for  TID: 18332
PID 17812 created thread for  TID: 18313
PID 17817 created thread for  TID: 18331
PID 17786 created thread for  TID: 18328
PID 17791 created thread for  TID: 18334
PID 17808 created thread for  TID: 18329
PID 17789 created thread for  TID: 18322
PID 17817 created thread for  TID: 18336
PID 17788 created thread for  TID: 18246
PID 17801 created thread for  TID: 18324
PID 17808 created thread for  TID: 18338
PID 17812 created thread for  TID: 18335
PID 17793 created thread for  TID: 18272
PID 17814 created thread for  TID: 18333
PID 17810 created thread for  TID: 18266
PID 17786 created thread for  TID: 18341
PID 17796 created thread for  TID: 18316
PID 17792 created thread for  TID: 18301
PID 17797 created thread for  TID: 18343
PID 17799 created thread for  TID: 18267
PID 17807 created thread for  TID: 18315
PID 17802 created thread for  TID: 18283
PID 17806 created thread for  TID: 18307
PID 17817 created thread for  TID: 18342
PID 17794 created thread for  TID: 18330
PID 17813 created thread for  TID: 18292
PID 17820 created thread for  TID: 18302
PID 17784 created thread for  TID: 18323
PID 17803 created thread for  TID: 18293
PID 17788 created thread for  TID: 18344
PID 17793 created thread for  TID: 18347
PID 17816 created thread for  TID: 18277
PID 17792 created thread for  TID: 18352
PID 17797 created thread for  TID: 18354
PID 17802 created thread for  TID: 18355
PID 17807 created thread for  TID: 18357
PID 17793 created thread for  TID: 18366
PID 17799 created thread for  TID: 18353
PID 17802 created thread for  TID: 18370
PID 17807 created thread for  TID: 18371
PID 17812 created thread for  TID: 18348
PID 17793 created thread for  TID: 18372
PID 17806 created thread for  TID: 18356
PID 17796 created thread for  TID: 18351
PID 17812 created thread for  TID: 18375
PID 17799 created thread for  TID: 18373
PID 17816 created thread for  TID: 18369
PID 17803 created thread for  TID: 18363
PID 17807 created thread for  TID: 18377
PID 17802 created thread for  TID: 18374
PID 17794 created thread for  TID: 18358
PID 17812 created thread for  TID: 18381
PID 17791 created thread for  TID: 18337
PID 17797 created thread for  TID: 18368
PID 17803 created thread for  TID: 18383
PID 17799 created thread for  TID: 18380
PID 17812 created thread for  TID: 18387
PID 17817 created thread for  TID: 18360
PID 17791 created thread for  TID: 18388
PID 17799 created thread for  TID: 18391
PID 17806 created thread for  TID: 18378
PID 17813 created thread for  TID: 18359
PID 17820 created thread for  TID: 18362
PID 17788 created thread for  TID: 18365
PID 17796 created thread for  TID: 18379
PID 17791 created thread for  TID: 18393
PID 17814 created thread for  TID: 18361
PID 17792 created thread for  TID: 18367
PID 17812 created thread for  TID: 18392
PID 17799 created thread for  TID: 18397
PID 17806 created thread for  TID: 18395
PID 17784 created thread for  TID: 18364
PID 17791 created thread for  TID: 18401
PID 17802 created thread for  TID: 18386
PID 17814 created thread for  TID: 18403
PID 17796 created thread for  TID: 18400
PID 17816 created thread for  TID: 18382
PID 17784 created thread for  TID: 18407
PID 17814 created thread for  TID: 18410
PID 17789 created thread for  TID: 18339
PID 17794 created thread for  TID: 18385
PID 17813 created thread for  TID: 18398
PID 17791 created thread for  TID: 18408
PID 17806 created thread for  TID: 18412
PID 17808 created thread for  TID: 18345
PID 17812 created thread for  TID: 18405
PID 17788 created thread for  TID: 18399
PID 17816 created thread for  TID: 18414
PID 17791 created thread for  TID: 18417
PID 17801 created thread for  TID: 18346
PID 17789 created thread for  TID: 18416
PID 17793 created thread for  TID: 18376
PID 17810 created thread for  TID: 18349
PID 17794 created thread for  TID: 18419
PID 17813 created thread for  TID: 18418
PID 17784 created thread for  TID: 18413
PID 17793 created thread for  TID: 18428
PID 17807 created thread for  TID: 18384
PID 17812 created thread for  TID: 18422
PID 17789 created thread for  TID: 18427
PID 17794 created thread for  TID: 18430
PID 17814 created thread for  TID: 18415
PID 17799 created thread for  TID: 18406
PID 17803 created thread for  TID: 18389
PID 17784 created thread for  TID: 18432
PID 17816 created thread for  TID: 18424
PID 17788 created thread for  TID: 18423
PID 17799 created thread for  TID: 18438
PID 17789 created thread for  TID: 18435
PID 17813 created thread for  TID: 18431
PID 17810 created thread for  TID: 18429
PID 17797 created thread for  TID: 18390
PID 17814 created thread for  TID: 18439
PID 17786 created thread for  TID: 18350
PID 17812 created thread for  TID: 18434
PID 17789 created thread for  TID: 18443
PID 17797 created thread for  TID: 18445
PID 17814 created thread for  TID: 18446
PID 17813 created thread for  TID: 18444
PID 17796 created thread for  TID: 18411
PID 17812 created thread for  TID: 18450
PID 17799 created thread for  TID: 18448
PID 17802 created thread for  TID: 18409
PID 17806 created thread for  TID: 18420
PID 17786 created thread for  TID: 18449
PID 17810 created thread for  TID: 18447
PID 17803 created thread for  TID: 18440
PID 17794 created thread for  TID: 18436
PID 17808 created thread for  TID: 18421
PID 17802 created thread for  TID: 18460
PID 17789 created thread for  TID: 18451
PID 17814 created thread for  TID: 18455
PID 17801 created thread for  TID: 18425
PID 17799 created thread for  TID: 18459
PID 17812 created thread for  TID: 18458
PID 17808 created thread for  TID: 18466
PID 17817 created thread for  TID: 18396
PID 17791 created thread for  TID: 18426
PID 17803 created thread for  TID: 18464
PID 17812 created thread for  TID: 18472
PID 17793 created thread for  TID: 18433
PID 17794 created thread for  TID: 18465
PID 17796 created thread for  TID: 18457
PID 17814 created thread for  TID: 18468
PID 17801 created thread for  TID: 18471
PID 17820 created thread for  TID: 18402
PID 17786 created thread for  TID: 18461
PID 17788 created thread for  TID: 18454
PID 17791 created thread for  TID: 18475
PID 17806 created thread for  TID: 18462
PID 17802 created thread for  TID: 18469
PID 17792 created thread for  TID: 18404
PID 17784 created thread for  TID: 18441
PID 17820 created thread for  TID: 18485
PID 17810 created thread for  TID: 18463
PID 17799 created thread for  TID: 18470
PID 17792 created thread for  TID: 18487
PID 17803 created thread for  TID: 18476
PID 17802 created thread for  TID: 18488
PID 17814 created thread for  TID: 18481
PID 17792 created thread for  TID: 18493
PID 17812 created thread for  TID: 18477
PID 17796 created thread for  TID: 18480
PID 17792 created thread for  TID: 18496
PID 17794 created thread for  TID: 18479
PID 17806 created thread for  TID: 18489
PID 17799 created thread for  TID: 18492
PID 17793 created thread for  TID: 18478
PID 17792 created thread for  TID: 18500
PID 17820 created thread for  TID: 18490
PID 17801 created thread for  TID: 18482
PID 17803 created thread for  TID: 18494
PID 17786 created thread for  TID: 18483
PID 17814 created thread for  TID: 18498
PID 17802 created thread for  TID: 18495
PID 17810 created thread for  TID: 18491
PID 17807 created thread for  TID: 18437
PID 17784 created thread for  TID: 18497
PID 17814 created thread for  TID: 18510
PID 17794 created thread for  TID: 18502
PID 17816 created thread for  TID: 18442
PID 17797 created thread for  TID: 18453
PID 17799 created thread for  TID: 18503
PID 17796 created thread for  TID: 18499
PID 17808 created thread for  TID: 18473
PID 17803 created thread for  TID: 18509
PID 17806 created thread for  TID: 18512
PID 17813 created thread for  TID: 18456
PID 17817 created thread for  TID: 18474
PID 17812 created thread for  TID: 18501
PID 17801 created thread for  TID: 18506
PID 17792 created thread for  TID: 18505
PID 17793 created thread for  TID: 18504
PID 17814 created thread for  TID: 18517
PID 17794 created thread for  TID: 18518
PID 17789 created thread for  TID: 18467
PID 17786 created thread for  TID: 18507
PID 17788 created thread for  TID: 18484
PID 17802 created thread for  TID: 18511
PID 17810 created thread for  TID: 18513
PID 17797 created thread for  TID: 18520
PID 17791 created thread for  TID: 18486
PID 17808 created thread for  TID: 18523
PID 17807 created thread for  TID: 18514
PID 17784 created thread for  TID: 18516
PID 17789 created thread for  TID: 18530
PID 17820 created thread for  TID: 18515
PID 17812 created thread for  TID: 18527
PID 17788 created thread for  TID: 18533
PID 17810 created thread for  TID: 18534
PID 17806 created thread for  TID: 18524
PID 17813 created thread for  TID: 18526
PID 17801 created thread for  TID: 18538
PID 17792 created thread for  TID: 18528
PID 17817 created thread for  TID: 18525
PID 17786 created thread for  TID: 18532
PID 17808 created thread for  TID: 18541
PID 17810 created thread for  TID: 18548
PID 17803 created thread for  TID: 18535
PID 17791 created thread for  TID: 18537
PID 17794 created thread for  TID: 18531
PID 17814 created thread for  TID: 18540
PID 17793 created thread for  TID: 18529
PID 17807 created thread for  TID: 18542
PID 17788 created thread for  TID: 18547
PID 17793 created thread for  TID: 18559
PID 17812 created thread for  TID: 18546
PID 17789 created thread for  TID: 18544
PID 17801 created thread for  TID: 18554
PID 17816 created thread for  TID: 18519
PID 17806 created thread for  TID: 18549
PID 17814 created thread for  TID: 18560
PID 17784 created thread for  TID: 18543
PID 17794 created thread for  TID: 18558
PID 17803 created thread for  TID: 18562
PID 17786 created thread for  TID: 18553
PID 17812 created thread for  TID: 18565
PID 17788 created thread for  TID: 18563
PID 17810 created thread for  TID: 18556
PID 17808 created thread for  TID: 18555
PID 17807 created thread for  TID: 18561
PID 17816 created thread for  TID: 18568
PID 17812 created thread for  TID: 18574
PID 17793 created thread for  TID: 18564
PID 17799 created thread for  TID: 18522
PID 17784 created thread for  TID: 18569
PID 17814 created thread for  TID: 18570
PID 17788 created thread for  TID: 18575
PID 17808 created thread for  TID: 18578
PID 17816 created thread for  TID: 18579
PID 17789 created thread for  TID: 18566
PID 17796 created thread for  TID: 18521
PID 17812 created thread for  TID: 18580
PID 17810 created thread for  TID: 18576
PID 17801 created thread for  TID: 18567
PID 17802 created thread for  TID: 18536
PID 17814 created thread for  TID: 18584
PID 17816 created thread for  TID: 18591
PID 17793 created thread for  TID: 18581
PID 17786 created thread for  TID: 18573
PID 17806 created thread for  TID: 18589
PID 17813 created thread for  TID: 18550
PID 17802 created thread for  TID: 18595
PID 17807 created thread for  TID: 18577
PID 17793 created thread for  TID: 18596
PID 17788 created thread for  TID: 18586
PID 17797 created thread for  TID: 18539
PID 17812 created thread for  TID: 18592
PID 17801 created thread for  TID: 18594
PID 17799 created thread for  TID: 18582
PID 17810 created thread for  TID: 18593
PID 17816 created thread for  TID: 18601
PID 17796 created thread for  TID: 18590
PID 17784 created thread for  TID: 18583
PID 17793 created thread for  TID: 18604
PID 17814 created thread for  TID: 18597
PID 17799 created thread for  TID: 18609
PID 17802 created thread for  TID: 18602
PID 17807 created thread for  TID: 18603
PID 17789 created thread for  TID: 18587
PID 17810 created thread for  TID: 18610
PID 17788 created thread for  TID: 18606
PID 17816 created thread for  TID: 18611
PID 17812 created thread for  TID: 18607
PID 17808 created thread for  TID: 18588
PID 17789 created thread for  TID: 18619
PID 17814 created thread for  TID: 18615
PID 17807 created thread for  TID: 18618
PID 17793 created thread for  TID: 18613
PID 17812 created thread for  TID: 18623
PID 17789 created thread for  TID: 18625
PID 17802 created thread for  TID: 18616
PID 17808 created thread for  TID: 18624
PID 17812 created thread for  TID: 18628
PID 17799 created thread for  TID: 18617
PID 17789 created thread for  TID: 18630
PID 17808 created thread for  TID: 18632
PID 17802 created thread for  TID: 18631
PID 17793 created thread for  TID: 18626
PID 17799 created thread for  TID: 18634
PID 17812 created thread for  TID: 18633
PID 17808 created thread for  TID: 18636
PID 17814 created thread for  TID: 18627
PID 17789 created thread for  TID: 18635
PID 17813 created thread for  TID: 18599
PID 17793 created thread for  TID: 18639
PID 17802 created thread for  TID: 18637
PID 17806 created thread for  TID: 18600
PID 17807 created thread for  TID: 18629
PID 17797 created thread for  TID: 18605
PID 17814 created thread for  TID: 18642
PID 17799 created thread for  TID: 18640
PID 17807 created thread for  TID: 18648
PID 17793 created thread for  TID: 18646
PID 17797 created thread for  TID: 18650
PID 17812 created thread for  TID: 18641
PID 17814 created thread for  TID: 18652
PID 17820 created thread for  TID: 18545
PID 17789 created thread for  TID: 18649
PID 17793 created thread for  TID: 18653
PID 17813 created thread for  TID: 18644
PID 17807 created thread for  TID: 18655
PID 17792 created thread for  TID: 18551
PID 17799 created thread for  TID: 18651
PID 17812 created thread for  TID: 18656
PID 17814 created thread for  TID: 18657
PID 17817 created thread for  TID: 18552
PID 17813 created thread for  TID: 18660
PID 17807 created thread for  TID: 18661
PID 17820 created thread for  TID: 18658
PID 17797 created thread for  TID: 18654
PID 17817 created thread for  TID: 18668
PID 17802 created thread for  TID: 18645
PID 17807 created thread for  TID: 18670
PID 17786 created thread for  TID: 18598
PID 17812 created thread for  TID: 18664
PID 17814 created thread for  TID: 18666
PID 17808 created thread for  TID: 18643
PID 17801 created thread for  TID: 18608
PID 17802 created thread for  TID: 18674
PID 17820 created thread for  TID: 18671
PID 17799 created thread for  TID: 18665
PID 17796 created thread for  TID: 18612
PID 17807 created thread for  TID: 18675
PID 17814 created thread for  TID: 18677
PID 17817 created thread for  TID: 18672
PID 17820 created thread for  TID: 18683
PID 17796 created thread for  TID: 18684
PID 17812 created thread for  TID: 18679
PID 17820 created thread for  TID: 18688
PID 17814 created thread for  TID: 18687
PID 17817 created thread for  TID: 18686
PID 17791 created thread for  TID: 18557
PID 17807 created thread for  TID: 18685
PID 17796 created thread for  TID: 18689
PID 17814 created thread for  TID: 18691
PID 17813 created thread for  TID: 18669
PID 17806 created thread for  TID: 18647
PID 17794 created thread for  TID: 18571
PID 17808 created thread for  TID: 18678
PID 17803 created thread for  TID: 18572
PID 17820 created thread for  TID: 18692
PID 17801 created thread for  TID: 18680
PID 17791 created thread for  TID: 18694
PID 17789 created thread for  TID: 18659
PID 17806 created thread for  TID: 18698
PID 17812 created thread for  TID: 18690
PID 17797 created thread for  TID: 18673
PID 17814 created thread for  TID: 18696
PID 17793 created thread for  TID: 18662
PID 17817 created thread for  TID: 18701
PID 17803 created thread for  TID: 18704
PID 17792 created thread for  TID: 18663
PID 17812 created thread for  TID: 18709
PID 17791 created thread for  TID: 18705
PID 17794 created thread for  TID: 18699
PID 17801 created thread for  TID: 18706
PID 17813 created thread for  TID: 18697
PID 17807 created thread for  TID: 18700
PID 17801 created thread for  TID: 18719
PID 17817 created thread for  TID: 18713
PID 17808 created thread for  TID: 18702
PID 17789 created thread for  TID: 18707
PID 17796 created thread for  TID: 18695
PID 17806 created thread for  TID: 18708
PID 17797 created thread for  TID: 18710
PID 17791 created thread for  TID: 18716
PID 17814 created thread for  TID: 18711
PID 17784 created thread for  TID: 18614
PID 17794 created thread for  TID: 18717
PID 17801 created thread for  TID: 18722
PID 17793 created thread for  TID: 18712
PID 17784 created thread for  TID: 18730
PID 17813 created thread for  TID: 18720
PID 17812 created thread for  TID: 18718
PID 17808 created thread for  TID: 18724
PID 17797 created thread for  TID: 18728
PID 17814 created thread for  TID: 18729
PID 17794 created thread for  TID: 18731
PID 17796 created thread for  TID: 18726
PID 17803 created thread for  TID: 18714
PID 17792 created thread for  TID: 18715
PID 17791 created thread for  TID: 18732
PID 17789 created thread for  TID: 18725
PID 17801 created thread for  TID: 18733
PID 17814 created thread for  TID: 18740
PID 17807 created thread for  TID: 18721
PID 17820 created thread for  TID: 18703
PID 17796 created thread for  TID: 18743
PID 17817 created thread for  TID: 18723
PID 17812 created thread for  TID: 18737
PID 17792 created thread for  TID: 18744
PID 17794 created thread for  TID: 18741
PID 17820 created thread for  TID: 18751
PID 17803 created thread for  TID: 18742
PID 17789 created thread for  TID: 18745
PID 17808 created thread for  TID: 18739
PID 17820 created thread for  TID: 18755
PID 17817 created thread for  TID: 18752
PID 17791 created thread for  TID: 18746
PID 17814 created thread for  TID: 18748
PID 17797 created thread for  TID: 18738
PID 17820 created thread for  TID: 18760
PID 17796 created thread for  TID: 18750
PID 17812 created thread for  TID: 18753
PID 17807 created thread for  TID: 18749
PID 17820 created thread for  TID: 18764
PID 17791 created thread for  TID: 18762
PID 17792 created thread for  TID: 18754
PID 17808 created thread for  TID: 18759
PID 17789 created thread for  TID: 18758
PID 17814 created thread for  TID: 18765
PID 17796 created thread for  TID: 18766
PID 17794 created thread for  TID: 18756
PID 17803 created thread for  TID: 18757
PID 17817 created thread for  TID: 18761
PID 17812 created thread for  TID: 18767
PID 17796 created thread for  TID: 18774
PID 17820 created thread for  TID: 18769
PID 17808 created thread for  TID: 18771
PID 17797 created thread for  TID: 18763
PID 17796 created thread for  TID: 18779
PID 17791 created thread for  TID: 18770
PID 17794 created thread for  TID: 18775
PID 17807 created thread for  TID: 18768
PID 17808 created thread for  TID: 18782
PID 17789 created thread for  TID: 18772
PID 17814 created thread for  TID: 18773
PID 17820 created thread for  TID: 18780
PID 17796 created thread for  TID: 18784
PID 17794 created thread for  TID: 18786
PID 17791 created thread for  TID: 18785
PID 17814 created thread for  TID: 18791
PID 17789 created thread for  TID: 18789
PID 17797 created thread for  TID: 18783
PID 17794 created thread for  TID: 18793
PID 17807 created thread for  TID: 18787
PID 17820 created thread for  TID: 18790
PID 17794 created thread for  TID: 18797
PID 17808 created thread for  TID: 18788
PID 17810 created thread for  TID: 18620
PID 17789 created thread for  TID: 18795
PID 17794 created thread for  TID: 18801
PID 17791 created thread for  TID: 18794
PID 17816 created thread for  TID: 18622
PID 17814 created thread for  TID: 18796
PID 17807 created thread for  TID: 18799
PID 17794 created thread for  TID: 18805
PID 17791 created thread for  TID: 18806
PID 17820 created thread for  TID: 18800
PID 17797 created thread for  TID: 18798
PID 17807 created thread for  TID: 18808
PID 17788 created thread for  TID: 18621
PID 17792 created thread for  TID: 18776
PID 17810 created thread for  TID: 18803
PID 17794 created thread for  TID: 18809
PID 17786 created thread for  TID: 18676
PID 17789 created thread for  TID: 18804
PID 17808 created thread for  TID: 18802
PID 17814 created thread for  TID: 18811
PID 17807 created thread for  TID: 18813
PID 17802 created thread for  TID: 18681
PID 17820 created thread for  TID: 18812
PID 17792 created thread for  TID: 18815
PID 17797 created thread for  TID: 18814
PID 17808 created thread for  TID: 18822
PID 17799 created thread for  TID: 18682
PID 17794 created thread for  TID: 18818
PID 17789 created thread for  TID: 18819
PID 17806 created thread for  TID: 18727
PID 17814 created thread for  TID: 18821
PID 17784 created thread for  TID: 18735
PID 17791 created thread for  TID: 18810
PID 17786 created thread for  TID: 18820
PID 17797 created thread for  TID: 18826
PID 17820 created thread for  TID: 18825
PID 17814 created thread for  TID: 18832
PID 17784 created thread for  TID: 18833
PID 17786 created thread for  TID: 18835
PID 17803 created thread for  TID: 18777
PID 17806 created thread for  TID: 18831
PID 17791 created thread for  TID: 18834
PID 17788 created thread for  TID: 18817
PID 17797 created thread for  TID: 18836
PID 17814 created thread for  TID: 18839
PID 17789 created thread for  TID: 18837
PID 17816 created thread for  TID: 18807
PID 17784 created thread for  TID: 18840
PID 17786 created thread for  TID: 18841
PID 17794 created thread for  TID: 18829
PID 17788 created thread for  TID: 18845
PID 17806 created thread for  TID: 18843
PID 17813 created thread for  TID: 18736
PID 17810 created thread for  TID: 18816
PID 17803 created thread for  TID: 18842
PID 17789 created thread for  TID: 18848
PID 17808 created thread for  TID: 18830
PID 17807 created thread for  TID: 18823
PID 17814 created thread for  TID: 18846
PID 17801 created thread for  TID: 18747
PID 17820 created thread for  TID: 18838
PID 17813 created thread for  TID: 18855
PID 17802 created thread for  TID: 18824
PID 17794 created thread for  TID: 18853
PID 17810 created thread for  TID: 18856
PID 17791 created thread for  TID: 18844
PID 17796 created thread for  TID: 18792
PID 17799 created thread for  TID: 18827
PID 17820 created thread for  TID: 18863
PID 17806 created thread for  TID: 18857
PID 17808 created thread for  TID: 18861
PID 17793 created thread for  TID: 18734
PID 17789 created thread for  TID: 18858
PID 17820 created thread for  TID: 18871
PID 17784 created thread for  TID: 18851
PID 17801 created thread for  TID: 18862
PID 17802 created thread for  TID: 18865
PID 17806 created thread for  TID: 18873
PID 17813 created thread for  TID: 18864
PID 17786 created thread for  TID: 18852
PID 17808 created thread for  TID: 18874
PID 17814 created thread for  TID: 18860
PID 17796 created thread for  TID: 18872
PID 17803 created thread for  TID: 18866
PID 17788 created thread for  TID: 18854
PID 17817 created thread for  TID: 18778
PID 17808 created thread for  TID: 18883
PID 17802 created thread for  TID: 18880
PID 17801 created thread for  TID: 18879
PID 17806 created thread for  TID: 18881
PID 17796 created thread for  TID: 18885
PID 17786 created thread for  TID: 18888
PID 17814 created thread for  TID: 18884
PID 17803 created thread for  TID: 18886
PID 17813 created thread for  TID: 18882
PID 17801 created thread for  TID: 18892
PID 17812 created thread for  TID: 18781
PID 17814 created thread for  TID: 18896
PID 17803 created thread for  TID: 18897
PID 17789 created thread for  TID: 18878
PID 17796 created thread for  TID: 18894
PID 17786 created thread for  TID: 18895
PID 17791 created thread for  TID: 18870
PID 17802 created thread for  TID: 18891
PID 17803 created thread for  TID: 18901
PID 17810 created thread for  TID: 18867
PID 17814 created thread for  TID: 18903
PID 17806 created thread for  TID: 18893
PID 17796 created thread for  TID: 18904
PID 17817 created thread for  TID: 18889
PID 17788 created thread for  TID: 18887
PID 17789 created thread for  TID: 18902
PID 17810 created thread for  TID: 18908
PID 17808 created thread for  TID: 18890
PID 17813 created thread for  TID: 18898
PID 17786 created thread for  TID: 18905
PID 17806 created thread for  TID: 18913
PID 17801 created thread for  TID: 18899
PID 17808 created thread for  TID: 18915
PID 17803 created thread for  TID: 18919
PID 17810 created thread for  TID: 18914
PID 17802 created thread for  TID: 18907
PID 17812 created thread for  TID: 18900
PID 17789 created thread for  TID: 18916
PID 17792 created thread for  TID: 18828
PID 17791 created thread for  TID: 18906
PID 17806 created thread for  TID: 18920
PID 17817 created thread for  TID: 18911
PID 17797 created thread for  TID: 18849
PID 17801 created thread for  TID: 18921
PID 17816 created thread for  TID: 18850
PID 17813 created thread for  TID: 18918
PID 17807 created thread for  TID: 18859
PID 17802 created thread for  TID: 18925
PID 17803 created thread for  TID: 18923
PID 17786 created thread for  TID: 18917
PID 17799 created thread for  TID: 18868
PID 17808 created thread for  TID: 18922
PID 17794 created thread for  TID: 18869
PID 17817 created thread for  TID: 18934
PID 17810 created thread for  TID: 18924
PID 17789 created thread for  TID: 18927
PID 17793 created thread for  TID: 18875
PID 17794 created thread for  TID: 18941
PID 17806 created thread for  TID: 18929
PID 17803 created thread for  TID: 18937
PID 17799 created thread for  TID: 18945
PID 17810 created thread for  TID: 18943
PID 17820 created thread for  TID: 18876
PID 17791 created thread for  TID: 18931
PID 17784 created thread for  TID: 18877
PID 17801 created thread for  TID: 18932
PID 17794 created thread for  TID: 18946
PID 17789 created thread for  TID: 18944
PID 17814 created thread for  TID: 18909
PID 17817 created thread for  TID: 18942
PID 17791 created thread for  TID: 18952
PID 17786 created thread for  TID: 18938
PID 17810 created thread for  TID: 18951
PID 17812 created thread for  TID: 18926
PID 17817 created thread for  TID: 18958
PID 17793 created thread for  TID: 18947
PID 17797 created thread for  TID: 18930
PID 17786 created thread for  TID: 18960
PID 17817 created thread for  TID: 18964
PID 17792 created thread for  TID: 18928
PID 17797 created thread for  TID: 18966
PID 17788 created thread for  TID: 18912
PID 17793 created thread for  TID: 18965
PID 17816 created thread for  TID: 18933
PID 17796 created thread for  TID: 18910
PID 17814 created thread for  TID: 18957
PID 17813 created thread for  TID: 18935
PID 17817 created thread for  TID: 18968
PID 17797 created thread for  TID: 18970
PID 17791 created thread for  TID: 18959
PID 17803 created thread for  TID: 18949
PID 17813 created thread for  TID: 18976
PID 17788 created thread for  TID: 18972
PID 17814 created thread for  TID: 18974
PID 17801 created thread for  TID: 18954
PID 17784 created thread for  TID: 18953
PID 17817 created thread for  TID: 18977
PID 17816 created thread for  TID: 18973
PID 17803 created thread for  TID: 18981
PID 17794 created thread for  TID: 18955
PID 17797 created thread for  TID: 18978
PID 17793 created thread for  TID: 18971
PID 17817 created thread for  TID: 18986
PID 17786 created thread for  TID: 18967
PID 17796 created thread for  TID: 18975
PID 17794 created thread for  TID: 18988
PID 17803 created thread for  TID: 18991
PID 17814 created thread for  TID: 18982
PID 17813 created thread for  TID: 18980
PID 17801 created thread for  TID: 18984
PID 17803 created thread for  TID: 18995
PID 17793 created thread for  TID: 18989
PID 17784 created thread for  TID: 18985
PID 17801 created thread for  TID: 18998
PID 17786 created thread for  TID: 18992
PID 17817 created thread for  TID: 19000
PID 17796 created thread for  TID: 18993
PID 17801 created thread for  TID: 19003
PID 17793 created thread for  TID: 19001
PID 17816 created thread for  TID: 18987
PID 17788 created thread for  TID: 18983
PID 17796 created thread for  TID: 19006
PID 17807 created thread for  TID: 18936
PID 17803 created thread for  TID: 18999
PID 17801 created thread for  TID: 19007
PID 17796 created thread for  TID: 19010
PID 17802 created thread for  TID: 18939
PID 17803 created thread for  TID: 19012
PID 17789 created thread for  TID: 18956
PID 17793 created thread for  TID: 19008
PID 17808 created thread for  TID: 18940
PID 17807 created thread for  TID: 19013
PID 17806 created thread for  TID: 18948
PID 17802 created thread for  TID: 19016
PID 17816 created thread for  TID: 19009
PID 17793 created thread for  TID: 19019
PID 17794 created thread for  TID: 18994
PID 17806 created thread for  TID: 19024
PID 17813 created thread for  TID: 18997
PID 17816 created thread for  TID: 19025
PID 17796 created thread for  TID: 19014
PID 17802 created thread for  TID: 19023
PID 17784 created thread for  TID: 19002
PID 17806 created thread for  TID: 19027
PID 17820 created thread for  TID: 18950
PID 17817 created thread for  TID: 19005
PID 17796 created thread for  TID: 19029
PID 17802 created thread for  TID: 19031
PID 17813 created thread for  TID: 19028
PID 17786 created thread for  TID: 19004
PID 17820 created thread for  TID: 19033
PID 17794 created thread for  TID: 19026
PID 17817 created thread for  TID: 19034
PID 17788 created thread for  TID: 19011
PID 17813 created thread for  TID: 19036
PID 17802 created thread for  TID: 19035
PID 17788 created thread for  TID: 19041
PID 17820 created thread for  TID: 19039
PID 17813 created thread for  TID: 19042
PID 17816 created thread for  TID: 19030
PID 17786 created thread for  TID: 19038
PID 17817 created thread for  TID: 19040
PID 17806 created thread for  TID: 19032
PID 17788 created thread for  TID: 19044
PID 17817 created thread for  TID: 19048
PID 17816 created thread for  TID: 19047
PID 17820 created thread for  TID: 19046
PID 17810 created thread for  TID: 18961
PID 17786 created thread for  TID: 19049
PID 17806 created thread for  TID: 19050
PID 17817 created thread for  TID: 19052
PID 17810 created thread for  TID: 19054
PID 17788 created thread for  TID: 19051
PID 17820 created thread for  TID: 19055
PID 17786 created thread for  TID: 19056
PID 17807 created thread for  TID: 19022
PID 17810 created thread for  TID: 19059
PID 17820 created thread for  TID: 19062
PID 17786 created thread for  TID: 19063
PID 17817 created thread for  TID: 19058
PID 17813 created thread for  TID: 19045
PID 17793 created thread for  TID: 19061
PID 17807 created thread for  TID: 19065
PID 17808 created thread for  TID: 19020
PID 17792 created thread for  TID: 18969
PID 17817 created thread for  TID: 19070
PID 17820 created thread for  TID: 19066
PID 17813 created thread for  TID: 19068
PID 17807 created thread for  TID: 19071
PID 17802 created thread for  TID: 19043
PID 17793 created thread for  TID: 19069
PID 17808 created thread for  TID: 19072
PID 17792 created thread for  TID: 19073
PID 17799 created thread for  TID: 18962
PID 17813 created thread for  TID: 19079
PID 17802 created thread for  TID: 19080
PID 17807 created thread for  TID: 19076
PID 17820 created thread for  TID: 19081
PID 17808 created thread for  TID: 19078
PID 17817 created thread for  TID: 19074
PID 17793 created thread for  TID: 19075
PID 17808 created thread for  TID: 19086
PID 17807 created thread for  TID: 19085
PID 17799 created thread for  TID: 19082
PID 17792 created thread for  TID: 19077
PID 17813 created thread for  TID: 19083
PID 17802 created thread for  TID: 19084
PID 17807 created thread for  TID: 19090
PID 17799 created thread for  TID: 19091
PID 17808 created thread for  TID: 19092
PID 17817 created thread for  TID: 19088
PID 17802 created thread for  TID: 19095
PID 17792 created thread for  TID: 19094
PID 17793 created thread for  TID: 19089
PID 17813 created thread for  TID: 19093
PID 17820 created thread for  TID: 19087
PID 17807 created thread for  TID: 19096
PID 17817 created thread for  TID: 19099
PID 17812 created thread for  TID: 18963
PID 17808 created thread for  TID: 19098
PID 17802 created thread for  TID: 19100
PID 17792 created thread for  TID: 19103
PID 17814 created thread for  TID: 18996
PID 17820 created thread for  TID: 19104
PID 17794 created thread for  TID: 19108
PID 17812 created thread for  TID: 19106
PID 17807 created thread for  TID: 19105
PID 17802 created thread for  TID: 19109
PID 17813 created thread for  TID: 19102
PID 17801 created thread for  TID: 19015
PID 17814 created thread for  TID: 19110
PID 17792 created thread for  TID: 19111
PID 17817 created thread for  TID: 19107
PID 17810 created thread for  TID: 19064
PID 17794 created thread for  TID: 19116
PID 17808 created thread for  TID: 19112
PID 17820 created thread for  TID: 19113
PID 17784 created thread for  TID: 19114
PID 17813 created thread for  TID: 19118
PID 17807 created thread for  TID: 19119
PID 17816 created thread for  TID: 19053
PID 17814 created thread for  TID: 19121
PID 17792 created thread for  TID: 19122
PID 17813 created thread for  TID: 19129
PID 17814 created thread for  TID: 19130
PID 17820 created thread for  TID: 19127
PID 17808 created thread for  TID: 19128
PID 17794 created thread for  TID: 19125
PID 17810 created thread for  TID: 19124
PID 17814 created thread for  TID: 19135
PID 17792 created thread for  TID: 19132
PID 17817 created thread for  TID: 19123
PID 17806 created thread for  TID: 19057
PID 17820 created thread for  TID: 19136
PID 17808 created thread for  TID: 19139
PID 17792 created thread for  TID: 19141
PID 17817 created thread for  TID: 19142
PID 17814 created thread for  TID: 19140
PID 17813 created thread for  TID: 19134
PID 17806 created thread for  TID: 19143
PID 17814 created thread for  TID: 19146
PID 17820 created thread for  TID: 19145
PID 17810 created thread for  TID: 19138
PID 17788 created thread for  TID: 19060
PID 17808 created thread for  TID: 19144
PID 17814 created thread for  TID: 19151
PID 17813 created thread for  TID: 19149
PID 17784 created thread for  TID: 19126
PID 17806 created thread for  TID: 19150
PID 17810 created thread for  TID: 19152
PID 17814 created thread for  TID: 19155
PID 17807 created thread for  TID: 19131
PID 17794 created thread for  TID: 19137
PID 17808 created thread for  TID: 19156
PID 17784 created thread for  TID: 19158
PID 17806 created thread for  TID: 19159
PID 17816 created thread for  TID: 19133
PID 17807 created thread for  TID: 19161
PID 17792 created thread for  TID: 19147
PID 17799 created thread for  TID: 19097
PID 17814 created thread for  TID: 19162
PID 17813 created thread for  TID: 19157
PID 17794 created thread for  TID: 19163
PID 17784 created thread for  TID: 19165
PID 17806 created thread for  TID: 19166
PID 17816 created thread for  TID: 19167
PID 17791 created thread for  TID: 18979
PID 17810 created thread for  TID: 19160
PID 17792 created thread for  TID: 19168
PID 17806 created thread for  TID: 19175
PID 17794 created thread for  TID: 19173
PID 17813 created thread for  TID: 19172
PID 17812 created thread for  TID: 19115
PID 17816 created thread for  TID: 19176
PID 17820 created thread for  TID: 19154
PID 17792 created thread for  TID: 19179
PID 17810 created thread for  TID: 19177
PID 17797 created thread for  TID: 18990
PID 17784 created thread for  TID: 19174
PID 17817 created thread for  TID: 19148
PID 17791 created thread for  TID: 19178
PID 17812 created thread for  TID: 19184
PID 17814 created thread for  TID: 19170
PID 17788 created thread for  TID: 19153
PID 17802 created thread for  TID: 19117
PID 17810 created thread for  TID: 19188
PID 17817 created thread for  TID: 19191
PID 17807 created thread for  TID: 19171
PID 17792 created thread for  TID: 19187
PID 17791 created thread for  TID: 19192
PID 17788 created thread for  TID: 19195
PID 17797 created thread for  TID: 19189
PID 17813 created thread for  TID: 19183
PID 17812 created thread for  TID: 19193
PID 17813 created thread for  TID: 19203
PID 17810 created thread for  TID: 19196
PID 17791 created thread for  TID: 19204
PID 17802 created thread for  TID: 19197
PID 17801 created thread for  TID: 19120
PID 17806 created thread for  TID: 19182
PID 17788 created thread for  TID: 19202
PID 17812 created thread for  TID: 19205
PID 17801 created thread for  TID: 19209
PID 17791 created thread for  TID: 19208
PID 17814 created thread for  TID: 19194
PID 17802 created thread for  TID: 19210
PID 17806 created thread for  TID: 19211
PID 17797 created thread for  TID: 19200
PID 17802 created thread for  TID: 19216
PID 17791 created thread for  TID: 19214
PID 17810 created thread for  TID: 19207
PID 17799 created thread for  TID: 19169
PID 17802 created thread for  TID: 19219
PID 17806 created thread for  TID: 19217
PID 17813 created thread for  TID: 19206
PID 17788 created thread for  TID: 19222
PID 17799 created thread for  TID: 19223
PID 17812 created thread for  TID: 19212
PID 17792 created thread for  TID: 19201
PID 17810 created thread for  TID: 19221
PID 17806 created thread for  TID: 19228
PID 17797 created thread for  TID: 19218
PID 17801 created thread for  TID: 19213
PID 17820 created thread for  TID: 19186
PID 17791 created thread for  TID: 19220
PID 17802 created thread for  TID: 19224
PID 17799 created thread for  TID: 19227
PID 17784 created thread for  TID: 19190
PID 17813 created thread for  TID: 19225
PID 17808 created thread for  TID: 19164
PID 17794 created thread for  TID: 19181
PID 17788 created thread for  TID: 19226
PID 17820 created thread for  TID: 19235
PID 17784 created thread for  TID: 19240
PID 17810 created thread for  TID: 19232
PID 17813 created thread for  TID: 19239
PID 17812 created thread for  TID: 19229
PID 17820 created thread for  TID: 19243
PID 17817 created thread for  TID: 19198
PID 17810 created thread for  TID: 19246
PID 17799 created thread for  TID: 19238
PID 17784 created thread for  TID: 19245
PID 17820 created thread for  TID: 19248
PID 17806 created thread for  TID: 19231
PID 17807 created thread for  TID: 19199
PID 17810 created thread for  TID: 19250
PID 17813 created thread for  TID: 19247
PID 17803 created thread for  TID: 19017
PID 17806 created thread for  TID: 19255
PID 17820 created thread for  TID: 19254
PID 17813 created thread for  TID: 19257
PID 17791 created thread for  TID: 19237
PID 17814 created thread for  TID: 19215
PID 17806 created thread for  TID: 19260
PID 17807 created thread for  TID: 19258
PID 17814 created thread for  TID: 19263
PID 17792 created thread for  TID: 19230
PID 17820 created thread for  TID: 19261
PID 17810 created thread for  TID: 19256
PID 17784 created thread for  TID: 19253
PID 17807 created thread for  TID: 19266
PID 17813 created thread for  TID: 19264
PID 17799 created thread for  TID: 19252
PID 17784 created thread for  TID: 19271
PID 17802 created thread for  TID: 19236
PID 17808 created thread for  TID: 19241
PID 17820 created thread for  TID: 19269
PID 17813 created thread for  TID: 19272
PID 17803 created thread for  TID: 19259
PID 17794 created thread for  TID: 19242
PID 17797 created thread for  TID: 19233
PID 17792 created thread for  TID: 19268
PID 17814 created thread for  TID: 19267
PID 17788 created thread for  TID: 19244
PID 17803 created thread for  TID: 19278
PID 17799 created thread for  TID: 19273
PID 17817 created thread for  TID: 19249
PID 17808 created thread for  TID: 19281
PID 17814 created thread for  TID: 19282
PID 17797 created thread for  TID: 19280
PID 17791 created thread for  TID: 19262
PID 17801 created thread for  TID: 19234
PID 17807 created thread for  TID: 19274
PID 17803 created thread for  TID: 19284
PID 17802 created thread for  TID: 19276
PID 17806 created thread for  TID: 19265
PID 17810 created thread for  TID: 19270
PID 17784 created thread for  TID: 19275
PID 17820 created thread for  TID: 19277
PID 17806 created thread for  TID: 19295
PID 17794 created thread for  TID: 19279
PID 17799 created thread for  TID: 19285
PID 17791 created thread for  TID: 19289
PID 17801 created thread for  TID: 19291
PID 17803 created thread for  TID: 19293
PID 17806 created thread for  TID: 19299
PID 17814 created thread for  TID: 19287
PID 17808 created thread for  TID: 19292
PID 17784 created thread for  TID: 19297
PID 17802 created thread for  TID: 19294
PID 17810 created thread for  TID: 19296
PID 17807 created thread for  TID: 19304
PID 17820 created thread for  TID: 19298
PID 17817 created thread for  TID: 19286
PID 17791 created thread for  TID: 19301
PID 17801 created thread for  TID: 19303
PID 17794 created thread for  TID: 19302
PID 17803 created thread for  TID: 19305
PID 17802 created thread for  TID: 19310
PID 17794 created thread for  TID: 19316
PID 17814 created thread for  TID: 19306
PID 17810 created thread for  TID: 19311
PID 17784 created thread for  TID: 19309
PID 17799 created thread for  TID: 19300
PID 17807 created thread for  TID: 19312
PID 17801 created thread for  TID: 19314
PID 17810 created thread for  TID: 19322
PID 17808 created thread for  TID: 19308
PID 17806 created thread for  TID: 19307
PID 17817 created thread for  TID: 19320
PID 17814 created thread for  TID: 19323
PID 17803 created thread for  TID: 19318
PID 17807 created thread for  TID: 19326
PID 17788 created thread for  TID: 19283
PID 17820 created thread for  TID: 19313
PID 17791 created thread for  TID: 19315
PID 17802 created thread for  TID: 19319
PID 17794 created thread for  TID: 19321
PID 17789 created thread for  TID: 19018
PID 17791 created thread for  TID: 19336
PID 17802 created thread for  TID: 19337
PID 17817 created thread for  TID: 19331
PID 17806 created thread for  TID: 19329
PID 17808 created thread for  TID: 19328
PID 17820 created thread for  TID: 19338
PID 17817 created thread for  TID: 19343
PID 17791 created thread for  TID: 19342
PID 17794 created thread for  TID: 19339
PID 17814 created thread for  TID: 19332
PID 17806 created thread for  TID: 19344
PID 17817 created thread for  TID: 19347
PID 17810 created thread for  TID: 19330
PID 17807 created thread for  TID: 19334
PID 17820 created thread for  TID: 19346
PID 17784 created thread for  TID: 19324
PID 17788 created thread for  TID: 19335
PID 17789 created thread for  TID: 19341
PID 17817 created thread for  TID: 19352
PID 17802 created thread for  TID: 19340
PID 17803 created thread for  TID: 19333
PID 17814 created thread for  TID: 19350
PID 17799 created thread for  TID: 19325
PID 17808 created thread for  TID: 19345
PID 17810 created thread for  TID: 19353
PID 17817 created thread for  TID: 19360
PID 17801 created thread for  TID: 19327
PID 17794 created thread for  TID: 19348
PID 17802 created thread for  TID: 19361
PID 17796 created thread for  TID: 19037
PID 17791 created thread for  TID: 19349
PID 17807 created thread for  TID: 19354
PID 17788 created thread for  TID: 19356
PID 17806 created thread for  TID: 19351
PID 17796 created thread for  TID: 19372
PID 17820 created thread for  TID: 19358
PID 17803 created thread for  TID: 19362
PID 17807 created thread for  TID: 19373
PID 17789 created thread for  TID: 19359
PID 17814 created thread for  TID: 19363
PID 17788 created thread for  TID: 19374
PID 17791 created thread for  TID: 19371
PID 17801 created thread for  TID: 19367
PID 17788 created thread for  TID: 19378
PID 17802 created thread for  TID: 19370
PID 17794 created thread for  TID: 19369
PID 17788 created thread for  TID: 19381
PID 17803 created thread for  TID: 19376
PID 17796 created thread for  TID: 19384
PID 17789 created thread for  TID: 19385
PID 17808 created thread for  TID: 19365
PID 17801 created thread for  TID: 19380
PID 17817 created thread for  TID: 19368
PID 17820 created thread for  TID: 19375
PID 17799 created thread for  TID: 19364
PID 17807 created thread for  TID: 19377
PID 17803 created thread for  TID: 19388
PID 17796 created thread for  TID: 19389
PID 17791 created thread for  TID: 19379
PID 17799 created thread for  TID: 19396
PID 17789 created thread for  TID: 19393
PID 17794 created thread for  TID: 19383
PID 17807 created thread for  TID: 19395
PID 17791 created thread for  TID: 19399
PID 17802 created thread for  TID: 19382
PID 17801 created thread for  TID: 19392
PID 17820 created thread for  TID: 19394
PID 17803 created thread for  TID: 19397
PID 17808 created thread for  TID: 19390
PID 17807 created thread for  TID: 19403
PID 17797 created thread for  TID: 19288
PID 17788 created thread for  TID: 19386
PID 17801 created thread for  TID: 19406
PID 17794 created thread for  TID: 19401
PID 17796 created thread for  TID: 19398
PID 17799 created thread for  TID: 19402
PID 17802 created thread for  TID: 19405
PID 17817 created thread for  TID: 19391
PID 17789 created thread for  TID: 19400
PID 17786 created thread for  TID: 19067
PID 17788 created thread for  TID: 19409
PID 17820 created thread for  TID: 19407
PID 17801 created thread for  TID: 19410
PID 17799 created thread for  TID: 19412
PID 17793 created thread for  TID: 19101
PID 17817 created thread for  TID: 19414
PID 17794 created thread for  TID: 19411
PID 17802 created thread for  TID: 19413
PID 17792 created thread for  TID: 19290
PID 17791 created thread for  TID: 19404
PID 17817 created thread for  TID: 19424
PID 17801 created thread for  TID: 19422
PID 17784 created thread for  TID: 19357
PID 17789 created thread for  TID: 19415
PID 17802 created thread for  TID: 19427
PID 17817 created thread for  TID: 19430
PID 17796 created thread for  TID: 19418
PID 17784 created thread for  TID: 19433
PID 17816 created thread for  TID: 19185
PID 17794 created thread for  TID: 19426
PID 17807 created thread for  TID: 19420
PID 17799 created thread for  TID: 19429
PID 17802 created thread for  TID: 19435
PID 17793 created thread for  TID: 19425
PID 17801 created thread for  TID: 19431
PID 17807 created thread for  TID: 19440
PID 17810 created thread for  TID: 19366
PID 17808 created thread for  TID: 19419
PID 17820 created thread for  TID: 19421
PID 17807 created thread for  TID: 19443
PID 17788 created thread for  TID: 19417
PID 17791 created thread for  TID: 19432
PID 17812 created thread for  TID: 19251
PID 17803 created thread for  TID: 19408
PID 17799 created thread for  TID: 19441
PID 17794 created thread for  TID: 19439
PID 17810 created thread for  TID: 19446
PID 17808 created thread for  TID: 19447
PID 17792 created thread for  TID: 19428
PID 17812 created thread for  TID: 19450
PID 17807 created thread for  TID: 19452
PID 17810 created thread for  TID: 19455
PID 17788 created thread for  TID: 19448
PID 17792 created thread for  TID: 19458
PID 17789 created thread for  TID: 19434
PID 17808 created thread for  TID: 19456
PID 17812 created thread for  TID: 19457
PID 17803 created thread for  TID: 19451
PID 17802 created thread for  TID: 19442
PID 17794 created thread for  TID: 19453
PID 17788 created thread for  TID: 19460
PID 17792 created thread for  TID: 19462
PID 17808 created thread for  TID: 19464
PID 17784 created thread for  TID: 19437
PID 17807 created thread for  TID: 19459
PID 17789 created thread for  TID: 19463
PID 17793 created thread for  TID: 19445
PID 17810 created thread for  TID: 19461
PID 17802 created thread for  TID: 19468
PID 17812 created thread for  TID: 19465
PID 17792 created thread for  TID: 19469
PID 17816 created thread for  TID: 19438
PID 17784 created thread for  TID: 19472
PID 17803 created thread for  TID: 19466
PID 17789 created thread for  TID: 19474
PID 17799 created thread for  TID: 19454
PID 17793 created thread for  TID: 19475
PID 17816 created thread for  TID: 19476
PID 17788 created thread for  TID: 19470
PID 17807 created thread for  TID: 19473
PID 17808 created thread for  TID: 19471
PID 17799 created thread for  TID: 19481
PID 17812 created thread for  TID: 19479
PID 17784 created thread for  TID: 19477
PID 17793 created thread for  TID: 19482
PID 17788 created thread for  TID: 19485
PID 17803 created thread for  TID: 19478
PID 17792 created thread for  TID: 19480
PID 17808 created thread for  TID: 19488
PID 17816 created thread for  TID: 19483
PID 17802 created thread for  TID: 19484
PID 17799 created thread for  TID: 19489
PID 17812 created thread for  TID: 19490
PID 17792 created thread for  TID: 19494
PID 17807 created thread for  TID: 19487
PID 17788 created thread for  TID: 19493
PID 17786 created thread for  TID: 19416
PID 17808 created thread for  TID: 19495
PID 17807 created thread for  TID: 19500
PID 17812 created thread for  TID: 19498
PID 17816 created thread for  TID: 19496
PID 17799 created thread for  TID: 19501
PID 17788 created thread for  TID: 19502
PID 17786 created thread for  TID: 19503
PID 17792 created thread for  TID: 19499
PID 17797 created thread for  TID: 19423
PID 17808 created thread for  TID: 19504
PID 17799 created thread for  TID: 19507
PID 17812 created thread for  TID: 19505
PID 17797 created thread for  TID: 19511
PID 17808 created thread for  TID: 19512
PID 17796 created thread for  TID: 19436
PID 17792 created thread for  TID: 19510
PID 17799 created thread for  TID: 19513
PID 17797 created thread for  TID: 19515
PID 17812 created thread for  TID: 19514
PID 17801 created thread for  TID: 19444
PID 17808 created thread for  TID: 19516
PID 17792 created thread for  TID: 19517
PID 17797 created thread for  TID: 19522
PID 17791 created thread for  TID: 19449
PID 17812 created thread for  TID: 19521
PID 17797 created thread for  TID: 19526
PID 17786 created thread for  TID: 19518
PID 17801 created thread for  TID: 19523
PID 17792 created thread for  TID: 19524
PID 17816 created thread for  TID: 19508
PID 17794 created thread for  TID: 19467
PID 17791 created thread for  TID: 19527
PID 17812 created thread for  TID: 19528
PID 17784 created thread for  TID: 19491
PID 17799 created thread for  TID: 19520
PID 17792 created thread for  TID: 19531
PID 17793 created thread for  TID: 19492
PID 17789 created thread for  TID: 19486
PID 17808 created thread for  TID: 19525
PID 17812 created thread for  TID: 19534
PID 17802 created thread for  TID: 19497
PID 17786 created thread for  TID: 19530
PID 17816 created thread for  TID: 19532
PID 17793 created thread for  TID: 19538
PID 17807 created thread for  TID: 19506
PID 17794 created thread for  TID: 19533
PID 17792 created thread for  TID: 19537
PID 17796 created thread for  TID: 19519
PID 17788 created thread for  TID: 19509
PID 17799 created thread for  TID: 19536
PID 17786 created thread for  TID: 19541
PID 17802 created thread for  TID: 19540
PID 17784 created thread for  TID: 19535
PID 17799 created thread for  TID: 19548
PID 17789 created thread for  TID: 19539
PID 17792 created thread for  TID: 19546
PID 17793 created thread for  TID: 19543
PID 17807 created thread for  TID: 19544
PID 17786 created thread for  TID: 19550
PID 17793 created thread for  TID: 19556
PID 17802 created thread for  TID: 19551
PID 17786 created thread for  TID: 19559
PID 17788 created thread for  TID: 19549
PID 17807 created thread for  TID: 19555
PID 17793 created thread for  TID: 19560
PID 17792 created thread for  TID: 19553
PID 17801 created thread for  TID: 19529
PID 17784 created thread for  TID: 19563
PID 17793 created thread for  TID: 19566
PID 17802 created thread for  TID: 19561
PID 17789 created thread for  TID: 19558
PID 17816 created thread for  TID: 19542
PID 17786 created thread for  TID: 19562
PID 17788 created thread for  TID: 19564
PID 17807 created thread for  TID: 19567
PID 17784 created thread for  TID: 19570
PID 17792 created thread for  TID: 19568
PID 17793 created thread for  TID: 19571
PID 17801 created thread for  TID: 19569
PID 17802 created thread for  TID: 19572
PID 17794 created thread for  TID: 19545
PID 17786 created thread for  TID: 19574
PID 17793 created thread for  TID: 19580
PID 17807 created thread for  TID: 19576
PID 17788 created thread for  TID: 19577
PID 17796 created thread for  TID: 19547
PID 17799 created thread for  TID: 19565
PID 17792 created thread for  TID: 19579
PID 17801 created thread for  TID: 19581
PID 17802 created thread for  TID: 19582
PID 17789 created thread for  TID: 19573
PID 17784 created thread for  TID: 19578
PID 17816 created thread for  TID: 19575
PID 17786 created thread for  TID: 19585
PID 17788 created thread for  TID: 19588
PID 17793 created thread for  TID: 19586
PID 17807 created thread for  TID: 19587
PID 17792 created thread for  TID: 19591
PID 17801 created thread for  TID: 19592
PID 17788 created thread for  TID: 19598
PID 17796 created thread for  TID: 19590
PID 17807 created thread for  TID: 19599
PID 17786 created thread for  TID: 19595
PID 17801 created thread for  TID: 19602
PID 17792 created thread for  TID: 19601
PID 17788 created thread for  TID: 19606
PID 17802 created thread for  TID: 19593
PID 17796 created thread for  TID: 19603
PID 17786 created thread for  TID: 19605
PID 17801 created thread for  TID: 19607
PID 17789 created thread for  TID: 19596
PID 17788 created thread for  TID: 19611
PID 17793 created thread for  TID: 19600
PID 17816 created thread for  TID: 19597
PID 17801 created thread for  TID: 19612
PID 17796 created thread for  TID: 19610
PID 17789 created thread for  TID: 19614
PID 17807 created thread for  TID: 19604
PID 17793 created thread for  TID: 19613
PID 17792 created thread for  TID: 19608
PID 17789 created thread for  TID: 19620
PID 17802 created thread for  TID: 19609
PID 17792 created thread for  TID: 19622
PID 17796 created thread for  TID: 19618
PID 17789 created thread for  TID: 19624
PID 17801 created thread for  TID: 19619
PID 17807 created thread for  TID: 19621
PID 17788 created thread for  TID: 19615
PID 17793 created thread for  TID: 19623
PID 17789 created thread for  TID: 19628
PID 17802 created thread for  TID: 19625
PID 17801 created thread for  TID: 19629
PID 17796 created thread for  TID: 19627
PID 17789 created thread for  TID: 19633
PID 17816 created thread for  TID: 19617
PID 17801 created thread for  TID: 19635
PID 17793 created thread for  TID: 19632
PID 17799 created thread for  TID: 19589
PID 17807 created thread for  TID: 19630
PID 17801 created thread for  TID: 19639
PID 17796 created thread for  TID: 19636
PID 17784 created thread for  TID: 19594
PID 17802 created thread for  TID: 19634
PID 17793 created thread for  TID: 19640
PID 17799 created thread for  TID: 19641
PID 17816 created thread for  TID: 19638
PID 17796 created thread for  TID: 19644
PID 17784 created thread for  TID: 19645
PID 17801 created thread for  TID: 19642
PID 17793 created thread for  TID: 19646
PID 17807 created thread for  TID: 19643
PID 17784 created thread for  TID: 19651
PID 17801 created thread for  TID: 19652
PID 17802 created thread for  TID: 19647
PID 17784 created thread for  TID: 19654
PID 17801 created thread for  TID: 19655
PID 17816 created thread for  TID: 19649
PID 17784 created thread for  TID: 19657
PID 17801 created thread for  TID: 19658
PID 17807 created thread for  TID: 19653
PID 17784 created thread for  TID: 19660
PID 17801 created thread for  TID: 19661
PID 17784 created thread for  TID: 19663
PID 17802 created thread for  TID: 19656
PID 17796 created thread for  TID: 19650
PID 17801 created thread for  TID: 19665
PID 17784 created thread for  TID: 19666
PID 17816 created thread for  TID: 19659
PID 17793 created thread for  TID: 19664
PID 17801 created thread for  TID: 19669
PID 17784 created thread for  TID: 19670
PID 17807 created thread for  TID: 19662
PID 17796 created thread for  TID: 19668
PID 17801 created thread for  TID: 19673
PID 17784 created thread for  TID: 19674
PID 17792 created thread for  TID: 19626
PID 17802 created thread for  TID: 19667
PID 17793 created thread for  TID: 19672
PID 17801 created thread for  TID: 19677
PID 17784 created thread for  TID: 19678
PID 17796 created thread for  TID: 19676
PID 17792 created thread for  TID: 19679
PID 17784 created thread for  TID: 19682
PID 17801 created thread for  TID: 19681
PID 17793 created thread for  TID: 19680
PID 17801 created thread for  TID: 19684
PID 17796 created thread for  TID: 19683
PID 17799 created thread for  TID: 19648
PID 17801 created thread for  TID: 19686
PID 17793 created thread for  TID: 19685
PID 17799 created thread for  TID: 19689
PID 17801 created thread for  TID: 19690
PID 17796 created thread for  TID: 19687
PID 17788 created thread for  TID: 19631
PID 17799 created thread for  TID: 19692
PID 17816 created thread for  TID: 19671
PID 17797 created thread for  TID: 19554
PID 17793 created thread for  TID: 19691
PID 17799 created thread for  TID: 19695
PID 17808 created thread for  TID: 19557
PID 17807 created thread for  TID: 19675
PID 17796 created thread for  TID: 19693
PID 17799 created thread for  TID: 19699
PID 17808 created thread for  TID: 19700
PID 17793 created thread for  TID: 19698
PID 17816 created thread for  TID: 19696
PID 17799 created thread for  TID: 19703
PID 17808 created thread for  TID: 19704
PID 17799 created thread for  TID: 19707
PID 17788 created thread for  TID: 19694
PID 17796 created thread for  TID: 19702
PID 17807 created thread for  TID: 19701
PID 17808 created thread for  TID: 19708
PID 17799 created thread for  TID: 19709
PID 17793 created thread for  TID: 19706
PID 17816 created thread for  TID: 19705
PID 17788 created thread for  TID: 19712
PID 17808 created thread for  TID: 19713
PID 17799 created thread for  TID: 19714
PID 17807 created thread for  TID: 19711
PID 17796 created thread for  TID: 19710
PID 17788 created thread for  TID: 19717
PID 17808 created thread for  TID: 19718
PID 17799 created thread for  TID: 19719
PID 17808 created thread for  TID: 19723
PID 17788 created thread for  TID: 19722
PID 17816 created thread for  TID: 19715
PID 17793 created thread for  TID: 19716
PID 17799 created thread for  TID: 19724
PID 17808 created thread for  TID: 19725
PID 17788 created thread for  TID: 19726
PID 17807 created thread for  TID: 19721
PID 17796 created thread for  TID: 19720
PID 17799 created thread for  TID: 19729
PID 17808 created thread for  TID: 19730
PID 17788 created thread for  TID: 19731
PID 17799 created thread for  TID: 19732
PID 17808 created thread for  TID: 19733
PID 17788 created thread for  TID: 19734
PID 17799 created thread for  TID: 19735
PID 17808 created thread for  TID: 19736
PID 17793 created thread for  TID: 19727
PID 17799 created thread for  TID: 19738
PID 17788 created thread for  TID: 19737
PID 17808 created thread for  TID: 19739
PID 17793 created thread for  TID: 19740
PID 17799 created thread for  TID: 19741
PID 17808 created thread for  TID: 19742
PID 17793 created thread for  TID: 19743
PID 17799 created thread for  TID: 19744
PID 17808 created thread for  TID: 19745
PID 17797 created thread for  TID: 19697
PID 17793 created thread for  TID: 19746
PID 17808 created thread for  TID: 19747
PID 17797 created thread for  TID: 19750
PID 17792 created thread for  TID: 19688
PID 17792 created thread for  TID: 19753
PID 17794 created thread for  TID: 19584
PID 17816 created thread for  TID: 19728
PID 17792 created thread for  TID: 19754
PID 17816 created thread for  TID: 19756
PID 17794 created thread for  TID: 19755
PID 17816 created thread for  TID: 19758
PID 17792 created thread for  TID: 19757
PID 17794 created thread for  TID: 19759
PID 17816 created thread for  TID: 19760
PID 17792 created thread for  TID: 19761
PID 17794 created thread for  TID: 19762
PID 17792 created thread for  TID: 19764
PID 17816 created thread for  TID: 19763
PID 17794 created thread for  TID: 19765
PID 17816 created thread for  TID: 19767
PID 17792 created thread for  TID: 19766
PID 17792 created thread for  TID: 19768
PID 17816 created thread for  TID: 19769
PID 17792 created thread for  TID: 19770
PID 17816 created thread for  TID: 19771
PID 17816 created thread for  TID: 19772
PID 17792 created thread for  TID: 19773
PID 17797 created thread for  TID: 19752
PID 17792 created thread for  TID: 19775
PID 17816 created thread for  TID: 19774
PID 17797 created thread for  TID: 19776
PID 17816 created thread for  TID: 19778
PID 17792 created thread for  TID: 19777
PID 17797 created thread for  TID: 19779
PID 17792 created thread for  TID: 19780
PID 17816 created thread for  TID: 19781
PID 17797 created thread for  TID: 19782
PID 17792 created thread for  TID: 19784
PID 17816 created thread for  TID: 19783
PID 17816 created thread for  TID: 19785
PID 17816 created thread for  TID: 19786
PID 17816 created thread for  TID: 19787
PID 17816 created thread for  TID: 19788
PID 17816 created thread for  TID: 19789
PID 17816 created thread for  TID: 19790
PID 17816 created thread for  TID: 19791
PID 17816 created thread for  TID: 19792
