Erfan created PID: 12566 
PID 12566 created child for Store1 PID:19928
PID 12566 created child for Store2 PID:19929
PID 19928 created child for Apparel PID: 19930
PID 12566 created child for Store3 PID:19932
PID 19928 created child for Beauty PID: 19931
PID 19929 created child for Apparel PID: 19933
PID 19930 created thread for  TID: 19937
PID 19928 created child for Digital PID: 19934
PID 19930 created thread for  TID: 19944
PID 19931 created thread for  TID: 19943
PID 19933 created thread for  TID: 19948
PID 19930 created thread for  TID: 19949
PID 19930 created thread for  TID: 19956
PID 19931 created thread for  TID: 19954
PID 19928 created child for Sports PID: 19952
PID 19932 created child for Food PID: 19951
PID 19930 created thread for  TID: 19961
PID 19933 created thread for  TID: 19957
PID 19930 created thread for  TID: 19964
PID 19934 created thread for  TID: 19953
PID 19928 created child for Market PID: 19947
PID 19929 created child for Food PID: 19941
PID 19932 created child for Market PID: 19962
PID 19930 created thread for  TID: 19969
PID 19932 created child for Home PID: 19958
PID 19930 created thread for  TID: 19971
PID 19931 created thread for  TID: 19963
PID 19932 created child for Digital PID: 19946
PID 19929 created child for Beauty PID: 19935
PID 19928 created child for Food PID: 19938
PID 19933 created thread for  TID: 19965
PID 19962 created thread for  TID: 19974
PID 19928 created child for Toys PID: 19959
PID 19930 created thread for  TID: 19975
PID 19952 created thread for  TID: 19967
PID 19929 created child for Digital PID: 19939
PID 19932 created child for Toys PID: 19970
PID 19928 created child for Home PID: 19942
PID 19958 created thread for  TID: 19976
PID 19933 created thread for  TID: 19978
PID 19932 created child for Sports PID: 19966
PID 19946 created thread for  TID: 19981
PID 19947 created thread for  TID: 19973
PID 19939 created thread for  TID: 19985
PID 19931 created thread for  TID: 19977
PID 19932 created child for Beauty PID: 19940
PID 19933 created thread for  TID: 19986
PID 19962 created thread for  TID: 19979
PID 19935 created thread for  TID: 19980
PID 19951 created thread for  TID: 19968
PID 19938 created thread for  TID: 19982
PID 19933 created thread for  TID: 19994
PID 19970 created thread for  TID: 19987
PID 19947 created thread for  TID: 19990
PID 19932 created child for Apparel PID: 19936
PID 19962 created thread for  TID: 19995
PID 19933 created thread for  TID: 19999
PID 19966 created thread for  TID: 19989
PID 19942 created thread for  TID: 19988
PID 19939 created thread for  TID: 19992
PID 19951 created thread for  TID: 19998
PID 19931 created thread for  TID: 19993
PID 19930 created thread for  TID: 19983
PID 19946 created thread for  TID: 19991
PID 19942 created thread for  TID: 20007
PID 19938 created thread for  TID: 20000
PID 19931 created thread for  TID: 20011
PID 19936 created thread for  TID: 20004
PID 19962 created thread for  TID: 20002
PID 19947 created thread for  TID: 20001
PID 19959 created thread for  TID: 19984
PID 19951 created thread for  TID: 20009
PID 19970 created thread for  TID: 20006
PID 19962 created thread for  TID: 20017
PID 19933 created thread for  TID: 20003
PID 19938 created thread for  TID: 20015
PID 19942 created thread for  TID: 20013
PID 19946 created thread for  TID: 20014
PID 19958 created thread for  TID: 20005
PID 19940 created thread for  TID: 19996
PID 19936 created thread for  TID: 20020
PID 19951 created thread for  TID: 20019
PID 19930 created thread for  TID: 20012
PID 19970 created thread for  TID: 20021
PID 19938 created thread for  TID: 20024
PID 19931 created thread for  TID: 20016
PID 19933 created thread for  TID: 20023
PID 19958 created thread for  TID: 20026
PID 19936 created thread for  TID: 20030
PID 19929 created child for Home PID: 19945
PID 19962 created thread for  TID: 20025
PID 19970 created thread for  TID: 20034
PID 19942 created thread for  TID: 20028
PID 19947 created thread for  TID: 20018
PID 19931 created thread for  TID: 20035
PID 19938 created thread for  TID: 20033
PID 19933 created thread for  TID: 20036
PID 19959 created thread for  TID: 20022
PID 19936 created thread for  TID: 20037
PID 19946 created thread for  TID: 20027
PID 19931 created thread for  TID: 20044
PID 19929 created child for Market PID: 19950
PID 19951 created thread for  TID: 20031
PID 19962 created thread for  TID: 20039
PID 19942 created thread for  TID: 20041
PID 19945 created thread for  TID: 20042
PID 19966 created thread for  TID: 20010
PID 19959 created thread for  TID: 20047
PID 19958 created thread for  TID: 20038
PID 19970 created thread for  TID: 20040
PID 19947 created thread for  TID: 20043
PID 19936 created thread for  TID: 20048
PID 19930 created thread for  TID: 20032
PID 19946 created thread for  TID: 20049
PID 19970 created thread for  TID: 20058
PID 19959 created thread for  TID: 20061
PID 19933 created thread for  TID: 20046
PID 19942 created thread for  TID: 20053
PID 19962 created thread for  TID: 20052
PID 19946 created thread for  TID: 20063
PID 19936 created thread for  TID: 20060
PID 19929 created child for Sports PID: 19955
PID 19951 created thread for  TID: 20051
PID 19931 created thread for  TID: 20050
PID 19930 created thread for  TID: 20062
PID 19935 created thread for  TID: 19997
PID 19962 created thread for  TID: 20068
PID 19966 created thread for  TID: 20055
PID 19970 created thread for  TID: 20064
PID 19939 created thread for  TID: 20008
PID 19945 created thread for  TID: 20056
PID 19959 created thread for  TID: 20066
PID 19946 created thread for  TID: 20069
PID 19950 created thread for  TID: 20054
PID 19940 created thread for  TID: 20029
PID 19970 created thread for  TID: 20077
PID 19958 created thread for  TID: 20057
PID 19942 created thread for  TID: 20067
PID 19962 created thread for  TID: 20075
PID 19945 created thread for  TID: 20080
PID 19946 created thread for  TID: 20082
PID 19970 created thread for  TID: 20084
PID 19951 created thread for  TID: 20071
PID 19966 created thread for  TID: 20076
PID 19933 created thread for  TID: 20065
PID 19955 created thread for  TID: 20079
PID 19962 created thread for  TID: 20087
PID 19939 created thread for  TID: 20078
PID 19930 created thread for  TID: 20072
PID 19970 created thread for  TID: 20091
PID 19933 created thread for  TID: 20094
PID 19958 created thread for  TID: 20088
PID 19959 created thread for  TID: 20081
PID 19950 created thread for  TID: 20085
PID 19931 created thread for  TID: 20073
PID 19946 created thread for  TID: 20090
PID 19942 created thread for  TID: 20086
PID 19951 created thread for  TID: 20092
PID 19930 created thread for  TID: 20097
PID 19941 created thread for  TID: 19972
PID 19955 created thread for  TID: 20095
PID 19959 created thread for  TID: 20100
PID 19946 created thread for  TID: 20104
PID 19945 created thread for  TID: 20089
PID 19933 created thread for  TID: 20099
PID 19962 created thread for  TID: 20103
PID 19942 created thread for  TID: 20105
PID 19955 created thread for  TID: 20109
PID 19931 created thread for  TID: 20102
PID 19970 created thread for  TID: 20098
PID 19966 created thread for  TID: 20093
PID 19951 created thread for  TID: 20106
PID 19938 created thread for  TID: 20045
PID 19950 created thread for  TID: 20101
PID 19930 created thread for  TID: 20107
PID 19947 created thread for  TID: 20059
PID 19931 created thread for  TID: 20117
PID 19939 created thread for  TID: 20096
PID 19958 created thread for  TID: 20108
PID 19962 created thread for  TID: 20114
PID 19951 created thread for  TID: 20118
PID 19959 created thread for  TID: 20111
PID 19950 created thread for  TID: 20123
PID 19945 created thread for  TID: 20113
PID 19931 created thread for  TID: 20125
PID 19941 created thread for  TID: 20110
PID 19970 created thread for  TID: 20122
PID 19946 created thread for  TID: 20112
PID 19950 created thread for  TID: 20132
PID 19958 created thread for  TID: 20128
PID 19938 created thread for  TID: 20121
PID 19931 created thread for  TID: 20134
PID 19947 created thread for  TID: 20127
PID 19933 created thread for  TID: 20120
PID 19941 created thread for  TID: 20136
PID 19945 created thread for  TID: 20133
PID 19970 created thread for  TID: 20135
PID 19951 created thread for  TID: 20129
PID 19962 created thread for  TID: 20131
PID 19931 created thread for  TID: 20142
PID 19941 created thread for  TID: 20144
PID 19958 created thread for  TID: 20139
PID 19959 created thread for  TID: 20130
PID 19946 created thread for  TID: 20137
PID 19941 created thread for  TID: 20149
PID 19966 created thread for  TID: 20119
PID 19945 created thread for  TID: 20145
PID 19947 created thread for  TID: 20141
PID 19938 created thread for  TID: 20140
PID 19970 created thread for  TID: 20146
PID 19941 created thread for  TID: 20152
PID 19962 created thread for  TID: 20147
PID 19966 created thread for  TID: 20155
PID 19933 created thread for  TID: 20143
PID 19947 created thread for  TID: 20157
PID 19951 created thread for  TID: 20148
PID 19950 created thread for  TID: 20138
PID 19936 created thread for  TID: 20070
PID 19945 created thread for  TID: 20156
PID 19931 created thread for  TID: 20150
PID 19970 created thread for  TID: 20158
PID 19946 created thread for  TID: 20154
PID 19940 created thread for  TID: 20083
PID 19950 created thread for  TID: 20167
PID 19959 created thread for  TID: 20153
PID 19970 created thread for  TID: 20171
PID 19952 created thread for  TID: 20163
PID 19946 created thread for  TID: 20173
PID 19934 created thread for  TID: 20166
PID 19945 created thread for  TID: 20168
PID 19930 created thread for  TID: 20124
PID 19958 created thread for  TID: 20151
PID 19947 created thread for  TID: 20165
PID 19942 created thread for  TID: 20115
PID 19962 created thread for  TID: 20161
PID 19940 created thread for  TID: 20174
PID 19959 created thread for  TID: 20176
PID 19938 created thread for  TID: 20160
PID 19966 created thread for  TID: 20162
PID 19947 created thread for  TID: 20184
PID 19939 created thread for  TID: 20126
PID 19933 created thread for  TID: 20164
PID 19950 created thread for  TID: 20175
PID 19946 created thread for  TID: 20180
PID 19955 created thread for  TID: 20116
PID 19962 created thread for  TID: 20186
PID 19935 created thread for  TID: 20074
PID 19940 created thread for  TID: 20188
PID 19945 created thread for  TID: 20179
PID 19970 created thread for  TID: 20177
PID 19929 created child for Toys PID: 19960
PID 19946 created thread for  TID: 20195
PID 19959 created thread for  TID: 20187
PID 19936 created thread for  TID: 20169
PID 19955 created thread for  TID: 20196
PID 19947 created thread for  TID: 20191
PID 19951 created thread for  TID: 20172
PID 19939 created thread for  TID: 20192
PID 19959 created thread for  TID: 20202
PID 19950 created thread for  TID: 20194
PID 19941 created thread for  TID: 20159
PID 19931 created thread for  TID: 20170
PID 19938 created thread for  TID: 20190
PID 19962 created thread for  TID: 20199
PID 19958 created thread for  TID: 20183
PID 19946 created thread for  TID: 20204
PID 19940 created thread for  TID: 20197
PID 19945 created thread for  TID: 20201
PID 19930 created thread for  TID: 20181
PID 19959 created thread for  TID: 20213
PID 19942 created thread for  TID: 20185
PID 19935 created thread for  TID: 20198
PID 19970 created thread for  TID: 20200
PID 19966 created thread for  TID: 20189
PID 19934 created thread for  TID: 20178
PID 19931 created thread for  TID: 20215
PID 19947 created thread for  TID: 20206
PID 19940 created thread for  TID: 20216
PID 19935 created thread for  TID: 20222
PID 19952 created thread for  TID: 20182
PID 19960 created thread for  TID: 20207
PID 19958 created thread for  TID: 20220
PID 19934 created thread for  TID: 20225
PID 19950 created thread for  TID: 20210
PID 19939 created thread for  TID: 20209
PID 19955 created thread for  TID: 20205
PID 19966 created thread for  TID: 20224
PID 19959 created thread for  TID: 20226
PID 19941 created thread for  TID: 20214
PID 19933 created thread for  TID: 20193
PID 19947 created thread for  TID: 20228
PID 19951 created thread for  TID: 20208
PID 19942 created thread for  TID: 20221
PID 19952 created thread for  TID: 20231
PID 19966 created thread for  TID: 20239
PID 19938 created thread for  TID: 20217
PID 19940 created thread for  TID: 20229
PID 19951 created thread for  TID: 20243
PID 19947 created thread for  TID: 20242
PID 19945 created thread for  TID: 20218
PID 19955 created thread for  TID: 20237
PID 19958 created thread for  TID: 20232
PID 19962 created thread for  TID: 20211
PID 19952 created thread for  TID: 20245
PID 19959 created thread for  TID: 20238
PID 19946 created thread for  TID: 20212
PID 19934 created thread for  TID: 20233
PID 19966 created thread for  TID: 20246
PID 19935 created thread for  TID: 20230
PID 19970 created thread for  TID: 20223
PID 19931 created thread for  TID: 20227
PID 19939 created thread for  TID: 20234
PID 19962 created thread for  TID: 20253
PID 19941 created thread for  TID: 20240
PID 19955 created thread for  TID: 20255
PID 19930 created thread for  TID: 20219
PID 19945 created thread for  TID: 20252
PID 19952 created thread for  TID: 20254
PID 19931 created thread for  TID: 20262
PID 19935 created thread for  TID: 20260
PID 19960 created thread for  TID: 20235
PID 19940 created thread for  TID: 20248
PID 19939 created thread for  TID: 20263
PID 19933 created thread for  TID: 20241
PID 19941 created thread for  TID: 20265
PID 19955 created thread for  TID: 20271
PID 19950 created thread for  TID: 20236
PID 19947 created thread for  TID: 20250
PID 19962 created thread for  TID: 20264
PID 19970 created thread for  TID: 20261
PID 19938 created thread for  TID: 20247
PID 19958 created thread for  TID: 20251
PID 19966 created thread for  TID: 20259
PID 19940 created thread for  TID: 20272
PID 19959 created thread for  TID: 20256
PID 19951 created thread for  TID: 20249
PID 19933 created thread for  TID: 20273
PID 19960 created thread for  TID: 20278
PID 19962 created thread for  TID: 20281
PID 19950 created thread for  TID: 20279
PID 19946 created thread for  TID: 20257
PID 19934 created thread for  TID: 20258
PID 19966 created thread for  TID: 20283
PID 19958 created thread for  TID: 20282
PID 19940 created thread for  TID: 20285
PID 19970 created thread for  TID: 20280
PID 19939 created thread for  TID: 20274
PID 19951 created thread for  TID: 20286
PID 19938 created thread for  TID: 20284
PID 19940 created thread for  TID: 20295
PID 19931 created thread for  TID: 20268
PID 19934 created thread for  TID: 20293
PID 19966 created thread for  TID: 20296
PID 19941 created thread for  TID: 20277
PID 19960 created thread for  TID: 20290
PID 19935 created thread for  TID: 20269
PID 19962 created thread for  TID: 20289
PID 19938 created thread for  TID: 20301
PID 19952 created thread for  TID: 20270
PID 19958 created thread for  TID: 20294
PID 19940 created thread for  TID: 20300
PID 19959 created thread for  TID: 20288
PID 19950 created thread for  TID: 20291
PID 19930 created thread for  TID: 20266
PID 19941 created thread for  TID: 20305
PID 19935 created thread for  TID: 20307
PID 19947 created thread for  TID: 20276
PID 19959 created thread for  TID: 20314
PID 19950 created thread for  TID: 20313
PID 19960 created thread for  TID: 20306
PID 19934 created thread for  TID: 20303
PID 19945 created thread for  TID: 20267
PID 19930 created thread for  TID: 20315
PID 19940 created thread for  TID: 20311
PID 19941 created thread for  TID: 20317
PID 19951 created thread for  TID: 20297
PID 19955 created thread for  TID: 20275
PID 19962 created thread for  TID: 20308
PID 19935 created thread for  TID: 20316
PID 19950 created thread for  TID: 20319
PID 19931 created thread for  TID: 20304
PID 19960 created thread for  TID: 20321
PID 19939 created thread for  TID: 20298
PID 19959 created thread for  TID: 20320
PID 19940 created thread for  TID: 20325
PID 19933 created thread for  TID: 20287
PID 19951 created thread for  TID: 20327
PID 19950 created thread for  TID: 20330
PID 19960 created thread for  TID: 20332
PID 19959 created thread for  TID: 20335
PID 19935 created thread for  TID: 20329
PID 19947 created thread for  TID: 20318
PID 19962 created thread for  TID: 20331
PID 19952 created thread for  TID: 20309
PID 19955 created thread for  TID: 20328
PID 19936 created thread for  TID: 20203
PID 19945 created thread for  TID: 20323
PID 19940 created thread for  TID: 20336
PID 19933 created thread for  TID: 20337
PID 19970 created thread for  TID: 20299
PID 19942 created thread for  TID: 20244
PID 19930 created thread for  TID: 20324
PID 19962 created thread for  TID: 20345
PID 19941 created thread for  TID: 20326
PID 19950 created thread for  TID: 20341
PID 19952 created thread for  TID: 20344
PID 19955 created thread for  TID: 20350
PID 19938 created thread for  TID: 20312
PID 19945 created thread for  TID: 20347
PID 19951 created thread for  TID: 20338
PID 19947 created thread for  TID: 20343
PID 19936 created thread for  TID: 20346
PID 19933 created thread for  TID: 20349
PID 19941 created thread for  TID: 20354
PID 19958 created thread for  TID: 20310
PID 19955 created thread for  TID: 20358
PID 19942 created thread for  TID: 20352
PID 19970 created thread for  TID: 20351
PID 19930 created thread for  TID: 20353
PID 19935 created thread for  TID: 20342
PID 19958 created thread for  TID: 20366
PID 19945 created thread for  TID: 20361
PID 19947 created thread for  TID: 20362
PID 19960 created thread for  TID: 20339
PID 19940 created thread for  TID: 20348
PID 19936 created thread for  TID: 20363
PID 19958 created thread for  TID: 20372
PID 19951 created thread for  TID: 20360
PID 19933 created thread for  TID: 20364
PID 19952 created thread for  TID: 20357
PID 19945 created thread for  TID: 20373
PID 19942 created thread for  TID: 20368
PID 19959 created thread for  TID: 20340
PID 19940 created thread for  TID: 20376
PID 19951 created thread for  TID: 20379
PID 19955 created thread for  TID: 20367
PID 19935 created thread for  TID: 20371
PID 19930 created thread for  TID: 20369
PID 19931 created thread for  TID: 20333
PID 19950 created thread for  TID: 20356
PID 19970 created thread for  TID: 20370
PID 19959 created thread for  TID: 20384
PID 19945 created thread for  TID: 20381
PID 19936 created thread for  TID: 20377
PID 19951 created thread for  TID: 20385
PID 19941 created thread for  TID: 20365
PID 19960 created thread for  TID: 20374
PID 19950 created thread for  TID: 20393
PID 19955 created thread for  TID: 20387
PID 19959 created thread for  TID: 20394
PID 19942 created thread for  TID: 20382
PID 19947 created thread for  TID: 20375
PID 19962 created thread for  TID: 20355
PID 19959 created thread for  TID: 20399
PID 19970 created thread for  TID: 20391
PID 19939 created thread for  TID: 20334
PID 19940 created thread for  TID: 20386
PID 19952 created thread for  TID: 20383
PID 19945 created thread for  TID: 20392
PID 19970 created thread for  TID: 20405
PID 19959 created thread for  TID: 20406
PID 19958 created thread for  TID: 20378
PID 19936 created thread for  TID: 20396
PID 19950 created thread for  TID: 20400
PID 19960 created thread for  TID: 20397
PID 19939 created thread for  TID: 20407
PID 19970 created thread for  TID: 20411
PID 19935 created thread for  TID: 20389
PID 19951 created thread for  TID: 20395
PID 19959 created thread for  TID: 20412
PID 19945 created thread for  TID: 20410
PID 19930 created thread for  TID: 20390
PID 19938 created thread for  TID: 20359
PID 19936 created thread for  TID: 20415
PID 19970 created thread for  TID: 20417
PID 19959 created thread for  TID: 20421
PID 19939 created thread for  TID: 20418
PID 19931 created thread for  TID: 20388
PID 19955 created thread for  TID: 20402
PID 19960 created thread for  TID: 20416
PID 19930 created thread for  TID: 20423
PID 19933 created thread for  TID: 20380
PID 19942 created thread for  TID: 20401
PID 19962 created thread for  TID: 20404
PID 19959 created thread for  TID: 20427
PID 19960 created thread for  TID: 20431
PID 19947 created thread for  TID: 20403
PID 19952 created thread for  TID: 20409
PID 19945 created thread for  TID: 20422
PID 19941 created thread for  TID: 20398
PID 19938 created thread for  TID: 20424
PID 19930 created thread for  TID: 20432
PID 19940 created thread for  TID: 20408
PID 19950 created thread for  TID: 20413
PID 19933 created thread for  TID: 20433
PID 19962 created thread for  TID: 20434
PID 19959 created thread for  TID: 20436
PID 19935 created thread for  TID: 20419
PID 19958 created thread for  TID: 20414
PID 19942 created thread for  TID: 20435
PID 19952 created thread for  TID: 20439
PID 19951 created thread for  TID: 20420
PID 19936 created thread for  TID: 20425
PID 19938 created thread for  TID: 20442
PID 19962 created thread for  TID: 20446
PID 19959 created thread for  TID: 20447
PID 19935 created thread for  TID: 20448
PID 19931 created thread for  TID: 20430
PID 19970 created thread for  TID: 20426
PID 19962 created thread for  TID: 20454
PID 19952 created thread for  TID: 20449
PID 19947 created thread for  TID: 20438
PID 19955 created thread for  TID: 20429
PID 19936 created thread for  TID: 20453
PID 19958 created thread for  TID: 20450
PID 19938 created thread for  TID: 20457
PID 19962 created thread for  TID: 20461
PID 19930 created thread for  TID: 20443
PID 19960 created thread for  TID: 20437
PID 19934 created thread for  TID: 20322
PID 19935 created thread for  TID: 20458
PID 19958 created thread for  TID: 20466
PID 19940 created thread for  TID: 20444
PID 19941 created thread for  TID: 20440
PID 19930 created thread for  TID: 20469
PID 19962 created thread for  TID: 20468
PID 19952 created thread for  TID: 20462
PID 19945 created thread for  TID: 20441
PID 19950 created thread for  TID: 20445
PID 19938 created thread for  TID: 20467
PID 19935 created thread for  TID: 20470
PID 19941 created thread for  TID: 20475
PID 19959 created thread for  TID: 20456
PID 19933 created thread for  TID: 20452
PID 19940 created thread for  TID: 20474
PID 19945 created thread for  TID: 20480
PID 19935 created thread for  TID: 20482
PID 19970 created thread for  TID: 20459
PID 19951 created thread for  TID: 20455
PID 19966 created thread for  TID: 20302
PID 19941 created thread for  TID: 20483
PID 19950 created thread for  TID: 20479
PID 19931 created thread for  TID: 20460
PID 19936 created thread for  TID: 20465
PID 19940 created thread for  TID: 20485
PID 19935 created thread for  TID: 20488
PID 19934 created thread for  TID: 20471
PID 19947 created thread for  TID: 20464
PID 19946 created thread for  TID: 20292
PID 19931 created thread for  TID: 20494
PID 19941 created thread for  TID: 20491
PID 19955 created thread for  TID: 20463
PID 19960 created thread for  TID: 20472
PID 19933 created thread for  TID: 20484
PID 19951 created thread for  TID: 20492
PID 19931 created thread for  TID: 20501
PID 19958 created thread for  TID: 20473
PID 19952 created thread for  TID: 20478
PID 19930 created thread for  TID: 20476
PID 19947 created thread for  TID: 20498
PID 19935 created thread for  TID: 20497
PID 19955 created thread for  TID: 20503
PID 19970 created thread for  TID: 20490
PID 19941 created thread for  TID: 20502
PID 19938 created thread for  TID: 20481
PID 19930 created thread for  TID: 20510
PID 19962 created thread for  TID: 20477
PID 19955 created thread for  TID: 20513
PID 19941 created thread for  TID: 20515
PID 19934 created thread for  TID: 20499
PID 19933 created thread for  TID: 20505
PID 19950 created thread for  TID: 20493
PID 19970 created thread for  TID: 20514
PID 19930 created thread for  TID: 20517
PID 19959 created thread for  TID: 20486
PID 19962 created thread for  TID: 20518
PID 19951 created thread for  TID: 20506
PID 19936 created thread for  TID: 20495
PID 19945 created thread for  TID: 20487
PID 19941 created thread for  TID: 20520
PID 19939 created thread for  TID: 20428
PID 19940 created thread for  TID: 20496
PID 19951 created thread for  TID: 20527
PID 19946 created thread for  TID: 20500
PID 19942 created thread for  TID: 20451
PID 19960 created thread for  TID: 20504
PID 19955 created thread for  TID: 20519
PID 19938 created thread for  TID: 20516
PID 19942 created thread for  TID: 20533
PID 19958 created thread for  TID: 20508
PID 19970 created thread for  TID: 20522
PID 19935 created thread for  TID: 20512
PID 19940 created thread for  TID: 20530
PID 19962 created thread for  TID: 20528
PID 19960 created thread for  TID: 20534
PID 19936 created thread for  TID: 20535
PID 19941 created thread for  TID: 20538
PID 19959 created thread for  TID: 20525
PID 19955 created thread for  TID: 20537
PID 19962 created thread for  TID: 20546
PID 19933 created thread for  TID: 20521
PID 19942 created thread for  TID: 20536
PID 19951 created thread for  TID: 20531
PID 19960 created thread for  TID: 20544
PID 19950 created thread for  TID: 20523
PID 19958 created thread for  TID: 20545
PID 19945 created thread for  TID: 20529
PID 19952 created thread for  TID: 20509
PID 19936 created thread for  TID: 20547
PID 19930 created thread for  TID: 20524
PID 19941 created thread for  TID: 20548
PID 19940 created thread for  TID: 20543
PID 19960 created thread for  TID: 20554
PID 19970 created thread for  TID: 20540
PID 19959 created thread for  TID: 20549
PID 19952 created thread for  TID: 20557
PID 19935 created thread for  TID: 20541
PID 19939 created thread for  TID: 20539
PID 19941 created thread for  TID: 20562
PID 19951 created thread for  TID: 20555
PID 19955 created thread for  TID: 20550
PID 19938 created thread for  TID: 20542
PID 19942 created thread for  TID: 20553
PID 19941 created thread for  TID: 20568
PID 19950 created thread for  TID: 20556
PID 19933 created thread for  TID: 20551
PID 19970 created thread for  TID: 20563
PID 19952 created thread for  TID: 20570
PID 19962 created thread for  TID: 20552
PID 19946 created thread for  TID: 20532
PID 19941 created thread for  TID: 20573
PID 19933 created thread for  TID: 20574
PID 19940 created thread for  TID: 20569
PID 19946 created thread for  TID: 20578
PID 19960 created thread for  TID: 20564
PID 19951 created thread for  TID: 20571
PID 19933 created thread for  TID: 20582
PID 19945 created thread for  TID: 20560
PID 19930 created thread for  TID: 20558
PID 19942 created thread for  TID: 20572
PID 19952 created thread for  TID: 20577
PID 19958 created thread for  TID: 20561
PID 19951 created thread for  TID: 20586
PID 19940 created thread for  TID: 20583
PID 19935 created thread for  TID: 20566
PID 19938 created thread for  TID: 20580
PID 19942 created thread for  TID: 20588
PID 19936 created thread for  TID: 20559
PID 19960 created thread for  TID: 20585
PID 19951 created thread for  TID: 20593
PID 19970 created thread for  TID: 20576
PID 19939 created thread for  TID: 20567
PID 19952 created thread for  TID: 20589
PID 19962 created thread for  TID: 20592
PID 19945 created thread for  TID: 20595
PID 19950 created thread for  TID: 20575
PID 19951 created thread for  TID: 20601
PID 19946 created thread for  TID: 20584
PID 19940 created thread for  TID: 20594
PID 19933 created thread for  TID: 20587
PID 19958 created thread for  TID: 20591
PID 19941 created thread for  TID: 20579
PID 19960 created thread for  TID: 20600
PID 19938 created thread for  TID: 20597
PID 19939 created thread for  TID: 20603
PID 19930 created thread for  TID: 20590
PID 19962 created thread for  TID: 20607
PID 19933 created thread for  TID: 20610
PID 19950 created thread for  TID: 20605
PID 19946 created thread for  TID: 20608
PID 19936 created thread for  TID: 20599
PID 19945 created thread for  TID: 20611
PID 19940 created thread for  TID: 20609
PID 19966 created thread for  TID: 20489
PID 19970 created thread for  TID: 20602
PID 19958 created thread for  TID: 20612
PID 19940 created thread for  TID: 20623
PID 19930 created thread for  TID: 20615
PID 19938 created thread for  TID: 20613
PID 19970 created thread for  TID: 20626
PID 19935 created thread for  TID: 20596
PID 19955 created thread for  TID: 20581
PID 19951 created thread for  TID: 20606
PID 19941 created thread for  TID: 20614
PID 19942 created thread for  TID: 20598
PID 19946 created thread for  TID: 20619
PID 19939 created thread for  TID: 20616
PID 19960 created thread for  TID: 20624
PID 19962 created thread for  TID: 20618
PID 19933 created thread for  TID: 20617
PID 19936 created thread for  TID: 20621
PID 19958 created thread for  TID: 20627
PID 19970 created thread for  TID: 20631
PID 19952 created thread for  TID: 20604
PID 19955 created thread for  TID: 20633
PID 19946 created thread for  TID: 20637
PID 19935 created thread for  TID: 20632
PID 19933 created thread for  TID: 20641
PID 19942 created thread for  TID: 20636
PID 19940 created thread for  TID: 20628
PID 19950 created thread for  TID: 20620
PID 19958 created thread for  TID: 20643
PID 19955 created thread for  TID: 20646
PID 19952 created thread for  TID: 20645
PID 19930 created thread for  TID: 20630
PID 19936 created thread for  TID: 20642
PID 19946 created thread for  TID: 20648
PID 19939 created thread for  TID: 20638
PID 19945 created thread for  TID: 20622
PID 19951 created thread for  TID: 20634
PID 19942 created thread for  TID: 20650
PID 19960 created thread for  TID: 20639
PID 19938 created thread for  TID: 20629
PID 19933 created thread for  TID: 20649
PID 19970 created thread for  TID: 20644
PID 19958 created thread for  TID: 20653
PID 19935 created thread for  TID: 20647
PID 19955 created thread for  TID: 20655
PID 19942 created thread for  TID: 20661
PID 19930 created thread for  TID: 20657
PID 19941 created thread for  TID: 20635
PID 19952 created thread for  TID: 20654
PID 19940 created thread for  TID: 20651
PID 19945 created thread for  TID: 20659
PID 19946 created thread for  TID: 20662
PID 19958 created thread for  TID: 20665
PID 19962 created thread for  TID: 20640
PID 19938 created thread for  TID: 20664
PID 19955 created thread for  TID: 20668
PID 19951 created thread for  TID: 20660
PID 19950 created thread for  TID: 20652
PID 19936 created thread for  TID: 20656
PID 19930 created thread for  TID: 20671
PID 19931 created thread for  TID: 20507
PID 19942 created thread for  TID: 20670
PID 19946 created thread for  TID: 20676
PID 19960 created thread for  TID: 20663
PID 19962 created thread for  TID: 20677
PID 19951 created thread for  TID: 20683
PID 19955 created thread for  TID: 20679
PID 19935 created thread for  TID: 20669
PID 19970 created thread for  TID: 20666
PID 19936 created thread for  TID: 20682
PID 19938 created thread for  TID: 20678
PID 19933 created thread for  TID: 20667
PID 19947 created thread for  TID: 20511
PID 19939 created thread for  TID: 20658
PID 19934 created thread for  TID: 20526
PID 19966 created thread for  TID: 20625
PID 19960 created thread for  TID: 20687
PID 19940 created thread for  TID: 20675
PID 19945 created thread for  TID: 20673
PID 19955 created thread for  TID: 20689
PID 19941 created thread for  TID: 20674
PID 19947 created thread for  TID: 20698
PID 19946 created thread for  TID: 20686
PID 19959 created thread for  TID: 20565
PID 19952 created thread for  TID: 20672
PID 19960 created thread for  TID: 20701
PID 19962 created thread for  TID: 20688
PID 19931 created thread for  TID: 20684
PID 19970 created thread for  TID: 20692
PID 19930 created thread for  TID: 20680
PID 19950 created thread for  TID: 20681
PID 19942 created thread for  TID: 20685
PID 19958 created thread for  TID: 20693
PID 19946 created thread for  TID: 20707
PID 19941 created thread for  TID: 20706
PID 19955 created thread for  TID: 20704
PID 19933 created thread for  TID: 20696
PID 19935 created thread for  TID: 20691
PID 19939 created thread for  TID: 20697
PID 19966 created thread for  TID: 20700
PID 19947 created thread for  TID: 20705
PID 19951 created thread for  TID: 20690
PID 19970 created thread for  TID: 20714
PID 19952 created thread for  TID: 20709
PID 19946 created thread for  TID: 20719
PID 19938 created thread for  TID: 20695
PID 19936 created thread for  TID: 20694
PID 19958 created thread for  TID: 20717
PID 19959 created thread for  TID: 20708
PID 19962 created thread for  TID: 20711
PID 19960 created thread for  TID: 20710
PID 19933 created thread for  TID: 20722
PID 19941 created thread for  TID: 20718
PID 19940 created thread for  TID: 20702
PID 19938 created thread for  TID: 20730
PID 19931 created thread for  TID: 20713
PID 19945 created thread for  TID: 20703
PID 19970 created thread for  TID: 20727
PID 19958 created thread for  TID: 20732
PID 19946 created thread for  TID: 20729
PID 19934 created thread for  TID: 20699
PID 19951 created thread for  TID: 20726
PID 19950 created thread for  TID: 20715
PID 19960 created thread for  TID: 20735
PID 19959 created thread for  TID: 20733
PID 19936 created thread for  TID: 20731
PID 19938 created thread for  TID: 20743
PID 19952 created thread for  TID: 20728
PID 19945 created thread for  TID: 20740
PID 19930 created thread for  TID: 20712
PID 19958 created thread for  TID: 20742
PID 19946 created thread for  TID: 20744
PID 19960 created thread for  TID: 20747
PID 19959 created thread for  TID: 20751
PID 19970 created thread for  TID: 20741
PID 19955 created thread for  TID: 20720
PID 19934 created thread for  TID: 20745
PID 19940 created thread for  TID: 20737
PID 19930 created thread for  TID: 20753
PID 19966 created thread for  TID: 20724
PID 19950 created thread for  TID: 20748
PID 19933 created thread for  TID: 20736
PID 19945 created thread for  TID: 20757
PID 19941 created thread for  TID: 20738
PID 19951 created thread for  TID: 20746
PID 19940 created thread for  TID: 20761
PID 19935 created thread for  TID: 20723
PID 19960 created thread for  TID: 20756
PID 19940 created thread for  TID: 20770
PID 19947 created thread for  TID: 20725
PID 19950 created thread for  TID: 20765
PID 19946 created thread for  TID: 20755
PID 19930 created thread for  TID: 20763
PID 19955 created thread for  TID: 20759
PID 19934 created thread for  TID: 20762
PID 19951 created thread for  TID: 20769
PID 19942 created thread for  TID: 20716
PID 19966 created thread for  TID: 20764
PID 19947 created thread for  TID: 20777
PID 19931 created thread for  TID: 20739
PID 19960 created thread for  TID: 20773
PID 19945 created thread for  TID: 20766
PID 19958 created thread for  TID: 20754
PID 19935 created thread for  TID: 20771
PID 19950 created thread for  TID: 20778
PID 19942 created thread for  TID: 20781
PID 19940 created thread for  TID: 20772
PID 19941 created thread for  TID: 20768
PID 19970 created thread for  TID: 20760
PID 19959 created thread for  TID: 20758
PID 19933 created thread for  TID: 20767
PID 19958 created thread for  TID: 20787
PID 19955 created thread for  TID: 20776
PID 19934 created thread for  TID: 20779
PID 19952 created thread for  TID: 20752
PID 19947 created thread for  TID: 20784
PID 19959 created thread for  TID: 20793
PID 19942 created thread for  TID: 20789
PID 19960 created thread for  TID: 20785
PID 19945 created thread for  TID: 20786
PID 19940 created thread for  TID: 20790
PID 19951 created thread for  TID: 20780
PID 19935 created thread for  TID: 20788
PID 19933 created thread for  TID: 20794
PID 19955 created thread for  TID: 20797
PID 19941 created thread for  TID: 20791
PID 19952 created thread for  TID: 20799
PID 19966 created thread for  TID: 20782
PID 19951 created thread for  TID: 20806
PID 19950 created thread for  TID: 20796
PID 19959 created thread for  TID: 20801
PID 19934 created thread for  TID: 20798
PID 19931 created thread for  TID: 20783
PID 19970 created thread for  TID: 20792
PID 19940 created thread for  TID: 20805
PID 19958 created thread for  TID: 20795
PID 19933 created thread for  TID: 20808
PID 19935 created thread for  TID: 20807
PID 19945 created thread for  TID: 20804
PID 19952 created thread for  TID: 20814
PID 19960 created thread for  TID: 20803
PID 19942 created thread for  TID: 20800
PID 19934 created thread for  TID: 20815
PID 19951 created thread for  TID: 20812
PID 19966 created thread for  TID: 20809
PID 19955 created thread for  TID: 20811
PID 19941 created thread for  TID: 20810
PID 19960 created thread for  TID: 20824
PID 19935 created thread for  TID: 20821
PID 19950 created thread for  TID: 20816
PID 19947 created thread for  TID: 20802
PID 19942 created thread for  TID: 20825
PID 19970 created thread for  TID: 20819
PID 19934 created thread for  TID: 20826
PID 19959 created thread for  TID: 20813
PID 19941 created thread for  TID: 20830
PID 19945 created thread for  TID: 20822
PID 19951 created thread for  TID: 20827
PID 19960 created thread for  TID: 20831
PID 19950 created thread for  TID: 20833
PID 19958 created thread for  TID: 20820
PID 19970 created thread for  TID: 20841
PID 19952 created thread for  TID: 20823
PID 19966 created thread for  TID: 20828
PID 19935 created thread for  TID: 20832
PID 19955 created thread for  TID: 20829
PID 19951 created thread for  TID: 20843
PID 19962 created thread for  TID: 20734
PID 19931 created thread for  TID: 20817
PID 19942 created thread for  TID: 20836
PID 19950 created thread for  TID: 20844
PID 19947 created thread for  TID: 20835
PID 19933 created thread for  TID: 20834
PID 19939 created thread for  TID: 20721
PID 19945 created thread for  TID: 20839
PID 19960 created thread for  TID: 20842
PID 19962 created thread for  TID: 20852
PID 19936 created thread for  TID: 20749
PID 19952 created thread for  TID: 20849
PID 19934 created thread for  TID: 20838
PID 19951 created thread for  TID: 20851
PID 19942 created thread for  TID: 20857
PID 19966 created thread for  TID: 20847
PID 19950 created thread for  TID: 20853
PID 19959 created thread for  TID: 20837
PID 19931 created thread for  TID: 20855
PID 19939 created thread for  TID: 20858
PID 19952 created thread for  TID: 20865
PID 19940 created thread for  TID: 20818
PID 19935 created thread for  TID: 20848
PID 19955 created thread for  TID: 20850
PID 19959 created thread for  TID: 20869
PID 19931 created thread for  TID: 20870
PID 19934 created thread for  TID: 20864
PID 19970 created thread for  TID: 20846
PID 19952 created thread for  TID: 20871
PID 19958 created thread for  TID: 20845
PID 19941 created thread for  TID: 20840
PID 19945 created thread for  TID: 20859
PID 19935 created thread for  TID: 20872
PID 19960 created thread for  TID: 20860
PID 19951 created thread for  TID: 20863
PID 19970 created thread for  TID: 20877
PID 19962 created thread for  TID: 20861
PID 19942 created thread for  TID: 20866
PID 19940 created thread for  TID: 20873
PID 19959 created thread for  TID: 20882
PID 19941 created thread for  TID: 20880
PID 19952 created thread for  TID: 20876
PID 19936 created thread for  TID: 20862
PID 19939 created thread for  TID: 20884
PID 19955 created thread for  TID: 20874
PID 19931 created thread for  TID: 20875
PID 19940 created thread for  TID: 20888
PID 19958 created thread for  TID: 20878
PID 19970 created thread for  TID: 20885
PID 19935 created thread for  TID: 20881
PID 19945 created thread for  TID: 20879
PID 19951 created thread for  TID: 20883
PID 19942 created thread for  TID: 20889
PID 19931 created thread for  TID: 20896
PID 19939 created thread for  TID: 20894
PID 19941 created thread for  TID: 20892
PID 19936 created thread for  TID: 20895
PID 19959 created thread for  TID: 20890
PID 19960 created thread for  TID: 20886
PID 19945 created thread for  TID: 20901
PID 19970 created thread for  TID: 20900
PID 19934 created thread for  TID: 20891
PID 19952 created thread for  TID: 20893
PID 19955 created thread for  TID: 20898
PID 19942 created thread for  TID: 20904
PID 19962 created thread for  TID: 20887
PID 19935 created thread for  TID: 20899
PID 19959 created thread for  TID: 20911
PID 19931 created thread for  TID: 20908
PID 19940 created thread for  TID: 20897
PID 19941 created thread for  TID: 20906
PID 19951 created thread for  TID: 20903
PID 19952 created thread for  TID: 20914
PID 19939 created thread for  TID: 20905
PID 19959 created thread for  TID: 20919
PID 19934 created thread for  TID: 20913
PID 19955 created thread for  TID: 20915
PID 19931 created thread for  TID: 20920
PID 19962 created thread for  TID: 20917
PID 19960 created thread for  TID: 20909
PID 19958 created thread for  TID: 20902
PID 19939 created thread for  TID: 20924
PID 19936 created thread for  TID: 20907
PID 19940 created thread for  TID: 20921
PID 19970 created thread for  TID: 20912
PID 19935 created thread for  TID: 20918
PID 19951 created thread for  TID: 20925
PID 19959 created thread for  TID: 20926
PID 19952 created thread for  TID: 20923
PID 19942 created thread for  TID: 20916
PID 19941 created thread for  TID: 20922
PID 19945 created thread for  TID: 20910
PID 19960 created thread for  TID: 20930
PID 19936 created thread for  TID: 20933
PID 19951 created thread for  TID: 20938
PID 19958 created thread for  TID: 20932
PID 19940 created thread for  TID: 20934
PID 19935 created thread for  TID: 20937
PID 19934 created thread for  TID: 20927
PID 19955 created thread for  TID: 20928
PID 19951 created thread for  TID: 20946
PID 19970 created thread for  TID: 20936
PID 19959 created thread for  TID: 20939
PID 19960 created thread for  TID: 20944
PID 19941 created thread for  TID: 20943
PID 19934 created thread for  TID: 20949
PID 19940 created thread for  TID: 20950
PID 19939 created thread for  TID: 20935
PID 19931 created thread for  TID: 20929
PID 19935 created thread for  TID: 20948
PID 19955 created thread for  TID: 20953
PID 19970 created thread for  TID: 20952
PID 19945 created thread for  TID: 20942
PID 19951 created thread for  TID: 20951
PID 19952 created thread for  TID: 20940
PID 19962 created thread for  TID: 20931
PID 19960 created thread for  TID: 20954
PID 19959 created thread for  TID: 20955
PID 19940 created thread for  TID: 20959
PID 19942 created thread for  TID: 20941
PID 19935 created thread for  TID: 20957
PID 19931 created thread for  TID: 20960
PID 19936 created thread for  TID: 20945
PID 19959 created thread for  TID: 20968
PID 19970 created thread for  TID: 20963
PID 19941 created thread for  TID: 20956
PID 19958 created thread for  TID: 20947
PID 19951 created thread for  TID: 20965
PID 19934 created thread for  TID: 20958
PID 19959 created thread for  TID: 20974
PID 19962 created thread for  TID: 20969
PID 19960 created thread for  TID: 20967
PID 19945 created thread for  TID: 20964
PID 19955 created thread for  TID: 20961
PID 19951 created thread for  TID: 20978
PID 19934 created thread for  TID: 20980
PID 19935 created thread for  TID: 20972
PID 19952 created thread for  TID: 20966
PID 19939 created thread for  TID: 20962
PID 19958 created thread for  TID: 20979
PID 19931 created thread for  TID: 20975
PID 19942 created thread for  TID: 20971
PID 19936 created thread for  TID: 20973
PID 19962 created thread for  TID: 20981
PID 19941 created thread for  TID: 20977
PID 19960 created thread for  TID: 20982
PID 19970 created thread for  TID: 20976
PID 19951 created thread for  TID: 20986
PID 19934 created thread for  TID: 20987
PID 19945 created thread for  TID: 20984
PID 19959 created thread for  TID: 20983
PID 19940 created thread for  TID: 20970
PID 19939 created thread for  TID: 20990
PID 19952 created thread for  TID: 20989
PID 19942 created thread for  TID: 20994
PID 19935 created thread for  TID: 20988
PID 19931 created thread for  TID: 20992
PID 19962 created thread for  TID: 20995
PID 19955 created thread for  TID: 20985
PID 19951 created thread for  TID: 20999
PID 19970 created thread for  TID: 20998
PID 19941 created thread for  TID: 20997
PID 19958 created thread for  TID: 20991
PID 19934 created thread for  TID: 21000
PID 19959 created thread for  TID: 21002
PID 19951 created thread for  TID: 21010
PID 19960 created thread for  TID: 20996
PID 19945 created thread for  TID: 21001
PID 19952 created thread for  TID: 21005
PID 19936 created thread for  TID: 20993
PID 19940 created thread for  TID: 21003
PID 19931 created thread for  TID: 21007
PID 19941 created thread for  TID: 21014
PID 19935 created thread for  TID: 21011
PID 19942 created thread for  TID: 21006
PID 19959 created thread for  TID: 21016
PID 19958 created thread for  TID: 21013
PID 19962 created thread for  TID: 21009
PID 19934 created thread for  TID: 21015
PID 19941 created thread for  TID: 21023
PID 19939 created thread for  TID: 21004
PID 19945 created thread for  TID: 21019
PID 19955 created thread for  TID: 21008
PID 19958 created thread for  TID: 21028
PID 19935 created thread for  TID: 21025
PID 19951 created thread for  TID: 21017
PID 19931 created thread for  TID: 21022
PID 19941 created thread for  TID: 21030
PID 19970 created thread for  TID: 21012
PID 19952 created thread for  TID: 21020
PID 19940 created thread for  TID: 21024
PID 19942 created thread for  TID: 21026
PID 19962 created thread for  TID: 21029
PID 19939 created thread for  TID: 21032
PID 19945 created thread for  TID: 21033
PID 19936 created thread for  TID: 21021
PID 19935 created thread for  TID: 21035
PID 19955 created thread for  TID: 21034
PID 19958 created thread for  TID: 21036
PID 19960 created thread for  TID: 21018
PID 19951 created thread for  TID: 21038
PID 19959 created thread for  TID: 21027
PID 19931 created thread for  TID: 21037
PID 19941 created thread for  TID: 21041
PID 19970 created thread for  TID: 21040
PID 19940 created thread for  TID: 21042
PID 19962 created thread for  TID: 21045
PID 19934 created thread for  TID: 21031
PID 19952 created thread for  TID: 21039
PID 19942 created thread for  TID: 21043
PID 19955 created thread for  TID: 21049
PID 19939 created thread for  TID: 21044
PID 19960 created thread for  TID: 21050
PID 19945 created thread for  TID: 21046
PID 19936 created thread for  TID: 21047
PID 19959 created thread for  TID: 21052
PID 19952 created thread for  TID: 21057
PID 19958 created thread for  TID: 21051
PID 19955 created thread for  TID: 21063
PID 19970 created thread for  TID: 21056
PID 19931 created thread for  TID: 21054
PID 19960 created thread for  TID: 21062
PID 19945 created thread for  TID: 21064
PID 19934 created thread for  TID: 21058
PID 19959 created thread for  TID: 21067
PID 19960 created thread for  TID: 21070
PID 19962 created thread for  TID: 21059
PID 19951 created thread for  TID: 21053
PID 19952 created thread for  TID: 21068
PID 19934 created thread for  TID: 21075
PID 19941 created thread for  TID: 21055
PID 19939 created thread for  TID: 21065
PID 19940 created thread for  TID: 21060
PID 19958 created thread for  TID: 21069
PID 19935 created thread for  TID: 21048
PID 19959 created thread for  TID: 21076
PID 19936 created thread for  TID: 21066
PID 19962 created thread for  TID: 21078
PID 19931 created thread for  TID: 21072
PID 19955 created thread for  TID: 21073
PID 19940 created thread for  TID: 21084
PID 19942 created thread for  TID: 21061
PID 19939 created thread for  TID: 21081
PID 19960 created thread for  TID: 21077
PID 19951 created thread for  TID: 21079
PID 19945 created thread for  TID: 21074
PID 19952 created thread for  TID: 21080
PID 19970 created thread for  TID: 21071
PID 19955 created thread for  TID: 21091
PID 19934 created thread for  TID: 21082
PID 19940 created thread for  TID: 21093
PID 19936 created thread for  TID: 21087
PID 19958 created thread for  TID: 21085
PID 19951 created thread for  TID: 21096
PID 19931 created thread for  TID: 21089
PID 19939 created thread for  TID: 21094
PID 19941 created thread for  TID: 21083
PID 19960 created thread for  TID: 21095
PID 19935 created thread for  TID: 21086
PID 19970 created thread for  TID: 21099
PID 19959 created thread for  TID: 21090
PID 19945 created thread for  TID: 21097
PID 19941 created thread for  TID: 21108
PID 19942 created thread for  TID: 21092
PID 19934 created thread for  TID: 21101
PID 19962 created thread for  TID: 21088
PID 19940 created thread for  TID: 21103
PID 19959 created thread for  TID: 21111
PID 19936 created thread for  TID: 21102
PID 19935 created thread for  TID: 21112
PID 19958 created thread for  TID: 21106
PID 19970 created thread for  TID: 21110
PID 19952 created thread for  TID: 21098
PID 19960 created thread for  TID: 21109
PID 19959 created thread for  TID: 21118
PID 19939 created thread for  TID: 21107
PID 19951 created thread for  TID: 21104
PID 19962 created thread for  TID: 21117
PID 19945 created thread for  TID: 21113
PID 19936 created thread for  TID: 21119
PID 19931 created thread for  TID: 21105
PID 19941 created thread for  TID: 21114
PID 19934 created thread for  TID: 21116
PID 19962 created thread for  TID: 21127
PID 19952 created thread for  TID: 21121
PID 19942 created thread for  TID: 21115
PID 19960 created thread for  TID: 21122
PID 19934 created thread for  TID: 21131
PID 19939 created thread for  TID: 21125
PID 19959 created thread for  TID: 21123
PID 19970 created thread for  TID: 21120
PID 19935 created thread for  TID: 21124
PID 19936 created thread for  TID: 21129
PID 19945 created thread for  TID: 21128
PID 19959 created thread for  TID: 21138
PID 19942 created thread for  TID: 21135
PID 19951 created thread for  TID: 21126
PID 19931 created thread for  TID: 21130
PID 19941 created thread for  TID: 21132
PID 19962 created thread for  TID: 21133
PID 19945 created thread for  TID: 21143
PID 19936 created thread for  TID: 21142
PID 19952 created thread for  TID: 21134
PID 19960 created thread for  TID: 21136
PID 19970 created thread for  TID: 21140
PID 19931 created thread for  TID: 21147
PID 19934 created thread for  TID: 21137
PID 19935 created thread for  TID: 21141
PID 19942 created thread for  TID: 21146
PID 19946 created thread for  TID: 20775
PID 19970 created thread for  TID: 21154
PID 19951 created thread for  TID: 21145
PID 19931 created thread for  TID: 21157
PID 19966 created thread for  TID: 20868
PID 19952 created thread for  TID: 21151
PID 19962 created thread for  TID: 21149
PID 19942 created thread for  TID: 21158
PID 19934 created thread for  TID: 21161
PID 19930 created thread for  TID: 20774
PID 19945 created thread for  TID: 21153
PID 19938 created thread for  TID: 20750
PID 19960 created thread for  TID: 21152
PID 19952 created thread for  TID: 21164
PID 19939 created thread for  TID: 21139
PID 19955 created thread for  TID: 21100
PID 19970 created thread for  TID: 21160
PID 19951 created thread for  TID: 21162
PID 19950 created thread for  TID: 20867
PID 19934 created thread for  TID: 21168
PID 19960 created thread for  TID: 21171
PID 19952 created thread for  TID: 21173
PID 19962 created thread for  TID: 21166
PID 19935 created thread for  TID: 21156
PID 19942 created thread for  TID: 21167
PID 19958 created thread for  TID: 21177
PID 19941 created thread for  TID: 21148
PID 19945 created thread for  TID: 21169
PID 19970 created thread for  TID: 21175
PID 19946 created thread for  TID: 21159
PID 19950 created thread for  TID: 21179
PID 19936 created thread for  TID: 21150
PID 19935 created thread for  TID: 21184
PID 19955 created thread for  TID: 21178
PID 19966 created thread for  TID: 21165
PID 19962 created thread for  TID: 21183
PID 19959 created thread for  TID: 21144
PID 19934 created thread for  TID: 21180
PID 19950 created thread for  TID: 21192
PID 19942 created thread for  TID: 21186
PID 19951 created thread for  TID: 21176
PID 19939 created thread for  TID: 21174
PID 19960 created thread for  TID: 21181
PID 19938 created thread for  TID: 21172
PID 19940 created thread for  TID: 21155
PID 19941 created thread for  TID: 21187
PID 19935 created thread for  TID: 21191
PID 19955 created thread for  TID: 21193
PID 19931 created thread for  TID: 21163
PID 19952 created thread for  TID: 21182
PID 19958 created thread for  TID: 21185
PID 19966 created thread for  TID: 21194
PID 19959 created thread for  TID: 21197
PID 19960 created thread for  TID: 21200
PID 19935 created thread for  TID: 21204
PID 19942 created thread for  TID: 21201
PID 19962 created thread for  TID: 21195
PID 19951 created thread for  TID: 21198
PID 19950 created thread for  TID: 21199
PID 19970 created thread for  TID: 21190
PID 19938 created thread for  TID: 21202
PID 19955 created thread for  TID: 21210
PID 19935 created thread for  TID: 21214
PID 19966 created thread for  TID: 21209
PID 19931 created thread for  TID: 21208
PID 19934 created thread for  TID: 21196
PID 19958 created thread for  TID: 21211
PID 19952 created thread for  TID: 21207
PID 19941 created thread for  TID: 21205
PID 19940 created thread for  TID: 21203
PID 19970 created thread for  TID: 21219
PID 19935 created thread for  TID: 21225
PID 19962 created thread for  TID: 21217
PID 19951 created thread for  TID: 21216
PID 19942 created thread for  TID: 21215
PID 19959 created thread for  TID: 21212
PID 19940 created thread for  TID: 21229
PID 19960 created thread for  TID: 21213
PID 19934 created thread for  TID: 21224
PID 19966 created thread for  TID: 21222
PID 19950 created thread for  TID: 21218
PID 19958 created thread for  TID: 21226
PID 19931 created thread for  TID: 21223
PID 19938 created thread for  TID: 21220
PID 19952 created thread for  TID: 21227
PID 19962 created thread for  TID: 21230
PID 19955 created thread for  TID: 21221
PID 19939 created thread for  TID: 21206
PID 19958 created thread for  TID: 21238
PID 19941 created thread for  TID: 21228
PID 19951 created thread for  TID: 21231
PID 19960 created thread for  TID: 21234
PID 19945 created thread for  TID: 21188
PID 19946 created thread for  TID: 21189
PID 19958 created thread for  TID: 21245
PID 19938 created thread for  TID: 21240
PID 19934 created thread for  TID: 21235
PID 19952 created thread for  TID: 21241
PID 19950 created thread for  TID: 21237
PID 19962 created thread for  TID: 21242
PID 19939 created thread for  TID: 21244
PID 19934 created thread for  TID: 21254
PID 19966 created thread for  TID: 21236
PID 19959 created thread for  TID: 21232
PID 19950 created thread for  TID: 21255
PID 19941 created thread for  TID: 21247
PID 19935 created thread for  TID: 21243
PID 19952 created thread for  TID: 21256
PID 19958 created thread for  TID: 21251
PID 19951 created thread for  TID: 21246
PID 19931 created thread for  TID: 21239
PID 19942 created thread for  TID: 21248
PID 19962 created thread for  TID: 21257
PID 19966 created thread for  TID: 21260
PID 19960 created thread for  TID: 21249
PID 19940 created thread for  TID: 21233
PID 19959 created thread for  TID: 21259
PID 19941 created thread for  TID: 21264
PID 19960 created thread for  TID: 21270
PID 19945 created thread for  TID: 21250
PID 19951 created thread for  TID: 21265
PID 19940 created thread for  TID: 21272
PID 19931 created thread for  TID: 21266
PID 19946 created thread for  TID: 21253
PID 19950 created thread for  TID: 21261
PID 19938 created thread for  TID: 21252
PID 19945 created thread for  TID: 21276
PID 19939 created thread for  TID: 21268
PID 19934 created thread for  TID: 21258
PID 19931 created thread for  TID: 21279
PID 19959 created thread for  TID: 21273
PID 19952 created thread for  TID: 21262
PID 19966 created thread for  TID: 21269
PID 19940 created thread for  TID: 21277
PID 19941 created thread for  TID: 21274
PID 19959 created thread for  TID: 21287
PID 19960 created thread for  TID: 21275
PID 19946 created thread for  TID: 21280
PID 19951 created thread for  TID: 21278
PID 19966 created thread for  TID: 21290
PID 19958 created thread for  TID: 21263
PID 19938 created thread for  TID: 21282
PID 19952 created thread for  TID: 21288
PID 19960 created thread for  TID: 21292
PID 19946 created thread for  TID: 21294
PID 19945 created thread for  TID: 21283
PID 19959 created thread for  TID: 21291
PID 19950 created thread for  TID: 21281
PID 19931 created thread for  TID: 21286
PID 19952 created thread for  TID: 21301
PID 19951 created thread for  TID: 21295
PID 19934 created thread for  TID: 21285
PID 19941 created thread for  TID: 21293
PID 19958 created thread for  TID: 21296
PID 19945 created thread for  TID: 21303
PID 19966 created thread for  TID: 21297
PID 19960 created thread for  TID: 21299
PID 19951 created thread for  TID: 21306
PID 19940 created thread for  TID: 21289
PID 19950 created thread for  TID: 21304
PID 19931 created thread for  TID: 21311
PID 19959 created thread for  TID: 21302
PID 19934 created thread for  TID: 21307
PID 19939 created thread for  TID: 21284
PID 19952 created thread for  TID: 21305
PID 19941 created thread for  TID: 21308
PID 19946 created thread for  TID: 21300
PID 19951 created thread for  TID: 21315
PID 19938 created thread for  TID: 21298
PID 19940 created thread for  TID: 21317
PID 19958 created thread for  TID: 21309
PID 19939 created thread for  TID: 21320
PID 19960 created thread for  TID: 21313
PID 19934 created thread for  TID: 21319
PID 19945 created thread for  TID: 21310
PID 19941 created thread for  TID: 21325
PID 19966 created thread for  TID: 21312
PID 19950 created thread for  TID: 21314
PID 19941 created thread for  TID: 21330
PID 19945 created thread for  TID: 21329
PID 19946 created thread for  TID: 21323
PID 19966 created thread for  TID: 21331
PID 19950 created thread for  TID: 21334
PID 19960 created thread for  TID: 21327
PID 19959 created thread for  TID: 21318
PID 19940 created thread for  TID: 21326
PID 19950 created thread for  TID: 21340
PID 19951 created thread for  TID: 21324
PID 19939 created thread for  TID: 21328
PID 19958 created thread for  TID: 21333
PID 19945 created thread for  TID: 21337
PID 19941 created thread for  TID: 21336
PID 19970 created thread for  TID: 21267
PID 19960 created thread for  TID: 21341
PID 19940 created thread for  TID: 21343
PID 19946 created thread for  TID: 21338
PID 19958 created thread for  TID: 21347
PID 19966 created thread for  TID: 21339
PID 19958 created thread for  TID: 21353
PID 19950 created thread for  TID: 21344
PID 19959 created thread for  TID: 21342
PID 19938 created thread for  TID: 21335
PID 19952 created thread for  TID: 21332
PID 19945 created thread for  TID: 21348
PID 19960 created thread for  TID: 21350
PID 19946 created thread for  TID: 21351
PID 19970 created thread for  TID: 21355
PID 19966 created thread for  TID: 21354
PID 19951 created thread for  TID: 21345
PID 19931 created thread for  TID: 21356
PID 19958 created thread for  TID: 21357
PID 19941 created thread for  TID: 21349
PID 19970 created thread for  TID: 21363
PID 19950 created thread for  TID: 21358
PID 19940 created thread for  TID: 21352
PID 19952 created thread for  TID: 21365
PID 19960 created thread for  TID: 21360
PID 19970 created thread for  TID: 21370
PID 19941 created thread for  TID: 21371
PID 19945 created thread for  TID: 21361
PID 19939 created thread for  TID: 21346
PID 19962 created thread for  TID: 21271
PID 19960 created thread for  TID: 21374
PID 19946 created thread for  TID: 21362
PID 19955 created thread for  TID: 21316
PID 19951 created thread for  TID: 21367
PID 19950 created thread for  TID: 21375
PID 19946 created thread for  TID: 21380
PID 19958 created thread for  TID: 21368
PID 19955 created thread for  TID: 21381
PID 19931 created thread for  TID: 21369
PID 19940 created thread for  TID: 21372
PID 19959 created thread for  TID: 21359
PID 19962 created thread for  TID: 21379
PID 19946 created thread for  TID: 21388
PID 19958 created thread for  TID: 21384
PID 19951 created thread for  TID: 21382
PID 19966 created thread for  TID: 21366
PID 19940 created thread for  TID: 21387
PID 19935 created thread for  TID: 21322
PID 19941 created thread for  TID: 21377
PID 19966 created thread for  TID: 21392
PID 19945 created thread for  TID: 21378
PID 19942 created thread for  TID: 21321
PID 19950 created thread for  TID: 21383
PID 19970 created thread for  TID: 21376
PID 19951 created thread for  TID: 21395
PID 19941 created thread for  TID: 21396
PID 19945 created thread for  TID: 21398
PID 19960 created thread for  TID: 21391
PID 19958 created thread for  TID: 21390
PID 19970 created thread for  TID: 21400
PID 19952 created thread for  TID: 21373
PID 19931 created thread for  TID: 21385
PID 19940 created thread for  TID: 21394
PID 19950 created thread for  TID: 21399
PID 19952 created thread for  TID: 21406
PID 19947 created thread for  TID: 20854
PID 19960 created thread for  TID: 21404
PID 19945 created thread for  TID: 21403
PID 19962 created thread for  TID: 21393
PID 19952 created thread for  TID: 21409
PID 19958 created thread for  TID: 21405
PID 19955 created thread for  TID: 21386
PID 19940 created thread for  TID: 21408
PID 19952 created thread for  TID: 21418
PID 19959 created thread for  TID: 21389
PID 19951 created thread for  TID: 21402
PID 19950 created thread for  TID: 21407
PID 19958 created thread for  TID: 21419
PID 19960 created thread for  TID: 21411
PID 19955 created thread for  TID: 21420
PID 19941 created thread for  TID: 21401
PID 19931 created thread for  TID: 21413
PID 19942 created thread for  TID: 21412
PID 19951 created thread for  TID: 21422
PID 19960 created thread for  TID: 21424
PID 19935 created thread for  TID: 21414
PID 19958 created thread for  TID: 21425
PID 19952 created thread for  TID: 21421
PID 19962 created thread for  TID: 21415
PID 19966 created thread for  TID: 21397
PID 19970 created thread for  TID: 21417
PID 19945 created thread for  TID: 21416
PID 19950 created thread for  TID: 21423
PID 19955 created thread for  TID: 21426
PID 19952 created thread for  TID: 21432
PID 19935 created thread for  TID: 21430
PID 19942 created thread for  TID: 21429
PID 19962 created thread for  TID: 21433
PID 19945 created thread for  TID: 21437
PID 19966 created thread for  TID: 21435
PID 19960 created thread for  TID: 21434
PID 19942 created thread for  TID: 21442
PID 19958 created thread for  TID: 21431
PID 19947 created thread for  TID: 21410
PID 19951 created thread for  TID: 21436
PID 19945 created thread for  TID: 21443
PID 19952 created thread for  TID: 21440
PID 19931 created thread for  TID: 21427
PID 19962 created thread for  TID: 21444
PID 19941 created thread for  TID: 21428
PID 19960 created thread for  TID: 21445
PID 19947 created thread for  TID: 21450
PID 19951 created thread for  TID: 21449
PID 19958 created thread for  TID: 21447
PID 19935 created thread for  TID: 21441
PID 19950 created thread for  TID: 21438
PID 19960 created thread for  TID: 21456
PID 19945 created thread for  TID: 21451
PID 19941 created thread for  TID: 21455
PID 19955 created thread for  TID: 21439
PID 19942 created thread for  TID: 21448
PID 19958 created thread for  TID: 21459
PID 19960 created thread for  TID: 21462
PID 19945 created thread for  TID: 21463
PID 19941 created thread for  TID: 21464
PID 19952 created thread for  TID: 21452
PID 19947 created thread for  TID: 21457
PID 19950 created thread for  TID: 21461
PID 19955 created thread for  TID: 21465
PID 19945 created thread for  TID: 21469
PID 19935 created thread for  TID: 21460
PID 19941 created thread for  TID: 21468
PID 19962 created thread for  TID: 21453
PID 19966 created thread for  TID: 21446
PID 19942 created thread for  TID: 21466
PID 19941 created thread for  TID: 21475
PID 19950 created thread for  TID: 21472
PID 19947 created thread for  TID: 21471
PID 19931 created thread for  TID: 21454
PID 19951 created thread for  TID: 21458
PID 19955 created thread for  TID: 21473
PID 19966 created thread for  TID: 21478
PID 19933 created thread for  TID: 20856
PID 19947 created thread for  TID: 21481
PID 19945 created thread for  TID: 21474
PID 19951 created thread for  TID: 21482
PID 19930 created thread for  TID: 21170
PID 19935 created thread for  TID: 21476
PID 19952 created thread for  TID: 21470
PID 19933 created thread for  TID: 21484
PID 19958 created thread for  TID: 21467
PID 19951 created thread for  TID: 21489
PID 19966 created thread for  TID: 21485
PID 19955 created thread for  TID: 21483
PID 19942 created thread for  TID: 21479
PID 19962 created thread for  TID: 21477
PID 19945 created thread for  TID: 21486
PID 19941 created thread for  TID: 21493
PID 19935 created thread for  TID: 21491
PID 19966 created thread for  TID: 21494
PID 19950 created thread for  TID: 21480
PID 19962 created thread for  TID: 21498
PID 19942 created thread for  TID: 21495
PID 19935 created thread for  TID: 21501
PID 19945 created thread for  TID: 21499
PID 19966 created thread for  TID: 21502
PID 19947 created thread for  TID: 21487
PID 19958 created thread for  TID: 21492
PID 19933 created thread for  TID: 21496
PID 19935 created thread for  TID: 21505
PID 19931 created thread for  TID: 21488
PID 19945 created thread for  TID: 21506
PID 19966 created thread for  TID: 21507
PID 19952 created thread for  TID: 21490
PID 19938 created thread for  TID: 21364
PID 19941 created thread for  TID: 21500
PID 19933 created thread for  TID: 21510
PID 19947 created thread for  TID: 21508
PID 19950 created thread for  TID: 21503
PID 19966 created thread for  TID: 21513
PID 19935 created thread for  TID: 21511
PID 19962 created thread for  TID: 21504
PID 19942 created thread for  TID: 21514
PID 19931 created thread for  TID: 21512
PID 19966 created thread for  TID: 21521
PID 19938 created thread for  TID: 21516
PID 19947 created thread for  TID: 21518
PID 19958 created thread for  TID: 21509
PID 19935 created thread for  TID: 21522
PID 19966 created thread for  TID: 21526
PID 19952 created thread for  TID: 21515
PID 19931 created thread for  TID: 21525
PID 19955 created thread for  TID: 21497
PID 19947 created thread for  TID: 21529
PID 19941 created thread for  TID: 21520
PID 19935 created thread for  TID: 21531
PID 19962 created thread for  TID: 21523
PID 19942 created thread for  TID: 21524
PID 19938 created thread for  TID: 21527
PID 19966 created thread for  TID: 21530
PID 19950 created thread for  TID: 21519
PID 19942 created thread for  TID: 21540
PID 19966 created thread for  TID: 21543
PID 19952 created thread for  TID: 21532
PID 19939 created thread for  TID: 21541
PID 19958 created thread for  TID: 21528
PID 19938 created thread for  TID: 21542
PID 19966 created thread for  TID: 21546
PID 19947 created thread for  TID: 21534
PID 19936 created thread for  TID: 21544
PID 19966 created thread for  TID: 21551
PID 19938 created thread for  TID: 21550
PID 19947 created thread for  TID: 21552
PID 19936 created thread for  TID: 21553
PID 19941 created thread for  TID: 21535
PID 19952 created thread for  TID: 21548
PID 19942 created thread for  TID: 21547
PID 19947 created thread for  TID: 21556
PID 19936 created thread for  TID: 21557
PID 19955 created thread for  TID: 21533
PID 19966 created thread for  TID: 21554
PID 19947 created thread for  TID: 21559
PID 19938 created thread for  TID: 21555
PID 19936 created thread for  TID: 21561
PID 19962 created thread for  TID: 21538
PID 19952 created thread for  TID: 21558
PID 19947 created thread for  TID: 21564
PID 19942 created thread for  TID: 21560
PID 19936 created thread for  TID: 21566
PID 19941 created thread for  TID: 21568
PID 19950 created thread for  TID: 21545
PID 19947 created thread for  TID: 21569
PID 19938 created thread for  TID: 21565
PID 19936 created thread for  TID: 21571
PID 19941 created thread for  TID: 21572
PID 19955 created thread for  TID: 21562
PID 19947 created thread for  TID: 21574
PID 19942 created thread for  TID: 21570
PID 19941 created thread for  TID: 21577
PID 19936 created thread for  TID: 21576
PID 19947 created thread for  TID: 21579
PID 19962 created thread for  TID: 21567
PID 19938 created thread for  TID: 21575
PID 19947 created thread for  TID: 21583
PID 19966 created thread for  TID: 21563
PID 19936 created thread for  TID: 21582
PID 19941 created thread for  TID: 21581
PID 19950 created thread for  TID: 21573
PID 19947 created thread for  TID: 21586
PID 19942 created thread for  TID: 21580
PID 19966 created thread for  TID: 21587
PID 19936 created thread for  TID: 21589
PID 19941 created thread for  TID: 21588
PID 19955 created thread for  TID: 21578
PID 19947 created thread for  TID: 21591
PID 19966 created thread for  TID: 21592
PID 19938 created thread for  TID: 21585
PID 19941 created thread for  TID: 21595
PID 19936 created thread for  TID: 21594
PID 19962 created thread for  TID: 21584
PID 19947 created thread for  TID: 21597
PID 19966 created thread for  TID: 21598
PID 19942 created thread for  TID: 21593
PID 19936 created thread for  TID: 21601
PID 19941 created thread for  TID: 21600
PID 19950 created thread for  TID: 21590
PID 19947 created thread for  TID: 21603
PID 19966 created thread for  TID: 21604
PID 19938 created thread for  TID: 21599
PID 19941 created thread for  TID: 21607
PID 19936 created thread for  TID: 21606
PID 19955 created thread for  TID: 21596
PID 19947 created thread for  TID: 21609
PID 19966 created thread for  TID: 21610
PID 19942 created thread for  TID: 21605
PID 19962 created thread for  TID: 21602
PID 19936 created thread for  TID: 21612
PID 19947 created thread for  TID: 21614
PID 19966 created thread for  TID: 21615
PID 19938 created thread for  TID: 21611
PID 19947 created thread for  TID: 21618
PID 19950 created thread for  TID: 21608
PID 19966 created thread for  TID: 21620
PID 19936 created thread for  TID: 21619
PID 19947 created thread for  TID: 21621
PID 19936 created thread for  TID: 21625
PID 19942 created thread for  TID: 21616
PID 19955 created thread for  TID: 21613
PID 19962 created thread for  TID: 21617
PID 19947 created thread for  TID: 21626
PID 19936 created thread for  TID: 21627
PID 19938 created thread for  TID: 21622
PID 19950 created thread for  TID: 21624
PID 19962 created thread for  TID: 21630
PID 19966 created thread for  TID: 21623
PID 19947 created thread for  TID: 21631
PID 19936 created thread for  TID: 21632
PID 19942 created thread for  TID: 21628
PID 19955 created thread for  TID: 21629
PID 19962 created thread for  TID: 21635
PID 19947 created thread for  TID: 21637
PID 19966 created thread for  TID: 21636
PID 19936 created thread for  TID: 21638
PID 19938 created thread for  TID: 21634
PID 19950 created thread for  TID: 21633
PID 19947 created thread for  TID: 21641
PID 19966 created thread for  TID: 21642
PID 19962 created thread for  TID: 21643
PID 19936 created thread for  TID: 21644
PID 19942 created thread for  TID: 21640
PID 19955 created thread for  TID: 21639
PID 19966 created thread for  TID: 21648
PID 19947 created thread for  TID: 21647
PID 19962 created thread for  TID: 21649
PID 19936 created thread for  TID: 21650
PID 19966 created thread for  TID: 21653
PID 19947 created thread for  TID: 21654
PID 19950 created thread for  TID: 21646
PID 19938 created thread for  TID: 21645
PID 19962 created thread for  TID: 21655
PID 19966 created thread for  TID: 21657
PID 19947 created thread for  TID: 21658
PID 19936 created thread for  TID: 21656
PID 19942 created thread for  TID: 21651
PID 19955 created thread for  TID: 21652
PID 19962 created thread for  TID: 21661
PID 19934 created thread for  TID: 21537
PID 19966 created thread for  TID: 21662
PID 19947 created thread for  TID: 21663
PID 19955 created thread for  TID: 21665
PID 19936 created thread for  TID: 21664
PID 19933 created thread for  TID: 21517
PID 19950 created thread for  TID: 21659
PID 19936 created thread for  TID: 21669
PID 19947 created thread for  TID: 21667
PID 19938 created thread for  TID: 21660
PID 19966 created thread for  TID: 21666
PID 19950 created thread for  TID: 21672
PID 19936 created thread for  TID: 21673
PID 19947 created thread for  TID: 21674
PID 19966 created thread for  TID: 21675
PID 19942 created thread for  TID: 21670
PID 19955 created thread for  TID: 21668
PID 19936 created thread for  TID: 21679
PID 19966 created thread for  TID: 21680
PID 19947 created thread for  TID: 21681
PID 19938 created thread for  TID: 21677
PID 19950 created thread for  TID: 21678
PID 19966 created thread for  TID: 21684
PID 19936 created thread for  TID: 21685
PID 19947 created thread for  TID: 21686
PID 19942 created thread for  TID: 21682
PID 19955 created thread for  TID: 21683
PID 19966 created thread for  TID: 21689
PID 19936 created thread for  TID: 21690
PID 19947 created thread for  TID: 21691
PID 19938 created thread for  TID: 21687
PID 19966 created thread for  TID: 21693
PID 19950 created thread for  TID: 21688
PID 19936 created thread for  TID: 21695
PID 19947 created thread for  TID: 21696
PID 19942 created thread for  TID: 21692
PID 19936 created thread for  TID: 21699
PID 19947 created thread for  TID: 21700
PID 19955 created thread for  TID: 21694
PID 19946 created thread for  TID: 21539
PID 19947 created thread for  TID: 21702
PID 19936 created thread for  TID: 21701
PID 19946 created thread for  TID: 21703
PID 19947 created thread for  TID: 21704
PID 19938 created thread for  TID: 21697
PID 19936 created thread for  TID: 21705
PID 19946 created thread for  TID: 21706
PID 19950 created thread for  TID: 21698
PID 19947 created thread for  TID: 21707
PID 19938 created thread for  TID: 21708
PID 19936 created thread for  TID: 21709
PID 19946 created thread for  TID: 21710
PID 19950 created thread for  TID: 21711
PID 19947 created thread for  TID: 21712
PID 19938 created thread for  TID: 21713
PID 19946 created thread for  TID: 21715
PID 19936 created thread for  TID: 21714
PID 19950 created thread for  TID: 21716
PID 19930 created thread for  TID: 21536
PID 19947 created thread for  TID: 21717
PID 19938 created thread for  TID: 21718
PID 19946 created thread for  TID: 21719
PID 19936 created thread for  TID: 21720
PID 19950 created thread for  TID: 21721
PID 19930 created thread for  TID: 21722
PID 19947 created thread for  TID: 21723
PID 19938 created thread for  TID: 21724
PID 19946 created thread for  TID: 21725
PID 19930 created thread for  TID: 21727
PID 19950 created thread for  TID: 21726
PID 19947 created thread for  TID: 21728
PID 19939 created thread for  TID: 21549
PID 19938 created thread for  TID: 21729
PID 19946 created thread for  TID: 21730
PID 19930 created thread for  TID: 21731
PID 19950 created thread for  TID: 21732
PID 19947 created thread for  TID: 21733
PID 19938 created thread for  TID: 21734
PID 19934 created thread for  TID: 21676
PID 19930 created thread for  TID: 21736
PID 19946 created thread for  TID: 21737
PID 19950 created thread for  TID: 21738
PID 19947 created thread for  TID: 21739
PID 19930 created thread for  TID: 21741
PID 19938 created thread for  TID: 21740
PID 19939 created thread for  TID: 21735
PID 19946 created thread for  TID: 21743
PID 19933 created thread for  TID: 21671
PID 19950 created thread for  TID: 21744
PID 19934 created thread for  TID: 21742
PID 19930 created thread for  TID: 21746
PID 19938 created thread for  TID: 21747
PID 19946 created thread for  TID: 21749
PID 19939 created thread for  TID: 21748
PID 19950 created thread for  TID: 21751
PID 19947 created thread for  TID: 21745
PID 19934 created thread for  TID: 21752
PID 19930 created thread for  TID: 21753
PID 19938 created thread for  TID: 21754
PID 19946 created thread for  TID: 21755
PID 19939 created thread for  TID: 21756
PID 19950 created thread for  TID: 21757
PID 19947 created thread for  TID: 21758
PID 19934 created thread for  TID: 21759
PID 19930 created thread for  TID: 21760
PID 19938 created thread for  TID: 21761
PID 19946 created thread for  TID: 21762
PID 19939 created thread for  TID: 21763
PID 19930 created thread for  TID: 21765
PID 19950 created thread for  TID: 21764
PID 19934 created thread for  TID: 21767
PID 19947 created thread for  TID: 21766
PID 19938 created thread for  TID: 21768
PID 19930 created thread for  TID: 21769
PID 19939 created thread for  TID: 21770
PID 19946 created thread for  TID: 21771
PID 19950 created thread for  TID: 21772
PID 19934 created thread for  TID: 21773
PID 19947 created thread for  TID: 21774
PID 19930 created thread for  TID: 21776
PID 19938 created thread for  TID: 21775
PID 19939 created thread for  TID: 21778
PID 19946 created thread for  TID: 21777
PID 19950 created thread for  TID: 21779
PID 19934 created thread for  TID: 21781
PID 19947 created thread for  TID: 21780
PID 19930 created thread for  TID: 21782
PID 19938 created thread for  TID: 21783
PID 19950 created thread for  TID: 21786
PID 19946 created thread for  TID: 21785
PID 19939 created thread for  TID: 21784
PID 19934 created thread for  TID: 21788
PID 19947 created thread for  TID: 21787
PID 19930 created thread for  TID: 21789
PID 19938 created thread for  TID: 21790
PID 19950 created thread for  TID: 21791
PID 19939 created thread for  TID: 21792
PID 19946 created thread for  TID: 21793
PID 19930 created thread for  TID: 21796
PID 19947 created thread for  TID: 21794
PID 19934 created thread for  TID: 21795
PID 19938 created thread for  TID: 21797
PID 19950 created thread for  TID: 21798
PID 19930 created thread for  TID: 21801
PID 19946 created thread for  TID: 21799
PID 19939 created thread for  TID: 21800
PID 19934 created thread for  TID: 21802
PID 19947 created thread for  TID: 21803
PID 19938 created thread for  TID: 21804
PID 19930 created thread for  TID: 21805
PID 19946 created thread for  TID: 21806
PID 19939 created thread for  TID: 21807
PID 19934 created thread for  TID: 21809
PID 19947 created thread for  TID: 21808
PID 19938 created thread for  TID: 21810
PID 19930 created thread for  TID: 21811
PID 19939 created thread for  TID: 21813
PID 19946 created thread for  TID: 21812
PID 19934 created thread for  TID: 21814
PID 19938 created thread for  TID: 21815
PID 19930 created thread for  TID: 21816
PID 19934 created thread for  TID: 21819
PID 19946 created thread for  TID: 21818
PID 19939 created thread for  TID: 21817
PID 19930 created thread for  TID: 21820
PID 19938 created thread for  TID: 21821
PID 19933 created thread for  TID: 21750
PID 19934 created thread for  TID: 21822
PID 19930 created thread for  TID: 21825
PID 19939 created thread for  TID: 21823
PID 19946 created thread for  TID: 21824
PID 19938 created thread for  TID: 21826
PID 19933 created thread for  TID: 21827
PID 19930 created thread for  TID: 21829
PID 19934 created thread for  TID: 21828
PID 19939 created thread for  TID: 21830
PID 19946 created thread for  TID: 21831
PID 19938 created thread for  TID: 21832
PID 19933 created thread for  TID: 21833
PID 19930 created thread for  TID: 21835
PID 19939 created thread for  TID: 21836
PID 19934 created thread for  TID: 21834
PID 19946 created thread for  TID: 21837
PID 19938 created thread for  TID: 21838
PID 19933 created thread for  TID: 21839
PID 19939 created thread for  TID: 21840
PID 19930 created thread for  TID: 21841
PID 19934 created thread for  TID: 21842
PID 19938 created thread for  TID: 21843
PID 19946 created thread for  TID: 21844
PID 19933 created thread for  TID: 21845
PID 19939 created thread for  TID: 21846
PID 19930 created thread for  TID: 21847
PID 19934 created thread for  TID: 21848
PID 19946 created thread for  TID: 21849
PID 19938 created thread for  TID: 21850
PID 19939 created thread for  TID: 21851
PID 19933 created thread for  TID: 21852
PID 19946 created thread for  TID: 21854
PID 19934 created thread for  TID: 21855
PID 19939 created thread for  TID: 21857
PID 19933 created thread for  TID: 21858
PID 19946 created thread for  TID: 21859
PID 19938 created thread for  TID: 21856
PID 19939 created thread for  TID: 21860
PID 19933 created thread for  TID: 21861
PID 19930 created thread for  TID: 21853
PID 19938 created thread for  TID: 21863
PID 19946 created thread for  TID: 21862
PID 19939 created thread for  TID: 21864
PID 19933 created thread for  TID: 21865
PID 19934 created thread for  TID: 21866
PID 19930 created thread for  TID: 21867
PID 19939 created thread for  TID: 21868
PID 19938 created thread for  TID: 21869
PID 19933 created thread for  TID: 21870
PID 19934 created thread for  TID: 21871
PID 19930 created thread for  TID: 21872
PID 19939 created thread for  TID: 21874
PID 19938 created thread for  TID: 21873
PID 19934 created thread for  TID: 21875
PID 19933 created thread for  TID: 21876
PID 19930 created thread for  TID: 21877
PID 19939 created thread for  TID: 21878
PID 19938 created thread for  TID: 21879
PID 19934 created thread for  TID: 21880
PID 19933 created thread for  TID: 21881
PID 19930 created thread for  TID: 21882
PID 19939 created thread for  TID: 21883
PID 19938 created thread for  TID: 21884
PID 19934 created thread for  TID: 21885
PID 19933 created thread for  TID: 21886
PID 19930 created thread for  TID: 21887
PID 19939 created thread for  TID: 21888
PID 19938 created thread for  TID: 21889
PID 19934 created thread for  TID: 21890
PID 19933 created thread for  TID: 21891
PID 19930 created thread for  TID: 21892
PID 19939 created thread for  TID: 21893
PID 19938 created thread for  TID: 21894
PID 19934 created thread for  TID: 21895
PID 19933 created thread for  TID: 21896
PID 19930 created thread for  TID: 21897
PID 19938 created thread for  TID: 21898
PID 19934 created thread for  TID: 21899
PID 19933 created thread for  TID: 21900
PID 19934 created thread for  TID: 21901
PID 19930 created thread for  TID: 21902
PID 19933 created thread for  TID: 21903
PID 19933 created thread for  TID: 21904
PID 19933 created thread for  TID: 21905
PID 19933 created thread for  TID: 21906
PID 19933 created thread for  TID: 21907
PID 19933 created thread for  TID: 21908
PID 19933 created thread for  TID: 21909
PID 19933 created thread for  TID: 21910
PID 19933 created thread for  TID: 21911
PID 19933 created thread for  TID: 21912
PID 19933 created thread for  TID: 21913
