Erfan created PID: 12566 
PID 12566 created child for Store1 PID:12717
PID 12566 created child for Store2 PID:12718
PID 12717 created child for Apparel PID: 12719
PID 12566 created child for Store3 PID:12721
PID 12717 created child for Beauty PID: 12720
PID 12719 created thread for  TID: 12727
PID 12720 created thread for  TID: 12729
PID 12718 created child for Beauty PID: 12724
PID 12719 created thread for  TID: 12735
PID 12719 created thread for  TID: 12740
PID 12717 created child for Market PID: 12733
PID 12719 created thread for  TID: 12745
PID 12717 created child for Sports PID: 12739
PID 12717 created child for Toys PID: 12744
PID 12717 created child for Home PID: 12730
PID 12718 created child for Toys PID: 12748
PID 12720 created thread for  TID: 12737
PID 12724 created thread for  TID: 12742
PID 12718 created child for Home PID: 12736
PID 12721 created child for Digital PID: 12734
PID 12733 created thread for  TID: 12750
PID 12717 created child for Food PID: 12725
PID 12724 created thread for  TID: 12757
PID 12736 created thread for  TID: 12758
PID 12718 created child for Digital PID: 12728
PID 12721 created child for Toys PID: 12752
PID 12717 created child for Digital PID: 12723
PID 12725 created thread for  TID: 12762
PID 12724 created thread for  TID: 12759
PID 12724 created thread for  TID: 12763
PID 12733 created thread for  TID: 12760
PID 12725 created thread for  TID: 12764
PID 12721 created child for Beauty PID: 12731
PID 12718 created child for Food PID: 12732
PID 12744 created thread for  TID: 12756
PID 12723 created thread for  TID: 12768
PID 12719 created thread for  TID: 12749
PID 12721 created child for Apparel PID: 12726
PID 12736 created thread for  TID: 12767
PID 12744 created thread for  TID: 12773
PID 12719 created thread for  TID: 12775
PID 12724 created thread for  TID: 12769
PID 12720 created thread for  TID: 12754
PID 12748 created thread for  TID: 12771
PID 12728 created thread for  TID: 12765
PID 12721 created child for Market PID: 12747
PID 12739 created thread for  TID: 12753
PID 12733 created thread for  TID: 12770
PID 12731 created thread for  TID: 12772
PID 12730 created thread for  TID: 12755
PID 12734 created thread for  TID: 12761
PID 12739 created thread for  TID: 12786
PID 12726 created thread for  TID: 12779
PID 12736 created thread for  TID: 12776
PID 12752 created thread for  TID: 12766
PID 12723 created thread for  TID: 12774
PID 12719 created thread for  TID: 12780
PID 12724 created thread for  TID: 12781
PID 12744 created thread for  TID: 12777
PID 12733 created thread for  TID: 12787
PID 12747 created thread for  TID: 12788
PID 12731 created thread for  TID: 12789
PID 12730 created thread for  TID: 12799
PID 12718 created child for Sports PID: 12746
PID 12736 created thread for  TID: 12793
PID 12731 created thread for  TID: 12802
PID 12732 created thread for  TID: 12778
PID 12752 created thread for  TID: 12796
PID 12728 created thread for  TID: 12785
PID 12731 created thread for  TID: 12805
PID 12725 created thread for  TID: 12782
PID 12733 created thread for  TID: 12801
PID 12718 created child for Market PID: 12741
PID 12752 created thread for  TID: 12808
PID 12748 created thread for  TID: 12784
PID 12734 created thread for  TID: 12792
PID 12746 created thread for  TID: 12806
PID 12728 created thread for  TID: 12810
PID 12726 created thread for  TID: 12797
PID 12719 created thread for  TID: 12795
PID 12739 created thread for  TID: 12790
PID 12736 created thread for  TID: 12804
PID 12752 created thread for  TID: 12813
PID 12724 created thread for  TID: 12798
PID 12723 created thread for  TID: 12794
PID 12736 created thread for  TID: 12821
PID 12725 created thread for  TID: 12811
PID 12734 created thread for  TID: 12816
PID 12724 created thread for  TID: 12824
PID 12728 created thread for  TID: 12818
PID 12730 created thread for  TID: 12803
PID 12752 created thread for  TID: 12823
PID 12728 created thread for  TID: 12829
PID 12730 created thread for  TID: 12830
PID 12724 created thread for  TID: 12831
PID 12734 created thread for  TID: 12828
PID 12728 created thread for  TID: 12833
PID 12730 created thread for  TID: 12834
PID 12724 created thread for  TID: 12835
PID 12752 created thread for  TID: 12832
PID 12724 created thread for  TID: 12837
PID 12734 created thread for  TID: 12836
PID 12752 created thread for  TID: 12840
PID 12731 created thread for  TID: 12809
PID 12728 created thread for  TID: 12838
PID 12724 created thread for  TID: 12841
PID 12733 created thread for  TID: 12812
PID 12730 created thread for  TID: 12839
PID 12734 created thread for  TID: 12842
PID 12724 created thread for  TID: 12845
PID 12752 created thread for  TID: 12843
PID 12741 created thread for  TID: 12814
PID 12731 created thread for  TID: 12844
PID 12724 created thread for  TID: 12850
PID 12728 created thread for  TID: 12846
PID 12732 created thread for  TID: 12807
PID 12747 created thread for  TID: 12817
PID 12731 created thread for  TID: 12853
PID 12724 created thread for  TID: 12854
PID 12741 created thread for  TID: 12856
PID 12746 created thread for  TID: 12851
PID 12731 created thread for  TID: 12858
PID 12720 created thread for  TID: 12783
PID 12724 created thread for  TID: 12860
PID 12736 created thread for  TID: 12825
PID 12728 created thread for  TID: 12855
PID 12731 created thread for  TID: 12861
PID 12724 created thread for  TID: 12862
PID 12723 created thread for  TID: 12826
PID 12731 created thread for  TID: 12865
PID 12725 created thread for  TID: 12827
PID 12728 created thread for  TID: 12867
PID 12724 created thread for  TID: 12866
PID 12744 created thread for  TID: 12800
PID 12747 created thread for  TID: 12859
PID 12724 created thread for  TID: 12873
PID 12718 created child for Apparel PID: 12722
PID 12736 created thread for  TID: 12863
PID 12725 created thread for  TID: 12874
PID 12746 created thread for  TID: 12868
PID 12724 created thread for  TID: 12876
PID 12721 created child for Food PID: 12738
PID 12731 created thread for  TID: 12870
PID 12744 created thread for  TID: 12875
PID 12724 created thread for  TID: 12881
PID 12748 created thread for  TID: 12815
PID 12736 created thread for  TID: 12879
PID 12747 created thread for  TID: 12877
PID 12725 created thread for  TID: 12878
PID 12721 created child for Home PID: 12743
PID 12726 created thread for  TID: 12819
PID 12746 created thread for  TID: 12883
PID 12744 created thread for  TID: 12885
PID 12725 created thread for  TID: 12891
PID 12738 created thread for  TID: 12888
PID 12721 created child for Sports PID: 12751
PID 12719 created thread for  TID: 12820
PID 12736 created thread for  TID: 12889
PID 12722 created thread for  TID: 12882
PID 12725 created thread for  TID: 12894
PID 12748 created thread for  TID: 12887
PID 12739 created thread for  TID: 12822
PID 12719 created thread for  TID: 12895
PID 12747 created thread for  TID: 12890
PID 12725 created thread for  TID: 12898
PID 12730 created thread for  TID: 12848
PID 12751 created thread for  TID: 12899
PID 12736 created thread for  TID: 12896
PID 12724 created thread for  TID: 12886
PID 12725 created thread for  TID: 12906
PID 12734 created thread for  TID: 12849
PID 12736 created thread for  TID: 12908
PID 12747 created thread for  TID: 12904
PID 12748 created thread for  TID: 12902
PID 12728 created thread for  TID: 12872
PID 12743 created thread for  TID: 12897
PID 12744 created thread for  TID: 12900
PID 12730 created thread for  TID: 12907
PID 12731 created thread for  TID: 12884
PID 12734 created thread for  TID: 12911
PID 12724 created thread for  TID: 12910
PID 12725 created thread for  TID: 12909
PID 12739 created thread for  TID: 12903
PID 12751 created thread for  TID: 12912
PID 12736 created thread for  TID: 12913
PID 12728 created thread for  TID: 12916
PID 12744 created thread for  TID: 12917
PID 12748 created thread for  TID: 12915
PID 12731 created thread for  TID: 12922
PID 12734 created thread for  TID: 12920
PID 12747 created thread for  TID: 12914
PID 12739 created thread for  TID: 12924
PID 12725 created thread for  TID: 12925
PID 12728 created thread for  TID: 12927
PID 12743 created thread for  TID: 12918
PID 12730 created thread for  TID: 12919
PID 12748 created thread for  TID: 12930
PID 12736 created thread for  TID: 12928
PID 12751 created thread for  TID: 12923
PID 12725 created thread for  TID: 12934
PID 12724 created thread for  TID: 12921
PID 12747 created thread for  TID: 12932
PID 12746 created thread for  TID: 12892
PID 12743 created thread for  TID: 12936
PID 12736 created thread for  TID: 12938
PID 12734 created thread for  TID: 12931
PID 12748 created thread for  TID: 12939
PID 12744 created thread for  TID: 12926
PID 12751 created thread for  TID: 12941
PID 12731 created thread for  TID: 12929
PID 12724 created thread for  TID: 12942
PID 12728 created thread for  TID: 12935
PID 12736 created thread for  TID: 12947
PID 12730 created thread for  TID: 12937
PID 12731 created thread for  TID: 12951
PID 12724 created thread for  TID: 12952
PID 12747 created thread for  TID: 12943
PID 12751 created thread for  TID: 12950
PID 12731 created thread for  TID: 12955
PID 12743 created thread for  TID: 12945
PID 12728 created thread for  TID: 12953
PID 12744 created thread for  TID: 12949
PID 12730 created thread for  TID: 12954
PID 12734 created thread for  TID: 12946
PID 12743 created thread for  TID: 12961
PID 12724 created thread for  TID: 12957
PID 12736 created thread for  TID: 12956
PID 12746 created thread for  TID: 12944
PID 12751 created thread for  TID: 12959
PID 12724 created thread for  TID: 12966
PID 12731 created thread for  TID: 12960
PID 12730 created thread for  TID: 12963
PID 12747 created thread for  TID: 12958
PID 12724 created thread for  TID: 12969
PID 12732 created thread for  TID: 12857
PID 12731 created thread for  TID: 12971
PID 12728 created thread for  TID: 12962
PID 12751 created thread for  TID: 12970
PID 12744 created thread for  TID: 12964
PID 12724 created thread for  TID: 12975
PID 12741 created thread for  TID: 12864
PID 12746 created thread for  TID: 12972
PID 12734 created thread for  TID: 12967
PID 12751 created thread for  TID: 12978
PID 12725 created thread for  TID: 12940
PID 12747 created thread for  TID: 12974
PID 12724 created thread for  TID: 12979
PID 12743 created thread for  TID: 12965
PID 12736 created thread for  TID: 12968
PID 12752 created thread for  TID: 12852
PID 12744 created thread for  TID: 12980
PID 12725 created thread for  TID: 12986
PID 12731 created thread for  TID: 12976
PID 12720 created thread for  TID: 12871
PID 12732 created thread for  TID: 12977
PID 12724 created thread for  TID: 12988
PID 12746 created thread for  TID: 12983
PID 12743 created thread for  TID: 12989
PID 12723 created thread for  TID: 12869
PID 12728 created thread for  TID: 12985
PID 12736 created thread for  TID: 12990
PID 12747 created thread for  TID: 12987
PID 12751 created thread for  TID: 12984
PID 12730 created thread for  TID: 12973
PID 12746 created thread for  TID: 12999
PID 12724 created thread for  TID: 12998
PID 12752 created thread for  TID: 12991
PID 12734 created thread for  TID: 12982
PID 12744 created thread for  TID: 12992
PID 12741 created thread for  TID: 12981
PID 12723 created thread for  TID: 13001
PID 12736 created thread for  TID: 13004
PID 12743 created thread for  TID: 13000
PID 12732 created thread for  TID: 12997
PID 12724 created thread for  TID: 13007
PID 12738 created thread for  TID: 12901
PID 12733 created thread for  TID: 12847
PID 12752 created thread for  TID: 13008
PID 12747 created thread for  TID: 13006
PID 12719 created thread for  TID: 12905
PID 12743 created thread for  TID: 13014
PID 12734 created thread for  TID: 13009
PID 12728 created thread for  TID: 13002
PID 12730 created thread for  TID: 13005
PID 12723 created thread for  TID: 13012
PID 12736 created thread for  TID: 13015
PID 12726 created thread for  TID: 12893
PID 12730 created thread for  TID: 13025
PID 12752 created thread for  TID: 13019
PID 12724 created thread for  TID: 13016
PID 12741 created thread for  TID: 13011
PID 12744 created thread for  TID: 13013
PID 12748 created thread for  TID: 12948
PID 12746 created thread for  TID: 13010
PID 12732 created thread for  TID: 13017
PID 12734 created thread for  TID: 13027
PID 12722 created thread for  TID: 12993
PID 12733 created thread for  TID: 13021
PID 12747 created thread for  TID: 13020
PID 12743 created thread for  TID: 13022
PID 12725 created thread for  TID: 12994
PID 12744 created thread for  TID: 13035
PID 12728 created thread for  TID: 13024
PID 12723 created thread for  TID: 13026
PID 12738 created thread for  TID: 13018
PID 12722 created thread for  TID: 13038
PID 12726 created thread for  TID: 13029
PID 12730 created thread for  TID: 13032
PID 12744 created thread for  TID: 13043
PID 12739 created thread for  TID: 12933
PID 12738 created thread for  TID: 13047
PID 12748 created thread for  TID: 13034
PID 12746 created thread for  TID: 13039
PID 12743 created thread for  TID: 13042
PID 12719 created thread for  TID: 13023
PID 12725 created thread for  TID: 13046
PID 12752 created thread for  TID: 13030
PID 12741 created thread for  TID: 13033
PID 12720 created thread for  TID: 12996
PID 12733 created thread for  TID: 13040
PID 12731 created thread for  TID: 12995
PID 12722 created thread for  TID: 13048
PID 12730 created thread for  TID: 13050
PID 12728 created thread for  TID: 13044
PID 12747 created thread for  TID: 13041
PID 12736 created thread for  TID: 13028
PID 12748 created thread for  TID: 13054
PID 12739 created thread for  TID: 13051
PID 12730 created thread for  TID: 13065
PID 12720 created thread for  TID: 13061
PID 12744 created thread for  TID: 13049
PID 12746 created thread for  TID: 13055
PID 12723 created thread for  TID: 13045
PID 12728 created thread for  TID: 13066
PID 12733 created thread for  TID: 13062
PID 12751 created thread for  TID: 13003
PID 12747 created thread for  TID: 13067
PID 12739 created thread for  TID: 13069
PID 12720 created thread for  TID: 13070
PID 12723 created thread for  TID: 13075
PID 12743 created thread for  TID: 13056
PID 12747 created thread for  TID: 13078
PID 12744 created thread for  TID: 13072
PID 12739 created thread for  TID: 13079
PID 12752 created thread for  TID: 13059
PID 12743 created thread for  TID: 13082
PID 12744 created thread for  TID: 13084
PID 12736 created thread for  TID: 13068
PID 12752 created thread for  TID: 13086
PID 12748 created thread for  TID: 13073
PID 12723 created thread for  TID: 13081
PID 12743 created thread for  TID: 13087
PID 12720 created thread for  TID: 13080
PID 12746 created thread for  TID: 13071
PID 12747 created thread for  TID: 13083
PID 12752 created thread for  TID: 13091
PID 12743 created thread for  TID: 13093
PID 12736 created thread for  TID: 13090
PID 12751 created thread for  TID: 13077
PID 12744 created thread for  TID: 13088
PID 12723 created thread for  TID: 13092
PID 12746 created thread for  TID: 13095
PID 12728 created thread for  TID: 13089
PID 12720 created thread for  TID: 13094
PID 12736 created thread for  TID: 13098
PID 12719 created thread for  TID: 13057
PID 12747 created thread for  TID: 13096
PID 12752 created thread for  TID: 13097
PID 12723 created thread for  TID: 13103
PID 12720 created thread for  TID: 13107
PID 12743 created thread for  TID: 13099
PID 12748 created thread for  TID: 13104
PID 12736 created thread for  TID: 13108
PID 12728 created thread for  TID: 13105
PID 12732 created thread for  TID: 13037
PID 12720 created thread for  TID: 13112
PID 12746 created thread for  TID: 13106
PID 12722 created thread for  TID: 13064
PID 12724 created thread for  TID: 13031
PID 12748 created thread for  TID: 13115
PID 12723 created thread for  TID: 13111
PID 12728 created thread for  TID: 13116
PID 12726 created thread for  TID: 13052
PID 12731 created thread for  TID: 13063
PID 12722 created thread for  TID: 13119
PID 12732 created thread for  TID: 13117
PID 12725 created thread for  TID: 13058
PID 12723 created thread for  TID: 13122
PID 12733 created thread for  TID: 13076
PID 12732 created thread for  TID: 13126
PID 12746 created thread for  TID: 13118
PID 12738 created thread for  TID: 13053
PID 12719 created thread for  TID: 13109
PID 12748 created thread for  TID: 13120
PID 12736 created thread for  TID: 13128
PID 12720 created thread for  TID: 13129
PID 12741 created thread for  TID: 13060
PID 12739 created thread for  TID: 13085
PID 12731 created thread for  TID: 13125
PID 12738 created thread for  TID: 13135
PID 12722 created thread for  TID: 13127
PID 12719 created thread for  TID: 13136
PID 12730 created thread for  TID: 13074
PID 12733 created thread for  TID: 13131
PID 12748 created thread for  TID: 13137
PID 12738 created thread for  TID: 13141
PID 12734 created thread for  TID: 13036
PID 12748 created thread for  TID: 13146
PID 12746 created thread for  TID: 13133
PID 12725 created thread for  TID: 13130
PID 12726 created thread for  TID: 13124
PID 12731 created thread for  TID: 13140
PID 12732 created thread for  TID: 13132
PID 12734 created thread for  TID: 13149
PID 12728 created thread for  TID: 13123
PID 12723 created thread for  TID: 13134
PID 12736 created thread for  TID: 13138
PID 12738 created thread for  TID: 13147
PID 12730 created thread for  TID: 13144
PID 12747 created thread for  TID: 13110
PID 12741 created thread for  TID: 13148
PID 12731 created thread for  TID: 13154
PID 12734 created thread for  TID: 13155
PID 12726 created thread for  TID: 13153
PID 12728 created thread for  TID: 13156
PID 12739 created thread for  TID: 13139
PID 12732 created thread for  TID: 13157
PID 12752 created thread for  TID: 13113
PID 12722 created thread for  TID: 13142
PID 12730 created thread for  TID: 13162
PID 12732 created thread for  TID: 13170
PID 12734 created thread for  TID: 13165
PID 12723 created thread for  TID: 13159
PID 12719 created thread for  TID: 13143
PID 12738 created thread for  TID: 13160
PID 12724 created thread for  TID: 13121
PID 12733 created thread for  TID: 13145
PID 12741 created thread for  TID: 13163
PID 12731 created thread for  TID: 13166
PID 12736 created thread for  TID: 13164
PID 12719 created thread for  TID: 13177
PID 12732 created thread for  TID: 13174
PID 12738 created thread for  TID: 13178
PID 12733 created thread for  TID: 13179
PID 12736 created thread for  TID: 13183
PID 12733 created thread for  TID: 13185
PID 12731 created thread for  TID: 13182
PID 12741 created thread for  TID: 13181
PID 12732 created thread for  TID: 13187
PID 12736 created thread for  TID: 13188
PID 12748 created thread for  TID: 13150
PID 12733 created thread for  TID: 13189
PID 12738 created thread for  TID: 13186
PID 12741 created thread for  TID: 13191
PID 12733 created thread for  TID: 13194
PID 12732 created thread for  TID: 13192
PID 12748 created thread for  TID: 13193
PID 12751 created thread for  TID: 13100
PID 12738 created thread for  TID: 13195
PID 12732 created thread for  TID: 13198
PID 12733 created thread for  TID: 13199
PID 12751 created thread for  TID: 13200
PID 12736 created thread for  TID: 13196
PID 12732 created thread for  TID: 13203
PID 12748 created thread for  TID: 13201
PID 12738 created thread for  TID: 13202
PID 12751 created thread for  TID: 13206
PID 12733 created thread for  TID: 13204
PID 12736 created thread for  TID: 13205
PID 12732 created thread for  TID: 13207
PID 12751 created thread for  TID: 13210
PID 12748 created thread for  TID: 13208
PID 12738 created thread for  TID: 13209
PID 12733 created thread for  TID: 13211
PID 12751 created thread for  TID: 13213
PID 12736 created thread for  TID: 13212
PID 12738 created thread for  TID: 13215
PID 12748 created thread for  TID: 13216
PID 12732 created thread for  TID: 13214
PID 12733 created thread for  TID: 13217
PID 12751 created thread for  TID: 13218
PID 12736 created thread for  TID: 13219
PID 12738 created thread for  TID: 13220
PID 12748 created thread for  TID: 13221
PID 12746 created thread for  TID: 13151
PID 12751 created thread for  TID: 13224
PID 12748 created thread for  TID: 13226
PID 12733 created thread for  TID: 13222
PID 12732 created thread for  TID: 13223
PID 12720 created thread for  TID: 13158
PID 12738 created thread for  TID: 13227
PID 12748 created thread for  TID: 13229
PID 12739 created thread for  TID: 13169
PID 12733 created thread for  TID: 13231
PID 12751 created thread for  TID: 13228
PID 12744 created thread for  TID: 13101
PID 12732 created thread for  TID: 13230
PID 12752 created thread for  TID: 13171
PID 12725 created thread for  TID: 13152
PID 12733 created thread for  TID: 13237
PID 12726 created thread for  TID: 13167
PID 12751 created thread for  TID: 13238
PID 12748 created thread for  TID: 13234
PID 12732 created thread for  TID: 13239
PID 12743 created thread for  TID: 13114
PID 12747 created thread for  TID: 13161
PID 12728 created thread for  TID: 13168
PID 12751 created thread for  TID: 13243
PID 12733 created thread for  TID: 13242
PID 12732 created thread for  TID: 13248
PID 12739 created thread for  TID: 13235
PID 12726 created thread for  TID: 13244
PID 12747 created thread for  TID: 13249
PID 12733 created thread for  TID: 13252
PID 12752 created thread for  TID: 13240
PID 12725 created thread for  TID: 13241
PID 12739 created thread for  TID: 13254
PID 12732 created thread for  TID: 13253
PID 12726 created thread for  TID: 13255
PID 12733 created thread for  TID: 13256
PID 12752 created thread for  TID: 13260
PID 12744 created thread for  TID: 13247
PID 12747 created thread for  TID: 13258
PID 12725 created thread for  TID: 13259
PID 12724 created thread for  TID: 13180
PID 12739 created thread for  TID: 13261
PID 12743 created thread for  TID: 13246
PID 12722 created thread for  TID: 13172
PID 12720 created thread for  TID: 13236
PID 12719 created thread for  TID: 13184
PID 12730 created thread for  TID: 13173
PID 12732 created thread for  TID: 13262
PID 12741 created thread for  TID: 13197
PID 12723 created thread for  TID: 13175
PID 12736 created thread for  TID: 13225
PID 12746 created thread for  TID: 13232
PID 12739 created thread for  TID: 13271
PID 12738 created thread for  TID: 13233
PID 12744 created thread for  TID: 13265
PID 12733 created thread for  TID: 13264
PID 12734 created thread for  TID: 13176
PID 12747 created thread for  TID: 13267
PID 12752 created thread for  TID: 13266
PID 12746 created thread for  TID: 13278
PID 12733 created thread for  TID: 13283
PID 12731 created thread for  TID: 13190
PID 12720 created thread for  TID: 13272
PID 12739 created thread for  TID: 13281
PID 12726 created thread for  TID: 13263
PID 12733 created thread for  TID: 13289
PID 12743 created thread for  TID: 13274
PID 12741 created thread for  TID: 13277
PID 12724 created thread for  TID: 13269
PID 12733 created thread for  TID: 13292
PID 12734 created thread for  TID: 13284
PID 12752 created thread for  TID: 13288
PID 12744 created thread for  TID: 13282
PID 12736 created thread for  TID: 13279
PID 12733 created thread for  TID: 13298
PID 12726 created thread for  TID: 13294
PID 12746 created thread for  TID: 13287
PID 12731 created thread for  TID: 13290
PID 12743 created thread for  TID: 13295
PID 12741 created thread for  TID: 13296
PID 12720 created thread for  TID: 13291
PID 12747 created thread for  TID: 13286
PID 12739 created thread for  TID: 13293
PID 12752 created thread for  TID: 13299
PID 12743 created thread for  TID: 13306
PID 12724 created thread for  TID: 13297
PID 12726 created thread for  TID: 13303
PID 12741 created thread for  TID: 13307
PID 12736 created thread for  TID: 13300
PID 12738 created thread for  TID: 13285
PID 12733 created thread for  TID: 13302
PID 12744 created thread for  TID: 13301
PID 12734 created thread for  TID: 13310
PID 12731 created thread for  TID: 13304
PID 12748 created thread for  TID: 13245
PID 12738 created thread for  TID: 13318
PID 12736 created thread for  TID: 13319
PID 12726 created thread for  TID: 13316
PID 12741 created thread for  TID: 13317
PID 12733 created thread for  TID: 13321
PID 12751 created thread for  TID: 13251
PID 12744 created thread for  TID: 13320
PID 12734 created thread for  TID: 13322
PID 12728 created thread for  TID: 13250
PID 12726 created thread for  TID: 13327
PID 12724 created thread for  TID: 13315
PID 12722 created thread for  TID: 13270
PID 12733 created thread for  TID: 13329
PID 12738 created thread for  TID: 13325
PID 12728 created thread for  TID: 13333
PID 12744 created thread for  TID: 13330
PID 12732 created thread for  TID: 13276
PID 12736 created thread for  TID: 13326
PID 12724 created thread for  TID: 13334
PID 12738 created thread for  TID: 13341
PID 12732 created thread for  TID: 13340
PID 12746 created thread for  TID: 13305
PID 12751 created thread for  TID: 13331
PID 12741 created thread for  TID: 13328
PID 12724 created thread for  TID: 13343
PID 12738 created thread for  TID: 13345
PID 12726 created thread for  TID: 13335
PID 12732 created thread for  TID: 13344
PID 12751 created thread for  TID: 13346
PID 12744 created thread for  TID: 13339
PID 12746 created thread for  TID: 13347
PID 12726 created thread for  TID: 13352
PID 12732 created thread for  TID: 13351
PID 12741 created thread for  TID: 13348
PID 12724 created thread for  TID: 13349
PID 12738 created thread for  TID: 13350
PID 12746 created thread for  TID: 13355
PID 12728 created thread for  TID: 13338
PID 12726 created thread for  TID: 13356
PID 12738 created thread for  TID: 13360
PID 12741 created thread for  TID: 13358
PID 12744 created thread for  TID: 13353
PID 12746 created thread for  TID: 13361
PID 12726 created thread for  TID: 13362
PID 12725 created thread for  TID: 13268
PID 12738 created thread for  TID: 13363
PID 12724 created thread for  TID: 13359
PID 12726 created thread for  TID: 13365
PID 12741 created thread for  TID: 13367
PID 12751 created thread for  TID: 13354
PID 12744 created thread for  TID: 13364
PID 12746 created thread for  TID: 13366
PID 12725 created thread for  TID: 13369
PID 12723 created thread for  TID: 13280
PID 12724 created thread for  TID: 13370
PID 12738 created thread for  TID: 13371
PID 12723 created thread for  TID: 13376
PID 12744 created thread for  TID: 13374
PID 12724 created thread for  TID: 13378
PID 12746 created thread for  TID: 13373
PID 12725 created thread for  TID: 13375
PID 12723 created thread for  TID: 13379
PID 12738 created thread for  TID: 13377
PID 12744 created thread for  TID: 13380
PID 12746 created thread for  TID: 13383
PID 12724 created thread for  TID: 13382
PID 12723 created thread for  TID: 13384
PID 12751 created thread for  TID: 13386
PID 12746 created thread for  TID: 13389
PID 12725 created thread for  TID: 13385
PID 12744 created thread for  TID: 13388
PID 12723 created thread for  TID: 13391
PID 12724 created thread for  TID: 13390
PID 12738 created thread for  TID: 13387
PID 12746 created thread for  TID: 13392
PID 12751 created thread for  TID: 13394
PID 12738 created thread for  TID: 13397
PID 12724 created thread for  TID: 13396
PID 12723 created thread for  TID: 13395
PID 12746 created thread for  TID: 13399
PID 12744 created thread for  TID: 13398
PID 12751 created thread for  TID: 13400
PID 12725 created thread for  TID: 13393
PID 12738 created thread for  TID: 13401
PID 12751 created thread for  TID: 13407
PID 12723 created thread for  TID: 13403
PID 12724 created thread for  TID: 13402
PID 12751 created thread for  TID: 13408
PID 12725 created thread for  TID: 13406
PID 12744 created thread for  TID: 13405
PID 12743 created thread for  TID: 13311
PID 12751 created thread for  TID: 13412
PID 12724 created thread for  TID: 13410
PID 12738 created thread for  TID: 13409
PID 12725 created thread for  TID: 13413
PID 12751 created thread for  TID: 13415
PID 12738 created thread for  TID: 13417
PID 12723 created thread for  TID: 13411
PID 12725 created thread for  TID: 13418
PID 12751 created thread for  TID: 13419
PID 12723 created thread for  TID: 13421
PID 12719 created thread for  TID: 13273
PID 12725 created thread for  TID: 13422
PID 12751 created thread for  TID: 13423
PID 12725 created thread for  TID: 13426
PID 12722 created thread for  TID: 13336
PID 12751 created thread for  TID: 13427
PID 12723 created thread for  TID: 13425
PID 12733 created thread for  TID: 13337
PID 12725 created thread for  TID: 13428
PID 12746 created thread for  TID: 13404
PID 12733 created thread for  TID: 13434
PID 12724 created thread for  TID: 13416
PID 12722 created thread for  TID: 13429
PID 12725 created thread for  TID: 13435
PID 12730 created thread for  TID: 13275
PID 12719 created thread for  TID: 13430
PID 12746 created thread for  TID: 13436
PID 12751 created thread for  TID: 13431
PID 12720 created thread for  TID: 13309
PID 12723 created thread for  TID: 13433
PID 12724 created thread for  TID: 13437
PID 12747 created thread for  TID: 13314
PID 12720 created thread for  TID: 13445
PID 12725 created thread for  TID: 13440
PID 12724 created thread for  TID: 13448
PID 12722 created thread for  TID: 13439
PID 12751 created thread for  TID: 13444
PID 12730 created thread for  TID: 13441
PID 12733 created thread for  TID: 13438
PID 12723 created thread for  TID: 13446
PID 12722 created thread for  TID: 13451
PID 12720 created thread for  TID: 13449
PID 12723 created thread for  TID: 13455
PID 12751 created thread for  TID: 13454
PID 12747 created thread for  TID: 13447
PID 12720 created thread for  TID: 13458
PID 12730 created thread for  TID: 13452
PID 12751 created thread for  TID: 13460
PID 12720 created thread for  TID: 13461
PID 12743 created thread for  TID: 13432
PID 12748 created thread for  TID: 13324
PID 12723 created thread for  TID: 13457
PID 12730 created thread for  TID: 13462
PID 12741 created thread for  TID: 13381
PID 12731 created thread for  TID: 13323
PID 12751 created thread for  TID: 13463
PID 12720 created thread for  TID: 13464
PID 12724 created thread for  TID: 13450
PID 12736 created thread for  TID: 13342
PID 12723 created thread for  TID: 13467
PID 12743 created thread for  TID: 13465
PID 12722 created thread for  TID: 13456
PID 12725 created thread for  TID: 13459
PID 12747 created thread for  TID: 13466
PID 12731 created thread for  TID: 13472
PID 12730 created thread for  TID: 13468
PID 12720 created thread for  TID: 13475
PID 12741 created thread for  TID: 13470
PID 12751 created thread for  TID: 13471
PID 12722 created thread for  TID: 13478
PID 12724 created thread for  TID: 13473
PID 12730 created thread for  TID: 13482
PID 12747 created thread for  TID: 13481
PID 12731 created thread for  TID: 13487
PID 12728 created thread for  TID: 13368
PID 12720 created thread for  TID: 13483
PID 12743 created thread for  TID: 13477
PID 12741 created thread for  TID: 13484
PID 12747 created thread for  TID: 13490
PID 12728 created thread for  TID: 13492
PID 12724 created thread for  TID: 13489
PID 12739 created thread for  TID: 13312
PID 12722 created thread for  TID: 13486
PID 12720 created thread for  TID: 13493
PID 12730 created thread for  TID: 13488
PID 12743 created thread for  TID: 13494
PID 12723 created thread for  TID: 13479
PID 12724 created thread for  TID: 13499
PID 12752 created thread for  TID: 13313
PID 12725 created thread for  TID: 13480
PID 12722 created thread for  TID: 13498
PID 12720 created thread for  TID: 13501
PID 12743 created thread for  TID: 13503
PID 12751 created thread for  TID: 13485
PID 12728 created thread for  TID: 13496
PID 12730 created thread for  TID: 13502
PID 12720 created thread for  TID: 13509
PID 12752 created thread for  TID: 13506
PID 12741 created thread for  TID: 13497
PID 12724 created thread for  TID: 13505
PID 12743 created thread for  TID: 13510
PID 12728 created thread for  TID: 13512
PID 12720 created thread for  TID: 13514
PID 12730 created thread for  TID: 13513
PID 12752 created thread for  TID: 13515
PID 12723 created thread for  TID: 13504
PID 12724 created thread for  TID: 13517
PID 12720 created thread for  TID: 13520
PID 12739 created thread for  TID: 13500
PID 12743 created thread for  TID: 13518
PID 12724 created thread for  TID: 13523
PID 12723 created thread for  TID: 13522
PID 12720 created thread for  TID: 13525
PID 12739 created thread for  TID: 13526
PID 12726 created thread for  TID: 13372
PID 12730 created thread for  TID: 13521
PID 12724 created thread for  TID: 13528
PID 12734 created thread for  TID: 13332
PID 12723 created thread for  TID: 13529
PID 12752 created thread for  TID: 13524
PID 12751 created thread for  TID: 13511
PID 12743 created thread for  TID: 13527
PID 12744 created thread for  TID: 13414
PID 12719 created thread for  TID: 13442
PID 12752 created thread for  TID: 13537
PID 12734 created thread for  TID: 13535
PID 12741 created thread for  TID: 13516
PID 12724 created thread for  TID: 13538
PID 12744 created thread for  TID: 13541
PID 12730 created thread for  TID: 13534
PID 12746 created thread for  TID: 13443
PID 12728 created thread for  TID: 13519
PID 12719 created thread for  TID: 13542
PID 12724 created thread for  TID: 13547
PID 12743 created thread for  TID: 13540
PID 12723 created thread for  TID: 13536
PID 12733 created thread for  TID: 13453
PID 12751 created thread for  TID: 13539
PID 12744 created thread for  TID: 13546
PID 12730 created thread for  TID: 13548
PID 12752 created thread for  TID: 13543
PID 12748 created thread for  TID: 13469
PID 12746 created thread for  TID: 13549
PID 12751 created thread for  TID: 13558
PID 12730 created thread for  TID: 13557
PID 12728 created thread for  TID: 13550
PID 12752 created thread for  TID: 13559
PID 12733 created thread for  TID: 13555
PID 12748 created thread for  TID: 13560
PID 12730 created thread for  TID: 13563
PID 12724 created thread for  TID: 13552
PID 12751 created thread for  TID: 13562
PID 12728 created thread for  TID: 13564
PID 12744 created thread for  TID: 13556
PID 12732 created thread for  TID: 13357
PID 12723 created thread for  TID: 13554
PID 12746 created thread for  TID: 13561
PID 12748 created thread for  TID: 13567
PID 12744 created thread for  TID: 13571
PID 12730 created thread for  TID: 13568
PID 12724 created thread for  TID: 13569
PID 12746 created thread for  TID: 13574
PID 12751 created thread for  TID: 13573
PID 12748 created thread for  TID: 13576
PID 12723 created thread for  TID: 13575
PID 12752 created thread for  TID: 13565
PID 12730 created thread for  TID: 13577
PID 12744 created thread for  TID: 13581
PID 12723 created thread for  TID: 13582
PID 12751 created thread for  TID: 13580
PID 12748 created thread for  TID: 13583
PID 12738 created thread for  TID: 13420
PID 12728 created thread for  TID: 13570
PID 12743 created thread for  TID: 13553
PID 12744 created thread for  TID: 13586
PID 12724 created thread for  TID: 13578
PID 12723 created thread for  TID: 13588
PID 12752 created thread for  TID: 13584
PID 12746 created thread for  TID: 13579
PID 12719 created thread for  TID: 13551
PID 12738 created thread for  TID: 13591
PID 12739 created thread for  TID: 13530
PID 12728 created thread for  TID: 13592
PID 12748 created thread for  TID: 13590
PID 12744 created thread for  TID: 13594
PID 12751 created thread for  TID: 13589
PID 12738 created thread for  TID: 13598
PID 12719 created thread for  TID: 13599
PID 12743 created thread for  TID: 13593
PID 12746 created thread for  TID: 13600
PID 12752 created thread for  TID: 13596
PID 12728 created thread for  TID: 13604
PID 12738 created thread for  TID: 13605
PID 12743 created thread for  TID: 13607
PID 12746 created thread for  TID: 13608
PID 12719 created thread for  TID: 13606
PID 12751 created thread for  TID: 13603
PID 12738 created thread for  TID: 13610
PID 12739 created thread for  TID: 13601
PID 12743 created thread for  TID: 13612
PID 12724 created thread for  TID: 13595
PID 12728 created thread for  TID: 13611
PID 12746 created thread for  TID: 13613
PID 12744 created thread for  TID: 13602
PID 12723 created thread for  TID: 13597
PID 12724 created thread for  TID: 13619
PID 12743 created thread for  TID: 13617
PID 12752 created thread for  TID: 13609
PID 12748 created thread for  TID: 13616
PID 12739 created thread for  TID: 13618
PID 12731 created thread for  TID: 13491
PID 12739 created thread for  TID: 13626
PID 12747 created thread for  TID: 13495
PID 12751 created thread for  TID: 13615
PID 12743 created thread for  TID: 13624
PID 12734 created thread for  TID: 13544
PID 12748 created thread for  TID: 13628
PID 12752 created thread for  TID: 13625
PID 12744 created thread for  TID: 13622
PID 12741 created thread for  TID: 13545
PID 12739 created thread for  TID: 13629
PID 12719 created thread for  TID: 13614
PID 12728 created thread for  TID: 13621
PID 12733 created thread for  TID: 13566
PID 12744 created thread for  TID: 13638
PID 12751 created thread for  TID: 13631
PID 12743 created thread for  TID: 13632
PID 12719 created thread for  TID: 13641
PID 12734 created thread for  TID: 13634
PID 12724 created thread for  TID: 13623
PID 12746 created thread for  TID: 13620
PID 12752 created thread for  TID: 13637
PID 12734 created thread for  TID: 13649
PID 12747 created thread for  TID: 13630
PID 12751 created thread for  TID: 13644
PID 12743 created thread for  TID: 13645
PID 12748 created thread for  TID: 13636
PID 12723 created thread for  TID: 13633
PID 12728 created thread for  TID: 13648
PID 12741 created thread for  TID: 13639
PID 12719 created thread for  TID: 13646
PID 12731 created thread for  TID: 13635
PID 12734 created thread for  TID: 13652
PID 12739 created thread for  TID: 13640
PID 12724 created thread for  TID: 13650
PID 12743 created thread for  TID: 13655
PID 12719 created thread for  TID: 13661
PID 12733 created thread for  TID: 13642
PID 12748 created thread for  TID: 13657
PID 12734 created thread for  TID: 13660
PID 12733 created thread for  TID: 13665
PID 12744 created thread for  TID: 13643
PID 12746 created thread for  TID: 13651
PID 12748 created thread for  TID: 13666
PID 12743 created thread for  TID: 13663
PID 12747 created thread for  TID: 13654
PID 12746 created thread for  TID: 13670
PID 12728 created thread for  TID: 13658
PID 12733 created thread for  TID: 13668
PID 12741 created thread for  TID: 13659
PID 12739 created thread for  TID: 13662
PID 12748 created thread for  TID: 13672
PID 12747 created thread for  TID: 13674
PID 12734 created thread for  TID: 13667
PID 12723 created thread for  TID: 13677
PID 12752 created thread for  TID: 13653
PID 12746 created thread for  TID: 13673
PID 12734 created thread for  TID: 13683
PID 12748 created thread for  TID: 13681
PID 12751 created thread for  TID: 13656
PID 12746 created thread for  TID: 13686
PID 12739 created thread for  TID: 13680
PID 12728 created thread for  TID: 13675
PID 12751 created thread for  TID: 13688
PID 12741 created thread for  TID: 13679
PID 12743 created thread for  TID: 13671
PID 12746 created thread for  TID: 13689
PID 12733 created thread for  TID: 13676
PID 12723 created thread for  TID: 13684
PID 12736 created thread for  TID: 13476
PID 12728 created thread for  TID: 13691
PID 12734 created thread for  TID: 13687
PID 12747 created thread for  TID: 13682
PID 12748 created thread for  TID: 13692
PID 12719 created thread for  TID: 13664
PID 12743 created thread for  TID: 13696
PID 12744 created thread for  TID: 13669
PID 12722 created thread for  TID: 13507
PID 12746 created thread for  TID: 13697
PID 12728 created thread for  TID: 13703
PID 12738 created thread for  TID: 13695
PID 12751 created thread for  TID: 13693
PID 12733 created thread for  TID: 13698
PID 12725 created thread for  TID: 13508
PID 12731 created thread for  TID: 13678
PID 12748 created thread for  TID: 13702
PID 12723 created thread for  TID: 13699
PID 12746 created thread for  TID: 13710
PID 12734 created thread for  TID: 13701
PID 12739 created thread for  TID: 13690
PID 12751 created thread for  TID: 13712
PID 12731 created thread for  TID: 13715
PID 12744 created thread for  TID: 13707
PID 12719 created thread for  TID: 13704
PID 12733 created thread for  TID: 13713
PID 12725 created thread for  TID: 13714
PID 12736 created thread for  TID: 13700
PID 12747 created thread for  TID: 13705
PID 12741 created thread for  TID: 13694
PID 12748 created thread for  TID: 13716
PID 12733 created thread for  TID: 13724
PID 12722 created thread for  TID: 13709
PID 12744 created thread for  TID: 13723
PID 12746 created thread for  TID: 13718
PID 12726 created thread for  TID: 13532
PID 12748 created thread for  TID: 13728
PID 12719 created thread for  TID: 13725
PID 12728 created thread for  TID: 13708
PID 12751 created thread for  TID: 13722
PID 12723 created thread for  TID: 13717
PID 12720 created thread for  TID: 13533
PID 12741 created thread for  TID: 13729
PID 12734 created thread for  TID: 13719
PID 12722 created thread for  TID: 13733
PID 12732 created thread for  TID: 13572
PID 12723 created thread for  TID: 13739
PID 12734 created thread for  TID: 13744
PID 12719 created thread for  TID: 13736
PID 12748 created thread for  TID: 13742
PID 12731 created thread for  TID: 13721
PID 12720 created thread for  TID: 13741
PID 12722 created thread for  TID: 13743
PID 12751 created thread for  TID: 13737
PID 12731 created thread for  TID: 13746
PID 12736 created thread for  TID: 13727
PID 12720 created thread for  TID: 13750
PID 12733 created thread for  TID: 13730
PID 12719 created thread for  TID: 13749
PID 12731 created thread for  TID: 13752
PID 12723 created thread for  TID: 13748
PID 12748 created thread for  TID: 13751
PID 12752 created thread for  TID: 13685
PID 12730 created thread for  TID: 13585
PID 12734 created thread for  TID: 13747
PID 12733 created thread for  TID: 13754
PID 12720 created thread for  TID: 13756
PID 12725 created thread for  TID: 13726
PID 12736 created thread for  TID: 13755
PID 12744 created thread for  TID: 13732
PID 12723 created thread for  TID: 13761
PID 12748 created thread for  TID: 13759
PID 12752 created thread for  TID: 13760
PID 12747 created thread for  TID: 13731
PID 12743 created thread for  TID: 13706
PID 12751 created thread for  TID: 13753
PID 12725 created thread for  TID: 13766
PID 12720 created thread for  TID: 13765
PID 12748 created thread for  TID: 13768
PID 12738 created thread for  TID: 13711
PID 12744 created thread for  TID: 13767
PID 12736 created thread for  TID: 13771
PID 12752 created thread for  TID: 13770
PID 12739 created thread for  TID: 13720
PID 12725 created thread for  TID: 13772
PID 12723 created thread for  TID: 13769
PID 12720 created thread for  TID: 13773
PID 12733 created thread for  TID: 13762
PID 12748 created thread for  TID: 13775
PID 12738 created thread for  TID: 13774
PID 12741 created thread for  TID: 13740
PID 12752 created thread for  TID: 13778
PID 12736 created thread for  TID: 13777
PID 12725 created thread for  TID: 13779
PID 12731 created thread for  TID: 13758
PID 12743 created thread for  TID: 13780
PID 12734 created thread for  TID: 13764
PID 12741 created thread for  TID: 13788
PID 12743 created thread for  TID: 13792
PID 12732 created thread for  TID: 13745
PID 12746 created thread for  TID: 13735
PID 12731 created thread for  TID: 13795
PID 12719 created thread for  TID: 13757
PID 12730 created thread for  TID: 13763
PID 12726 created thread for  TID: 13734
PID 12728 created thread for  TID: 13738
PID 12725 created thread for  TID: 13791
PID 12734 created thread for  TID: 13796
PID 12751 created thread for  TID: 13782
PID 12723 created thread for  TID: 13781
PID 12733 created thread for  TID: 13783
PID 12719 created thread for  TID: 13799
PID 12744 created thread for  TID: 13776
PID 12732 created thread for  TID: 13798
PID 12725 created thread for  TID: 13801
PID 12731 created thread for  TID: 13808
PID 12734 created thread for  TID: 13806
PID 12733 created thread for  TID: 13811
PID 12741 created thread for  TID: 13797
PID 12739 created thread for  TID: 13785
PID 12743 created thread for  TID: 13809
PID 12732 created thread for  TID: 13814
PID 12751 created thread for  TID: 13807
PID 12725 created thread for  TID: 13816
PID 12730 created thread for  TID: 13800
PID 12720 created thread for  TID: 13786
PID 12746 created thread for  TID: 13803
PID 12731 created thread for  TID: 13815
PID 12726 created thread for  TID: 13804
PID 12719 created thread for  TID: 13812
PID 12743 created thread for  TID: 13818
PID 12730 created thread for  TID: 13823
PID 12751 created thread for  TID: 13822
PID 12725 created thread for  TID: 13824
PID 12744 created thread for  TID: 13813
PID 12733 created thread for  TID: 13817
PID 12723 created thread for  TID: 13810
PID 12732 created thread for  TID: 13819
PID 12743 created thread for  TID: 13831
PID 12739 created thread for  TID: 13820
PID 12747 created thread for  TID: 13784
PID 12744 created thread for  TID: 13833
PID 12734 created thread for  TID: 13827
PID 12746 created thread for  TID: 13828
PID 12732 created thread for  TID: 13836
PID 12741 created thread for  TID: 13821
PID 12723 created thread for  TID: 13838
PID 12730 created thread for  TID: 13839
PID 12751 created thread for  TID: 13832
PID 12741 created thread for  TID: 13845
PID 12719 created thread for  TID: 13830
PID 12748 created thread for  TID: 13787
PID 12739 created thread for  TID: 13840
PID 12723 created thread for  TID: 13847
PID 12733 created thread for  TID: 13834
PID 12752 created thread for  TID: 13789
PID 12730 created thread for  TID: 13848
PID 12747 created thread for  TID: 13841
PID 12751 created thread for  TID: 13849
PID 12746 created thread for  TID: 13846
PID 12736 created thread for  TID: 13790
PID 12732 created thread for  TID: 13844
PID 12744 created thread for  TID: 13842
PID 12731 created thread for  TID: 13826
PID 12738 created thread for  TID: 13793
PID 12748 created thread for  TID: 13851
PID 12752 created thread for  TID: 13856
PID 12730 created thread for  TID: 13858
PID 12734 created thread for  TID: 13843
PID 12751 created thread for  TID: 13862
PID 12719 created thread for  TID: 13852
PID 12739 created thread for  TID: 13853
PID 12733 created thread for  TID: 13855
PID 12741 created thread for  TID: 13850
PID 12744 created thread for  TID: 13863
PID 12722 created thread for  TID: 13794
PID 12732 created thread for  TID: 13861
PID 12730 created thread for  TID: 13868
PID 12726 created thread for  TID: 13829
PID 12739 created thread for  TID: 13872
PID 12734 created thread for  TID: 13869
PID 12719 created thread for  TID: 13871
PID 12728 created thread for  TID: 13802
PID 12738 created thread for  TID: 13867
PID 12732 created thread for  TID: 13879
PID 12722 created thread for  TID: 13875
PID 12733 created thread for  TID: 13873
PID 12730 created thread for  TID: 13880
PID 12752 created thread for  TID: 13866
PID 12739 created thread for  TID: 13877
PID 12744 created thread for  TID: 13876
PID 12751 created thread for  TID: 13870
PID 12725 created thread for  TID: 13835
PID 12722 created thread for  TID: 13886
PID 12720 created thread for  TID: 13825
PID 12738 created thread for  TID: 13884
PID 12734 created thread for  TID: 13881
PID 12732 created thread for  TID: 13885
PID 12743 created thread for  TID: 13837
PID 12722 created thread for  TID: 13894
PID 12736 created thread for  TID: 13860
PID 12733 created thread for  TID: 13887
PID 12726 created thread for  TID: 13878
PID 12723 created thread for  TID: 13854
PID 12744 created thread for  TID: 13891
PID 12730 created thread for  TID: 13888
PID 12719 created thread for  TID: 13883
PID 12728 created thread for  TID: 13882
PID 12720 created thread for  TID: 13895
PID 12746 created thread for  TID: 13859
PID 12722 created thread for  TID: 13899
PID 12734 created thread for  TID: 13897
PID 12738 created thread for  TID: 13896
PID 12752 created thread for  TID: 13889
PID 12719 created thread for  TID: 13906
PID 12733 created thread for  TID: 13902
PID 12725 created thread for  TID: 13893
PID 12744 created thread for  TID: 13908
PID 12731 created thread for  TID: 13864
PID 12726 created thread for  TID: 13903
PID 12736 created thread for  TID: 13901
PID 12722 created thread for  TID: 13911
PID 12743 created thread for  TID: 13898
PID 12725 created thread for  TID: 13917
PID 12720 created thread for  TID: 13909
PID 12734 created thread for  TID: 13912
PID 12732 created thread for  TID: 13900
PID 12733 created thread for  TID: 13916
PID 12728 created thread for  TID: 13907
PID 12743 created thread for  TID: 13923
PID 12738 created thread for  TID: 13914
PID 12752 created thread for  TID: 13913
PID 12746 created thread for  TID: 13910
PID 12722 created thread for  TID: 13922
PID 12744 created thread for  TID: 13919
PID 12732 created thread for  TID: 13926
PID 12726 created thread for  TID: 13920
PID 12736 created thread for  TID: 13921
PID 12731 created thread for  TID: 13918
PID 12722 created thread for  TID: 13933
PID 12728 created thread for  TID: 13928
PID 12743 created thread for  TID: 13929
PID 12738 created thread for  TID: 13930
PID 12733 created thread for  TID: 13927
PID 12734 created thread for  TID: 13925
PID 12732 created thread for  TID: 13935
PID 12752 created thread for  TID: 13931
PID 12728 created thread for  TID: 13941
PID 12726 created thread for  TID: 13937
PID 12746 created thread for  TID: 13932
PID 12722 created thread for  TID: 13940
PID 12725 created thread for  TID: 13924
PID 12731 created thread for  TID: 13939
PID 12744 created thread for  TID: 13934
PID 12736 created thread for  TID: 13936
PID 12738 created thread for  TID: 13942
PID 12734 created thread for  TID: 13945
PID 12720 created thread for  TID: 13938
PID 12731 created thread for  TID: 13953
PID 12725 created thread for  TID: 13952
PID 12743 created thread for  TID: 13943
PID 12728 created thread for  TID: 13947
PID 12726 created thread for  TID: 13949
PID 12733 created thread for  TID: 13944
PID 12752 created thread for  TID: 13948
PID 12722 created thread for  TID: 13950
PID 12731 created thread for  TID: 13958
PID 12744 created thread for  TID: 13954
PID 12746 created thread for  TID: 13951
PID 12720 created thread for  TID: 13959
PID 12736 created thread for  TID: 13955
PID 12733 created thread for  TID: 13964
PID 12743 created thread for  TID: 13960
PID 12734 created thread for  TID: 13957
PID 12725 created thread for  TID: 13961
PID 12738 created thread for  TID: 13956
PID 12726 created thread for  TID: 13962
PID 12732 created thread for  TID: 13946
PID 12731 created thread for  TID: 13967
PID 12722 created thread for  TID: 13966
PID 12728 created thread for  TID: 13963
PID 12752 created thread for  TID: 13965
PID 12731 created thread for  TID: 13977
PID 12726 created thread for  TID: 13976
PID 12738 created thread for  TID: 13978
PID 12744 created thread for  TID: 13968
PID 12746 created thread for  TID: 13969
PID 12736 created thread for  TID: 13971
PID 12743 created thread for  TID: 13972
PID 12733 created thread for  TID: 13973
PID 12726 created thread for  TID: 13984
PID 12734 created thread for  TID: 13974
PID 12732 created thread for  TID: 13980
PID 12752 created thread for  TID: 13982
PID 12722 created thread for  TID: 13979
PID 12720 created thread for  TID: 13970
PID 12728 created thread for  TID: 13981
PID 12725 created thread for  TID: 13975
PID 12744 created thread for  TID: 13985
PID 12746 created thread for  TID: 13987
PID 12736 created thread for  TID: 13988
PID 12743 created thread for  TID: 13989
PID 12728 created thread for  TID: 13997
PID 12734 created thread for  TID: 13994
PID 12732 created thread for  TID: 13992
PID 12722 created thread for  TID: 13995
PID 12752 created thread for  TID: 13993
PID 12747 created thread for  TID: 13857
PID 12746 created thread for  TID: 13999
PID 12720 created thread for  TID: 13996
PID 12736 created thread for  TID: 13998
PID 12741 created thread for  TID: 13874
PID 12752 created thread for  TID: 14003
PID 12739 created thread for  TID: 13890
PID 12738 created thread for  TID: 13986
PID 12734 created thread for  TID: 14004
PID 12751 created thread for  TID: 13892
PID 12748 created thread for  TID: 13865
PID 12747 created thread for  TID: 14005
PID 12746 created thread for  TID: 14007
PID 12722 created thread for  TID: 14002
PID 12720 created thread for  TID: 14008
PID 12734 created thread for  TID: 14018
PID 12743 created thread for  TID: 14006
PID 12744 created thread for  TID: 14000
PID 12736 created thread for  TID: 14009
PID 12723 created thread for  TID: 13904
PID 12739 created thread for  TID: 14014
PID 12751 created thread for  TID: 14016
PID 12741 created thread for  TID: 14011
PID 12738 created thread for  TID: 14015
PID 12722 created thread for  TID: 14021
PID 12732 created thread for  TID: 14001
PID 12725 created thread for  TID: 14012
PID 12734 created thread for  TID: 14023
PID 12752 created thread for  TID: 14013
PID 12733 created thread for  TID: 13990
PID 12741 created thread for  TID: 14028
PID 12747 created thread for  TID: 14020
PID 12734 created thread for  TID: 14035
PID 12722 created thread for  TID: 14032
PID 12723 created thread for  TID: 14026
PID 12732 created thread for  TID: 14033
PID 12739 created thread for  TID: 14027
PID 12738 created thread for  TID: 14031
PID 12741 created thread for  TID: 14037
PID 12736 created thread for  TID: 14025
PID 12722 created thread for  TID: 14040
PID 12733 created thread for  TID: 14041
PID 12732 created thread for  TID: 14044
PID 12752 created thread for  TID: 14036
PID 12741 created thread for  TID: 14047
PID 12733 created thread for  TID: 14050
PID 12723 created thread for  TID: 14042
PID 12739 created thread for  TID: 14045
PID 12738 created thread for  TID: 14046
PID 12736 created thread for  TID: 14048
PID 12752 created thread for  TID: 14052
PID 12722 created thread for  TID: 14049
PID 12731 created thread for  TID: 13983
PID 12723 created thread for  TID: 14055
PID 12734 created thread for  TID: 14043
PID 12732 created thread for  TID: 14051
PID 12741 created thread for  TID: 14053
PID 12736 created thread for  TID: 14057
PID 12723 created thread for  TID: 14062
PID 12739 created thread for  TID: 14056
PID 12747 created thread for  TID: 14039
PID 12734 created thread for  TID: 14063
PID 12732 created thread for  TID: 14065
PID 12731 created thread for  TID: 14061
PID 12741 created thread for  TID: 14064
PID 12736 created thread for  TID: 14066
PID 12747 created thread for  TID: 14069
PID 12739 created thread for  TID: 14068
PID 12723 created thread for  TID: 14067
PID 12752 created thread for  TID: 14060
PID 12731 created thread for  TID: 14072
PID 12726 created thread for  TID: 13991
PID 12747 created thread for  TID: 14075
PID 12741 created thread for  TID: 14074
PID 12736 created thread for  TID: 14073
PID 12720 created thread for  TID: 14022
PID 12723 created thread for  TID: 14077
PID 12741 created thread for  TID: 14081
PID 12734 created thread for  TID: 14070
PID 12720 created thread for  TID: 14082
PID 12752 created thread for  TID: 14078
PID 12732 created thread for  TID: 14071
PID 12723 created thread for  TID: 14085
PID 12741 created thread for  TID: 14086
PID 12731 created thread for  TID: 14079
PID 12734 created thread for  TID: 14087
PID 12725 created thread for  TID: 14034
PID 12723 created thread for  TID: 14090
PID 12739 created thread for  TID: 14076
PID 12741 created thread for  TID: 14091
PID 12734 created thread for  TID: 14094
PID 12731 created thread for  TID: 14092
PID 12732 created thread for  TID: 14093
PID 12739 created thread for  TID: 14097
PID 12741 created thread for  TID: 14098
PID 12725 created thread for  TID: 14095
PID 12720 created thread for  TID: 14088
PID 12739 created thread for  TID: 14102
PID 12734 created thread for  TID: 14099
PID 12723 created thread for  TID: 14096
PID 12752 created thread for  TID: 14089
PID 12741 created thread for  TID: 14103
PID 12751 created thread for  TID: 14029
PID 12725 created thread for  TID: 14104
PID 12731 created thread for  TID: 14100
PID 12733 created thread for  TID: 14054
PID 12723 created thread for  TID: 14109
PID 12732 created thread for  TID: 14101
PID 12725 created thread for  TID: 14111
PID 12741 created thread for  TID: 14112
PID 12743 created thread for  TID: 14030
PID 12731 created thread for  TID: 14110
PID 12725 created thread for  TID: 14116
PID 12733 created thread for  TID: 14113
PID 12752 created thread for  TID: 14108
PID 12720 created thread for  TID: 14105
PID 12732 created thread for  TID: 14115
PID 12733 created thread for  TID: 14121
PID 12752 created thread for  TID: 14120
PID 12725 created thread for  TID: 14119
PID 12734 created thread for  TID: 14107
PID 12733 created thread for  TID: 14123
PID 12752 created thread for  TID: 14124
PID 12720 created thread for  TID: 14122
PID 12731 created thread for  TID: 14118
PID 12732 created thread for  TID: 14125
PID 12752 created thread for  TID: 14128
PID 12733 created thread for  TID: 14129
PID 12739 created thread for  TID: 14106
PID 12734 created thread for  TID: 14127
PID 12725 created thread for  TID: 14126
PID 12741 created thread for  TID: 14117
PID 12733 created thread for  TID: 14134
PID 12752 created thread for  TID: 14133
PID 12734 created thread for  TID: 14136
PID 12731 created thread for  TID: 14130
PID 12739 created thread for  TID: 14135
PID 12741 created thread for  TID: 14138
PID 12734 created thread for  TID: 14140
PID 12725 created thread for  TID: 14137
PID 12732 created thread for  TID: 14132
PID 12733 created thread for  TID: 14139
PID 12731 created thread for  TID: 14142
PID 12752 created thread for  TID: 14141
PID 12732 created thread for  TID: 14146
PID 12741 created thread for  TID: 14147
PID 12731 created thread for  TID: 14149
PID 12734 created thread for  TID: 14144
PID 12739 created thread for  TID: 14143
PID 12733 created thread for  TID: 14148
PID 12741 created thread for  TID: 14151
PID 12734 created thread for  TID: 14154
PID 12725 created thread for  TID: 14145
PID 12731 created thread for  TID: 14152
PID 12739 created thread for  TID: 14155
PID 12752 created thread for  TID: 14153
PID 12733 created thread for  TID: 14156
PID 12719 created thread for  TID: 13915
PID 12741 created thread for  TID: 14157
PID 12731 created thread for  TID: 14159
PID 12752 created thread for  TID: 14160
PID 12733 created thread for  TID: 14161
PID 12752 created thread for  TID: 14164
PID 12732 created thread for  TID: 14150
PID 12731 created thread for  TID: 14163
PID 12741 created thread for  TID: 14162
PID 12739 created thread for  TID: 14167
PID 12752 created thread for  TID: 14168
PID 12751 created thread for  TID: 14169
PID 12743 created thread for  TID: 14172
PID 12741 created thread for  TID: 14173
PID 12731 created thread for  TID: 14171
PID 12747 created thread for  TID: 14084
PID 12732 created thread for  TID: 14170
PID 12741 created thread for  TID: 14179
PID 12725 created thread for  TID: 14166
PID 12728 created thread for  TID: 14010
PID 12722 created thread for  TID: 14059
PID 12733 created thread for  TID: 14165
PID 12719 created thread for  TID: 14182
PID 12747 created thread for  TID: 14181
PID 12723 created thread for  TID: 14114
PID 12741 created thread for  TID: 14184
PID 12731 created thread for  TID: 14180
PID 12743 created thread for  TID: 14178
PID 12738 created thread for  TID: 14058
PID 12723 created thread for  TID: 14190
PID 12728 created thread for  TID: 14186
PID 12732 created thread for  TID: 14183
PID 12747 created thread for  TID: 14191
PID 12736 created thread for  TID: 14083
PID 12722 created thread for  TID: 14187
PID 12739 created thread for  TID: 14175
PID 12747 created thread for  TID: 14199
PID 12728 created thread for  TID: 14197
PID 12725 created thread for  TID: 14185
PID 12751 created thread for  TID: 14177
PID 12738 created thread for  TID: 14195
PID 12731 created thread for  TID: 14193
PID 12752 created thread for  TID: 14176
PID 12747 created thread for  TID: 14203
PID 12730 created thread for  TID: 13905
PID 12732 created thread for  TID: 14198
PID 12741 created thread for  TID: 14192
PID 12731 created thread for  TID: 14206
PID 12751 created thread for  TID: 14207
PID 12723 created thread for  TID: 14196
PID 12725 created thread for  TID: 14205
PID 12739 created thread for  TID: 14201
PID 12730 created thread for  TID: 14210
PID 12728 created thread for  TID: 14204
PID 12732 created thread for  TID: 14212
PID 12752 created thread for  TID: 14208
PID 12738 created thread for  TID: 14211
PID 12748 created thread for  TID: 14017
PID 12722 created thread for  TID: 14200
PID 12731 created thread for  TID: 14214
PID 12747 created thread for  TID: 14209
PID 12743 created thread for  TID: 14194
PID 12730 created thread for  TID: 14218
PID 12736 created thread for  TID: 14202
PID 12747 created thread for  TID: 14225
PID 12732 created thread for  TID: 14220
PID 12725 created thread for  TID: 14217
PID 12752 created thread for  TID: 14222
PID 12741 created thread for  TID: 14213
PID 12723 created thread for  TID: 14216
PID 12728 created thread for  TID: 14219
PID 12732 created thread for  TID: 14230
PID 12751 created thread for  TID: 14215
PID 12722 created thread for  TID: 14227
PID 12728 created thread for  TID: 14237
PID 12748 created thread for  TID: 14233
PID 12730 created thread for  TID: 14231
PID 12723 created thread for  TID: 14236
PID 12732 created thread for  TID: 14238
PID 12731 created thread for  TID: 14224
PID 12738 created thread for  TID: 14223
PID 12747 created thread for  TID: 14229
PID 12751 created thread for  TID: 14240
PID 12722 created thread for  TID: 14239
PID 12736 created thread for  TID: 14228
PID 12743 created thread for  TID: 14226
PID 12748 created thread for  TID: 14242
PID 12728 created thread for  TID: 14241
PID 12723 created thread for  TID: 14243
PID 12731 created thread for  TID: 14246
PID 12738 created thread for  TID: 14253
PID 12743 created thread for  TID: 14251
PID 12725 created thread for  TID: 14232
PID 12748 created thread for  TID: 14250
PID 12723 created thread for  TID: 14254
PID 12730 created thread for  TID: 14245
PID 12728 created thread for  TID: 14252
PID 12743 created thread for  TID: 14256
PID 12732 created thread for  TID: 14244
PID 12738 created thread for  TID: 14255
PID 12743 created thread for  TID: 14262
PID 12725 created thread for  TID: 14257
PID 12743 created thread for  TID: 14264
PID 12730 created thread for  TID: 14260
PID 12732 created thread for  TID: 14263
PID 12744 created thread for  TID: 14024
PID 12723 created thread for  TID: 14259
PID 12743 created thread for  TID: 14267
PID 12741 created thread for  TID: 14235
PID 12722 created thread for  TID: 14270
PID 12738 created thread for  TID: 14265
PID 12751 created thread for  TID: 14248
PID 12743 created thread for  TID: 14272
PID 12741 created thread for  TID: 14273
PID 12725 created thread for  TID: 14266
PID 12736 created thread for  TID: 14249
PID 12730 created thread for  TID: 14268
PID 12728 created thread for  TID: 14261
PID 12747 created thread for  TID: 14247
PID 12738 created thread for  TID: 14275
PID 12752 created thread for  TID: 14234
PID 12730 created thread for  TID: 14280
PID 12722 created thread for  TID: 14274
PID 12733 created thread for  TID: 14188
PID 12743 created thread for  TID: 14276
PID 12736 created thread for  TID: 14279
PID 12744 created thread for  TID: 14284
PID 12723 created thread for  TID: 14271
PID 12751 created thread for  TID: 14285
PID 12726 created thread for  TID: 14080
PID 12732 created thread for  TID: 14269
PID 12728 created thread for  TID: 14281
PID 12730 created thread for  TID: 14288
PID 12734 created thread for  TID: 14158
PID 12747 created thread for  TID: 14283
PID 12738 created thread for  TID: 14282
PID 12722 created thread for  TID: 14287
PID 12736 created thread for  TID: 14291
PID 12720 created thread for  TID: 14131
PID 12728 created thread for  TID: 14296
PID 12741 created thread for  TID: 14277
PID 12752 created thread for  TID: 14286
PID 12733 created thread for  TID: 14289
PID 12736 created thread for  TID: 14303
PID 12726 created thread for  TID: 14295
PID 12719 created thread for  TID: 14189
PID 12725 created thread for  TID: 14278
PID 12734 created thread for  TID: 14299
PID 12728 created thread for  TID: 14305
PID 12720 created thread for  TID: 14304
PID 12743 created thread for  TID: 14290
PID 12741 created thread for  TID: 14306
PID 12733 created thread for  TID: 14307
PID 12730 created thread for  TID: 14298
PID 12738 created thread for  TID: 14300
PID 12752 created thread for  TID: 14308
PID 12741 created thread for  TID: 14315
PID 12744 created thread for  TID: 14293
PID 12722 created thread for  TID: 14301
PID 12733 created thread for  TID: 14316
PID 12732 created thread for  TID: 14297
PID 12720 created thread for  TID: 14313
PID 12723 created thread for  TID: 14294
PID 12752 created thread for  TID: 14320
PID 12733 created thread for  TID: 14321
PID 12728 created thread for  TID: 14319
PID 12738 created thread for  TID: 14317
PID 12725 created thread for  TID: 14310
PID 12752 created thread for  TID: 14328
PID 12720 created thread for  TID: 14326
PID 12730 created thread for  TID: 14318
PID 12751 created thread for  TID: 14292
PID 12734 created thread for  TID: 14327
PID 12752 created thread for  TID: 14333
PID 12747 created thread for  TID: 14302
PID 12720 created thread for  TID: 14335
PID 12738 created thread for  TID: 14330
PID 12736 created thread for  TID: 14311
PID 12725 created thread for  TID: 14332
PID 12730 created thread for  TID: 14336
PID 12744 created thread for  TID: 14322
PID 12752 created thread for  TID: 14337
PID 12720 created thread for  TID: 14339
PID 12722 created thread for  TID: 14323
PID 12730 created thread for  TID: 14343
PID 12747 created thread for  TID: 14338
PID 12728 created thread for  TID: 14331
PID 12719 created thread for  TID: 14312
PID 12720 created thread for  TID: 14346
PID 12744 created thread for  TID: 14344
PID 12743 created thread for  TID: 14314
PID 12734 created thread for  TID: 14345
PID 12741 created thread for  TID: 14324
PID 12720 created thread for  TID: 14351
PID 12722 created thread for  TID: 14347
PID 12725 created thread for  TID: 14342
PID 12726 created thread for  TID: 14309
PID 12720 created thread for  TID: 14356
PID 12738 created thread for  TID: 14340
PID 12741 created thread for  TID: 14355
PID 12743 created thread for  TID: 14354
PID 12720 created thread for  TID: 14358
PID 12722 created thread for  TID: 14357
PID 12736 created thread for  TID: 14341
PID 12722 created thread for  TID: 14363
PID 12720 created thread for  TID: 14365
PID 12744 created thread for  TID: 14352
PID 12722 created thread for  TID: 14366
PID 12730 created thread for  TID: 14348
PID 12741 created thread for  TID: 14361
PID 12719 created thread for  TID: 14367
PID 12744 created thread for  TID: 14369
PID 12747 created thread for  TID: 14349
PID 12720 created thread for  TID: 14368
PID 12736 created thread for  TID: 14364
PID 12722 created thread for  TID: 14371
PID 12744 created thread for  TID: 14374
PID 12741 created thread for  TID: 14372
PID 12733 created thread for  TID: 14329
PID 12744 created thread for  TID: 14379
PID 12720 created thread for  TID: 14377
PID 12736 created thread for  TID: 14375
PID 12743 created thread for  TID: 14362
PID 12722 created thread for  TID: 14378
PID 12741 created thread for  TID: 14380
PID 12738 created thread for  TID: 14360
PID 12725 created thread for  TID: 14376
PID 12744 created thread for  TID: 14381
PID 12722 created thread for  TID: 14385
PID 12730 created thread for  TID: 14373
PID 12726 created thread for  TID: 14359
PID 12738 created thread for  TID: 14389
PID 12720 created thread for  TID: 14387
PID 12736 created thread for  TID: 14382
PID 12725 created thread for  TID: 14392
PID 12743 created thread for  TID: 14383
PID 12738 created thread for  TID: 14395
PID 12719 created thread for  TID: 14388
PID 12730 created thread for  TID: 14393
PID 12744 created thread for  TID: 14391
PID 12733 created thread for  TID: 14384
PID 12722 created thread for  TID: 14390
PID 12720 created thread for  TID: 14396
PID 12741 created thread for  TID: 14386
PID 12728 created thread for  TID: 14350
PID 12730 created thread for  TID: 14401
PID 12736 created thread for  TID: 14402
PID 12733 created thread for  TID: 14404
PID 12738 created thread for  TID: 14399
PID 12719 created thread for  TID: 14400
PID 12726 created thread for  TID: 14394
PID 12736 created thread for  TID: 14410
PID 12730 created thread for  TID: 14409
PID 12728 created thread for  TID: 14408
PID 12744 created thread for  TID: 14403
PID 12734 created thread for  TID: 14353
PID 12743 created thread for  TID: 14398
PID 12719 created thread for  TID: 14413
PID 12738 created thread for  TID: 14412
PID 12741 created thread for  TID: 14407
PID 12725 created thread for  TID: 14397
PID 12722 created thread for  TID: 14406
PID 12736 created thread for  TID: 14415
PID 12728 created thread for  TID: 14417
PID 12743 created thread for  TID: 14419
PID 12720 created thread for  TID: 14405
PID 12730 created thread for  TID: 14416
PID 12741 created thread for  TID: 14423
PID 12733 created thread for  TID: 14411
PID 12734 created thread for  TID: 14418
PID 12728 created thread for  TID: 14424
PID 12719 created thread for  TID: 14420
PID 12738 created thread for  TID: 14421
PID 12720 created thread for  TID: 14426
PID 12746 created thread for  TID: 14019
PID 12725 created thread for  TID: 14422
PID 12734 created thread for  TID: 14429
PID 12739 created thread for  TID: 14221
PID 12736 created thread for  TID: 14425
PID 12730 created thread for  TID: 14427
PID 12738 created thread for  TID: 14432
PID 12748 created thread for  TID: 14258
PID 12741 created thread for  TID: 14428
PID 12733 created thread for  TID: 14434
PID 12736 created thread for  TID: 14442
PID 12725 created thread for  TID: 14438
PID 12743 created thread for  TID: 14436
PID 12741 created thread for  TID: 14446
PID 12730 created thread for  TID: 14441
PID 12726 created thread for  TID: 14414
PID 12744 created thread for  TID: 14440
PID 12743 created thread for  TID: 14450
PID 12732 created thread for  TID: 14325
PID 12730 created thread for  TID: 14451
PID 12746 created thread for  TID: 14437
PID 12732 created thread for  TID: 14453
PID 12743 created thread for  TID: 14454
PID 12741 created thread for  TID: 14449
PID 12725 created thread for  TID: 14448
PID 12734 created thread for  TID: 14439
PID 12743 created thread for  TID: 14458
PID 12730 created thread for  TID: 14455
PID 12736 created thread for  TID: 14447
PID 12738 created thread for  TID: 14443
PID 12746 created thread for  TID: 14456
PID 12730 created thread for  TID: 14463
PID 12743 created thread for  TID: 14461
PID 12730 created thread for  TID: 14465
PID 12726 created thread for  TID: 14452
PID 12730 created thread for  TID: 14466
PID 12748 created thread for  TID: 14444
PID 12733 created thread for  TID: 14445
PID 12722 created thread for  TID: 14431
PID 12734 created thread for  TID: 14462
PID 12738 created thread for  TID: 14471
PID 12741 created thread for  TID: 14460
PID 12725 created thread for  TID: 14459
PID 12719 created thread for  TID: 14433
PID 12730 created thread for  TID: 14472
PID 12748 created thread for  TID: 14473
PID 12736 created thread for  TID: 14470
PID 12725 created thread for  TID: 14479
PID 12748 created thread for  TID: 14482
PID 12728 created thread for  TID: 14430
PID 12730 created thread for  TID: 14481
PID 12746 created thread for  TID: 14464
PID 12748 created thread for  TID: 14485
PID 12736 created thread for  TID: 14483
PID 12719 created thread for  TID: 14480
PID 12730 created thread for  TID: 14487
PID 12734 created thread for  TID: 14475
PID 12748 created thread for  TID: 14489
PID 12725 created thread for  TID: 14484
PID 12719 created thread for  TID: 14490
PID 12730 created thread for  TID: 14491
PID 12734 created thread for  TID: 14492
PID 12746 created thread for  TID: 14488
PID 12719 created thread for  TID: 14494
PID 12748 created thread for  TID: 14493
PID 12728 created thread for  TID: 14486
PID 12719 created thread for  TID: 14498
PID 12730 created thread for  TID: 14496
PID 12732 created thread for  TID: 14457
PID 12719 created thread for  TID: 14500
PID 12730 created thread for  TID: 14501
PID 12748 created thread for  TID: 14499
PID 12738 created thread for  TID: 14477
PID 12719 created thread for  TID: 14502
PID 12730 created thread for  TID: 14503
PID 12746 created thread for  TID: 14497
PID 12748 created thread for  TID: 14505
PID 12722 created thread for  TID: 14476
PID 12719 created thread for  TID: 14506
PID 12730 created thread for  TID: 14508
PID 12748 created thread for  TID: 14509
PID 12746 created thread for  TID: 14510
PID 12719 created thread for  TID: 14511
PID 12741 created thread for  TID: 14478
PID 12748 created thread for  TID: 14513
PID 12719 created thread for  TID: 14515
PID 12738 created thread for  TID: 14507
PID 12725 created thread for  TID: 14495
PID 12748 created thread for  TID: 14517
PID 12719 created thread for  TID: 14518
PID 12746 created thread for  TID: 14514
PID 12722 created thread for  TID: 14512
PID 12741 created thread for  TID: 14516
PID 12719 created thread for  TID: 14522
PID 12738 created thread for  TID: 14519
PID 12725 created thread for  TID: 14520
PID 12748 created thread for  TID: 14521
PID 12719 created thread for  TID: 14526
PID 12746 created thread for  TID: 14523
PID 12722 created thread for  TID: 14524
PID 12741 created thread for  TID: 14525
PID 12719 created thread for  TID: 14530
PID 12738 created thread for  TID: 14527
PID 12725 created thread for  TID: 14528
PID 12748 created thread for  TID: 14529
PID 12722 created thread for  TID: 14532
PID 12719 created thread for  TID: 14534
PID 12746 created thread for  TID: 14531
PID 12741 created thread for  TID: 14533
PID 12722 created thread for  TID: 14538
PID 12725 created thread for  TID: 14537
PID 12719 created thread for  TID: 14539
PID 12748 created thread for  TID: 14536
PID 12738 created thread for  TID: 14535
PID 12722 created thread for  TID: 14542
PID 12725 created thread for  TID: 14543
PID 12719 created thread for  TID: 14544
PID 12741 created thread for  TID: 14540
PID 12746 created thread for  TID: 14541
PID 12722 created thread for  TID: 14547
PID 12725 created thread for  TID: 14548
PID 12719 created thread for  TID: 14549
PID 12748 created thread for  TID: 14545
PID 12738 created thread for  TID: 14546
PID 12722 created thread for  TID: 14552
PID 12725 created thread for  TID: 14554
PID 12719 created thread for  TID: 14553
PID 12741 created thread for  TID: 14550
PID 12746 created thread for  TID: 14551
PID 12720 created thread for  TID: 14435
PID 12748 created thread for  TID: 14555
PID 12747 created thread for  TID: 14557
PID 12719 created thread for  TID: 14560
PID 12738 created thread for  TID: 14556
PID 12739 created thread for  TID: 14467
PID 12741 created thread for  TID: 14558
PID 12722 created thread for  TID: 14559
PID 12746 created thread for  TID: 14561
PID 12719 created thread for  TID: 14566
PID 12739 created thread for  TID: 14567
PID 12748 created thread for  TID: 14563
PID 12747 created thread for  TID: 14564
PID 12738 created thread for  TID: 14565
PID 12720 created thread for  TID: 14562
PID 12739 created thread for  TID: 14571
PID 12741 created thread for  TID: 14568
PID 12722 created thread for  TID: 14569
PID 12746 created thread for  TID: 14570
PID 12747 created thread for  TID: 14574
PID 12748 created thread for  TID: 14573
PID 12719 created thread for  TID: 14572
PID 12739 created thread for  TID: 14578
PID 12738 created thread for  TID: 14575
PID 12722 created thread for  TID: 14579
PID 12741 created thread for  TID: 14577
PID 12747 created thread for  TID: 14582
PID 12720 created thread for  TID: 14576
PID 12739 created thread for  TID: 14584
PID 12748 created thread for  TID: 14581
PID 12746 created thread for  TID: 14580
PID 12722 created thread for  TID: 14587
PID 12747 created thread for  TID: 14589
PID 12719 created thread for  TID: 14583
PID 12739 created thread for  TID: 14590
PID 12741 created thread for  TID: 14585
PID 12738 created thread for  TID: 14586
PID 12722 created thread for  TID: 14593
PID 12720 created thread for  TID: 14588
PID 12747 created thread for  TID: 14595
PID 12748 created thread for  TID: 14591
PID 12739 created thread for  TID: 14596
PID 12746 created thread for  TID: 14592
PID 12722 created thread for  TID: 14599
PID 12747 created thread for  TID: 14601
PID 12741 created thread for  TID: 14597
PID 12739 created thread for  TID: 14602
PID 12748 created thread for  TID: 14600
PID 12722 created thread for  TID: 14603
PID 12739 created thread for  TID: 14605
PID 12747 created thread for  TID: 14606
PID 12738 created thread for  TID: 14598
PID 12739 created thread for  TID: 14607
PID 12722 created thread for  TID: 14608
PID 12747 created thread for  TID: 14609
PID 12738 created thread for  TID: 14610
PID 12739 created thread for  TID: 14611
PID 12722 created thread for  TID: 14612
PID 12741 created thread for  TID: 14604
PID 12747 created thread for  TID: 14613
PID 12738 created thread for  TID: 14614
PID 12739 created thread for  TID: 14615
PID 12741 created thread for  TID: 14616
PID 12726 created thread for  TID: 14469
PID 12722 created thread for  TID: 14617
PID 12747 created thread for  TID: 14618
PID 12738 created thread for  TID: 14619
PID 12741 created thread for  TID: 14621
PID 12739 created thread for  TID: 14620
PID 12747 created thread for  TID: 14623
PID 12722 created thread for  TID: 14622
PID 12738 created thread for  TID: 14624
PID 12739 created thread for  TID: 14625
PID 12747 created thread for  TID: 14626
PID 12738 created thread for  TID: 14627
PID 12739 created thread for  TID: 14628
PID 12747 created thread for  TID: 14629
PID 12739 created thread for  TID: 14630
PID 12719 created thread for  TID: 14594
PID 12747 created thread for  TID: 14631
PID 12739 created thread for  TID: 14632
PID 12747 created thread for  TID: 14633
PID 12733 created thread for  TID: 14474
PID 12719 created thread for  TID: 14634
PID 12739 created thread for  TID: 14635
PID 12747 created thread for  TID: 14636
PID 12733 created thread for  TID: 14637
PID 12719 created thread for  TID: 14638
PID 12726 created thread for  TID: 14639
PID 12739 created thread for  TID: 14640
PID 12747 created thread for  TID: 14641
PID 12733 created thread for  TID: 14642
PID 12719 created thread for  TID: 14643
PID 12726 created thread for  TID: 14644
PID 12747 created thread for  TID: 14645
PID 12739 created thread for  TID: 14646
PID 12719 created thread for  TID: 14647
PID 12733 created thread for  TID: 14648
PID 12739 created thread for  TID: 14649
PID 12747 created thread for  TID: 14650
PID 12747 created thread for  TID: 14652
PID 12739 created thread for  TID: 14651
PID 12747 created thread for  TID: 14654
PID 12739 created thread for  TID: 14655
PID 12726 created thread for  TID: 14656
PID 12747 created thread for  TID: 14657
PID 12726 created thread for  TID: 14658
PID 12732 created thread for  TID: 14504
PID 12747 created thread for  TID: 14659
PID 12726 created thread for  TID: 14660
PID 12732 created thread for  TID: 14661
PID 12747 created thread for  TID: 14662
PID 12726 created thread for  TID: 14663
PID 12732 created thread for  TID: 14665
PID 12726 created thread for  TID: 14667
PID 12747 created thread for  TID: 14666
PID 12732 created thread for  TID: 14668
PID 12747 created thread for  TID: 14669
PID 12726 created thread for  TID: 14670
PID 12732 created thread for  TID: 14671
PID 12726 created thread for  TID: 14672
PID 12747 created thread for  TID: 14673
PID 12732 created thread for  TID: 14674
PID 12726 created thread for  TID: 14675
PID 12747 created thread for  TID: 14676
PID 12732 created thread for  TID: 14677
PID 12726 created thread for  TID: 14679
PID 12747 created thread for  TID: 14680
PID 12732 created thread for  TID: 14681
PID 12726 created thread for  TID: 14682
PID 12747 created thread for  TID: 14683
PID 12732 created thread for  TID: 14684
PID 12726 created thread for  TID: 14685
PID 12747 created thread for  TID: 14686
PID 12732 created thread for  TID: 14687
PID 12726 created thread for  TID: 14688
PID 12747 created thread for  TID: 14689
PID 12732 created thread for  TID: 14690
PID 12726 created thread for  TID: 14691
PID 12747 created thread for  TID: 14693
PID 12732 created thread for  TID: 14692
PID 12726 created thread for  TID: 14694
PID 12747 created thread for  TID: 14696
PID 12732 created thread for  TID: 14697
PID 12726 created thread for  TID: 14698
PID 12732 created thread for  TID: 14699
PID 12726 created thread for  TID: 14700
PID 12732 created thread for  TID: 14701
PID 12726 created thread for  TID: 14702
PID 12732 created thread for  TID: 14703
PID 12726 created thread for  TID: 14704
PID 12732 created thread for  TID: 14705
PID 12726 created thread for  TID: 14706
PID 12732 created thread for  TID: 14707
PID 12726 created thread for  TID: 14708
PID 12732 created thread for  TID: 14709
PID 12726 created thread for  TID: 14710
PID 12726 created thread for  TID: 14711
PID 12726 created thread for  TID: 14712
PID 12726 created thread for  TID: 14713
PID 12726 created thread for  TID: 14714
PID 12726 created thread for  TID: 14715
PID 12726 created thread for  TID: 14716
PID 12726 created thread for  TID: 14717
PID 12726 created thread for  TID: 14718
PID 12726 created thread for  TID: 14719
PID 12726 created thread for  TID: 14720
PID 12726 created thread for  TID: 14721
PID 12726 created thread for  TID: 14722
PID 12726 created thread for  TID: 14723
